<?xml version="1.0" encoding="UTF-8"?>
<!-- Generated by org.testng.reporters.JUnitReportReporter -->
<testsuite skipped="0" hostname="LTUS43208" name="com.nbcd.Test.TCGlobalHomePage_Global_Showhome_Page" tests="1" failures="0" timestamp="07 Dec 2017 21:16:34 GMT" time="69.663" errors="0">
  <testcase name="Global_Showhome_Page" time="69.663" classname="com.nbcd.Test.TCGlobalHomePage_Global_Showhome_Page"/>
</testsuite> <!-- com.nbcd.Test.TCGlobalHomePage_Global_Showhome_Page -->
