<?xml version="1.0" encoding="UTF-8"?>
<!-- Generated by org.testng.reporters.JUnitReportReporter -->
<testsuite skipped="0" hostname="EC2AMAZ-SFN1RDI" name="com.nbcd.Test.TCSeachPage_identityVerify_search_no_result_2893" tests="1" failures="0" timestamp="11 Apr 2018 05:25:04 GMT" time="26.924" errors="0">
  <testcase name="identityVerify_search_no_result_2893" time="26.924" classname="com.nbcd.Test.TCSeachPage_identityVerify_search_no_result_2893"/>
</testsuite> <!-- com.nbcd.Test.TCSeachPage_identityVerify_search_no_result_2893 -->
