<?xml version="1.0" encoding="UTF-8"?>
<!-- Generated by org.testng.reporters.JUnitReportReporter -->
<testsuite skipped="0" hostname="EC2AMAZ-SFN1RDI" name="com.nbcd.Test.TCSearchLiveVerify_key_short_form" tests="1" failures="0" timestamp="11 Apr 2018 05:25:05 GMT" time="20.994" errors="0">
  <testcase name="LiveVerify_key_short_form" time="20.994" classname="com.nbcd.Test.TCSearchLiveVerify_key_short_form"/>
</testsuite> <!-- com.nbcd.Test.TCSearchLiveVerify_key_short_form -->
