<?xml version="1.0" encoding="UTF-8"?>
<!-- Generated by org.testng.reporters.JUnitReportReporter -->
<testsuite skipped="0" hostname="AMB00966.local" name="com.nbcd.Test.TCAndroid_Vod_VerifylistofshowsmetadataEpisodecollectionshelf_NAF3374" tests="1" failures="0" timestamp="12 Jun 2018 13:03:03 GMT" time="339.748" errors="0">
  <testcase name="android_VerifylistofshowsmetadataEpisodecollectionshelf_NAF3374" time="339.748" classname="com.nbcd.Test.TCAndroid_Vod_VerifylistofshowsmetadataEpisodecollectionshelf_NAF3374"/>
</testsuite> <!-- com.nbcd.Test.TCAndroid_Vod_VerifylistofshowsmetadataEpisodecollectionshelf_NAF3374 -->
