<?xml version="1.0" encoding="UTF-8"?>
<!-- Generated by org.testng.reporters.JUnitReportReporter -->
<testsuite skipped="0" hostname="EC2AMAZ-SFN1RDI" name="com.nbcd.Test.TCShowHomePage_VerifyFeatureMosaicSection_NBCRESP_3688" tests="1" failures="0" timestamp="11 Apr 2018 05:25:03 GMT" time="10.876" errors="0">
  <testcase name="Verify_MosaicSection_3688" time="10.876" classname="com.nbcd.Test.TCShowHomePage_VerifyFeatureMosaicSection_NBCRESP_3688"/>
</testsuite> <!-- com.nbcd.Test.TCShowHomePage_VerifyFeatureMosaicSection_NBCRESP_3688 -->
