<?xml version="1.0" encoding="UTF-8"?>
<!-- Generated by org.testng.reporters.JUnitReportReporter -->
<testsuite skipped="0" hostname="EC2AMAZ-SFN1RDI" name="com.nbcd.Test.TCShowHomePage_043VerifyTwitterTags_DBB_3079" tests="1" failures="0" timestamp="11 Apr 2018 05:25:05 GMT" time="14.475" errors="0">
  <testcase name="TwitterTags" time="14.475" classname="com.nbcd.Test.TCShowHomePage_043VerifyTwitterTags_DBB_3079"/>
</testsuite> <!-- com.nbcd.Test.TCShowHomePage_043VerifyTwitterTags_DBB_3079 -->
