<?xml version="1.0" encoding="UTF-8"?>
<!-- Generated by org.testng.reporters.JUnitReportReporter -->
<testsuite skipped="0" hostname="EC2AMAZ-SFN1RDI" name="com.nbcd.Test.TCSearchAppsPageVerify_ReusableSearch_Bar_Promt_message" tests="1" failures="0" timestamp="11 Apr 2018 05:25:05 GMT" time="13.514" errors="0">
  <testcase name="AppsPageVerify_ReusableSearch_Bar_Promt_message" time="13.514" classname="com.nbcd.Test.TCSearchAppsPageVerify_ReusableSearch_Bar_Promt_message"/>
</testsuite> <!-- com.nbcd.Test.TCSearchAppsPageVerify_ReusableSearch_Bar_Promt_message -->
