<?xml version="1.0" encoding="UTF-8"?>
<!-- Generated by org.testng.reporters.JUnitReportReporter -->
<testsuite skipped="0" hostname="EC2AMAZ-SFN1RDI" name="com.nbcd.Test.TCAllVideosPage_Episodes_Sorted_NBCRESP_1438" tests="1" failures="0" timestamp="11 Apr 2018 05:25:05 GMT" time="12.686" errors="0">
  <testcase name="TCAllVideosPage_EpisodesSorted" time="12.686" classname="com.nbcd.Test.TCAllVideosPage_Episodes_Sorted_NBCRESP_1438"/>
</testsuite> <!-- com.nbcd.Test.TCAllVideosPage_Episodes_Sorted_NBCRESP_1438 -->
