<?xml version="1.0" encoding="UTF-8"?>
<!-- Generated by org.testng.reporters.JUnitReportReporter -->
<testsuite skipped="0" hostname="EC2AMAZ-SFN1RDI" name="com.nbcd.Test.TCGlobalHomePage_Verify_NBCRESP_6762" tests="1" failures="0" timestamp="11 Apr 2018 05:25:03 GMT" time="44.399" errors="0">
  <testcase name="TCVerify_NBCRESP_6762" time="44.399" classname="com.nbcd.Test.TCGlobalHomePage_Verify_NBCRESP_6762"/>
</testsuite> <!-- com.nbcd.Test.TCGlobalHomePage_Verify_NBCRESP_6762 -->
