<?xml version="1.0" encoding="UTF-8"?>
<!-- Generated by org.testng.reporters.JUnitReportReporter -->
<testsuite skipped="0" hostname="PC221585" name="com.nbcd.Test.TCShowHomePage_043VerifyFB_SNLTags" tests="1" failures="0" timestamp="06 Nov 2017 12:34:35 GMT" time="72.577" errors="0">
  <testcase name="FB_SNLTags" time="72.577" classname="com.nbcd.Test.TCShowHomePage_043VerifyFB_SNLTags"/>
</testsuite> <!-- com.nbcd.Test.TCShowHomePage_043VerifyFB_SNLTags -->
