<?xml version="1.0" encoding="UTF-8"?>
<!-- Generated by org.testng.reporters.JUnitReportReporter -->
<testsuite skipped="0" hostname="EC2AMAZ-SFN1RDI" name="com.nbcd.Test.TCSchedulePage_Verify_Schedule_Page_Watch_Live_Show_NBCRESP_1956" tests="1" failures="0" timestamp="11 Apr 2018 05:25:05 GMT" time="12.971" errors="0">
  <testcase name="TCSchedulePage_Verify_Schedule_Page_Watch_LiveShow" time="12.971" classname="com.nbcd.Test.TCSchedulePage_Verify_Schedule_Page_Watch_Live_Show_NBCRESP_1956"/>
</testsuite> <!-- com.nbcd.Test.TCSchedulePage_Verify_Schedule_Page_Watch_Live_Show_NBCRESP_1956 -->
