<?xml version="1.0" encoding="UTF-8"?>
<!-- Generated by org.testng.reporters.JUnitReportReporter -->
<testsuite skipped="0" hostname="EC2AMAZ-SFN1RDI" name="com.nbcd.Test.TCSearchAppsPageReusableVerify_User_inputs_search_query" tests="1" failures="0" timestamp="11 Apr 2018 05:25:04 GMT" time="22.785" errors="0">
  <testcase name="AppsPageReusableVerify_User_inputs_search_query" time="22.785" classname="com.nbcd.Test.TCSearchAppsPageReusableVerify_User_inputs_search_query"/>
</testsuite> <!-- com.nbcd.Test.TCSearchAppsPageReusableVerify_User_inputs_search_query -->
