<?xml version="1.0" encoding="UTF-8"?>
<!-- Generated by org.testng.reporters.JUnitReportReporter -->
<testsuite skipped="0" hostname="EC2AMAZ-SFN1RDI" name="com.nbcd.Test.TCShowVideoDetailPage_Mobile_DBB_3100" tests="1" failures="0" timestamp="10 Apr 2018 13:52:33 GMT" time="115.517" errors="0">
  <testcase name="Mobile_Verify_DBB_3100" time="115.517" classname="com.nbcd.Test.TCShowVideoDetailPage_Mobile_DBB_3100"/>
</testsuite> <!-- com.nbcd.Test.TCShowVideoDetailPage_Mobile_DBB_3100 -->
