<?xml version="1.0" encoding="UTF-8"?>
<!-- Generated by org.testng.reporters.JUnitReportReporter -->
<testsuite skipped="0" hostname="EC2AMAZ-SFN1RDI" name="com.nbcd.Test.TCSearchAppsPageReusableVerify_Show_areas_details" tests="1" failures="0" timestamp="11 Apr 2018 05:25:04 GMT" time="22.647" errors="0">
  <testcase name="AppsPageReusableVerify_Show_areas_details" time="22.647" classname="com.nbcd.Test.TCSearchAppsPageReusableVerify_Show_areas_details"/>
</testsuite> <!-- com.nbcd.Test.TCSearchAppsPageReusableVerify_Show_areas_details -->
