<?xml version="1.0" encoding="UTF-8"?>
<!-- Generated by org.testng.reporters.JUnitReportReporter -->
<testsuite skipped="0" hostname="EC2AMAZ-SFN1RDI" name="com.nbcd.Test.TCSearchReusable_VideoDetailpageVerify_search_no_result_latest_3_shows" tests="1" failures="0" timestamp="11 Apr 2018 05:25:04 GMT" time="34.622" errors="0">
  <testcase name="VideoDetailpageVerify_search_no_result_latest_3_shows" time="34.622" classname="com.nbcd.Test.TCSearchReusable_VideoDetailpageVerify_search_no_result_latest_3_shows"/>
</testsuite> <!-- com.nbcd.Test.TCSearchReusable_VideoDetailpageVerify_search_no_result_latest_3_shows -->
