<?xml version="1.0" encoding="UTF-8"?>
<!-- Generated by org.testng.reporters.JUnitReportReporter -->
<testsuite skipped="0" hostname="LTUS43208" name="com.nbcd.Test.TCLivePage_VerifyFullListViewLayOut" tests="1" failures="0" timestamp="04 Dec 2017 21:00:59 GMT" time="91.473" errors="0">
  <testcase name="VerifyFullListViewLayOut" time="91.473" classname="com.nbcd.Test.TCLivePage_VerifyFullListViewLayOut"/>
</testsuite> <!-- com.nbcd.Test.TCLivePage_VerifyFullListViewLayOut -->
