<?xml version="1.0" encoding="UTF-8"?>
<!-- Generated by org.testng.reporters.JUnitReportReporter -->
<testsuite skipped="0" hostname="LTUS34293" name="com.nbcd.Test.TCAndroid_vod_MoreEpisodesTray_TABLETONLY_NAF3533" tests="1" failures="0" timestamp="02 Jun 2018 07:14:43 GMT" time="320.915" errors="0">
  <testcase name="android_VerifyMoreEpisodesTrayinAndroidTablet" time="320.915" classname="com.nbcd.Test.TCAndroid_vod_MoreEpisodesTray_TABLETONLY_NAF3533"/>
</testsuite> <!-- com.nbcd.Test.TCAndroid_vod_MoreEpisodesTray_TABLETONLY_NAF3533 -->
