<?xml version="1.0" encoding="UTF-8"?>
<!-- Generated by org.testng.reporters.JUnitReportReporter -->
<testsuite skipped="0" hostname="EC2AMAZ-SFN1RDI" name="com.nbcd.Test.TCShowVideoDetailPage_Mobile_Verify_NBCRESP_2232" tests="1" failures="0" timestamp="10 Apr 2018 13:52:32 GMT" time="84.105" errors="0">
  <testcase name="Mobile_Verify_NBCRESP_2232" time="84.105" classname="com.nbcd.Test.TCShowVideoDetailPage_Mobile_Verify_NBCRESP_2232"/>
</testsuite> <!-- com.nbcd.Test.TCShowVideoDetailPage_Mobile_Verify_NBCRESP_2232 -->
