<?xml version="1.0" encoding="UTF-8"?>
<!-- Generated by org.testng.reporters.JUnitReportReporter -->
<testsuite skipped="0" hostname="EC2AMAZ-SFN1RDI" name="com.nbcd.Test.TCSearchPage_IdentifyVerify_SearchforEpisode" tests="1" failures="0" timestamp="11 Apr 2018 05:25:04 GMT" time="20.664" errors="0">
  <testcase name="Identity_behaviourabilities" time="20.664" classname="com.nbcd.Test.TCSearchPage_IdentifyVerify_SearchforEpisode"/>
</testsuite> <!-- com.nbcd.Test.TCSearchPage_IdentifyVerify_SearchforEpisode -->
