<?xml version="1.0" encoding="UTF-8"?>
<!-- Generated by org.testng.reporters.JUnitReportReporter -->
<testsuite skipped="0" hostname="LTUS43208" name="com.nbcd.Test.TCActivationPage_VerifyInvalidAndValidData" tests="1" failures="0" timestamp="04 Dec 2017 21:00:59 GMT" time="18.239" errors="0">
  <testcase name="VerifyInvalidAndValidData" time="18.239" classname="com.nbcd.Test.TCActivationPage_VerifyInvalidAndValidData"/>
</testsuite> <!-- com.nbcd.Test.TCActivationPage_VerifyInvalidAndValidData -->
