<?xml version="1.0" encoding="UTF-8"?>
<!-- Generated by org.testng.reporters.JUnitReportReporter -->
<testsuite skipped="0" hostname="LTUS43208" name="com.nbcd.Test.TCSchedulePage_VerifySEO" tests="1" failures="0" timestamp="04 Dec 2017 21:00:59 GMT" time="19.330" errors="0">
  <testcase name="VerifySEOmetatags" time="19.330" classname="com.nbcd.Test.TCSchedulePage_VerifySEO"/>
</testsuite> <!-- com.nbcd.Test.TCSchedulePage_VerifySEO -->
