<?xml version="1.0" encoding="UTF-8"?>
<!-- Generated by org.testng.reporters.JUnitReportReporter -->
<testsuite skipped="0" hostname="EC2AMAZ-SFN1RDI" name="com.nbcd.Test.TCSearchEpisodespageVerify_search_returns_1_result" tests="1" failures="0" timestamp="11 Apr 2018 05:25:05 GMT" time="22.817" errors="0">
  <testcase name="EpisodespageVerify_search_returns_1_result" time="22.817" classname="com.nbcd.Test.TCSearchEpisodespageVerify_search_returns_1_result"/>
</testsuite> <!-- com.nbcd.Test.TCSearchEpisodespageVerify_search_returns_1_result -->
