<?xml version="1.0" encoding="UTF-8"?>
<!-- Generated by org.testng.reporters.JUnitReportReporter -->
<testsuite skipped="0" hostname="LTUS43208" name="com.nbcd.Test.TCCreditLandingPage_Verify_Credit_Role_As_Character" tests="1" failures="0" timestamp="04 Dec 2017 21:00:59 GMT" time="27.981" errors="0">
  <testcase name="TCCreditLandingPage_Verify_Credit_Role_Character" time="27.981" classname="com.nbcd.Test.TCCreditLandingPage_Verify_Credit_Role_As_Character"/>
</testsuite> <!-- com.nbcd.Test.TCCreditLandingPage_Verify_Credit_Role_As_Character -->
