<?xml version="1.0" encoding="UTF-8"?>
<!-- Generated by org.testng.reporters.JUnitReportReporter -->
<testsuite skipped="0" hostname="EC2AMAZ-SFN1RDI" name="com.nbcd.Test.TCTSJFGuestDetailPage_Mobile_VerifyDirectionalArrows_NBCRESP_4109" tests="1" failures="0" timestamp="10 Apr 2018 13:52:33 GMT" time="153.141" errors="0">
  <testcase name="Mobile_VerifyDirectionalArrows_NBCRESP_4109" time="153.141" classname="com.nbcd.Test.TCTSJFGuestDetailPage_Mobile_VerifyDirectionalArrows_NBCRESP_4109"/>
</testsuite> <!-- com.nbcd.Test.TCTSJFGuestDetailPage_Mobile_VerifyDirectionalArrows_NBCRESP_4109 -->
