<?xml version="1.0" encoding="UTF-8"?>
<!-- Generated by org.testng.reporters.JUnitReportReporter -->
<testsuite skipped="0" hostname="EC2AMAZ-SFN1RDI" name="com.nbcd.Test.TCSearchReusable_GlobalHomepageVerify_ReusableSearch_Bar_Promt_message" tests="1" failures="0" timestamp="11 Apr 2018 05:25:03 GMT" time="9.346" errors="0">
  <testcase name="GlobalHomepageVerify_ReusableSearch_Bar_Promt_message" time="9.346" classname="com.nbcd.Test.TCSearchReusable_GlobalHomepageVerify_ReusableSearch_Bar_Promt_message"/>
</testsuite> <!-- com.nbcd.Test.TCSearchReusable_GlobalHomepageVerify_ReusableSearch_Bar_Promt_message -->
