<?xml version="1.0" encoding="UTF-8"?>
<!-- Generated by org.testng.reporters.JUnitReportReporter -->
<testsuite skipped="0" hostname="EC2AMAZ-SFN1RDI" name="com.nbcd.Test.TCScalableSweeps_Desktop_Copychangesigninsweeps6034" tests="1" failures="0" timestamp="11 Apr 2018 05:25:04 GMT" time="110.727" errors="0">
  <testcase name="Copychangesigninsweeps6034" time="110.727" classname="com.nbcd.Test.TCScalableSweeps_Desktop_Copychangesigninsweeps6034"/>
</testsuite> <!-- com.nbcd.Test.TCScalableSweeps_Desktop_Copychangesigninsweeps6034 -->
