<?xml version="1.0" encoding="UTF-8"?>
<!-- Generated by org.testng.reporters.JUnitReportReporter -->
<testsuite skipped="0" hostname="EC2AMAZ-SFN1RDI" name="com.nbcd.Test.TCSearchReusable_GlobalHomepageVerify_Behavior_Criteria_Episode" tests="1" failures="0" timestamp="11 Apr 2018 05:25:04 GMT" time="21.763" errors="0">
  <testcase name="GlobalHomepageVerify_Behavior_Criteria_Episode" time="21.763" classname="com.nbcd.Test.TCSearchReusable_GlobalHomepageVerify_Behavior_Criteria_Episode"/>
</testsuite> <!-- com.nbcd.Test.TCSearchReusable_GlobalHomepageVerify_Behavior_Criteria_Episode -->
