<?xml version="1.0" encoding="UTF-8"?>
<!-- Generated by org.testng.reporters.JUnitReportReporter -->
<testsuite skipped="0" hostname="EC2AMAZ-SFN1RDI" name="com.nbcd.Test.TCScalableSweeps_Desktop_Closedmessage3266" tests="1" failures="0" timestamp="11 Apr 2018 05:25:05 GMT" time="34.574" errors="0">
  <testcase name="TCScalableSweeps_Desktop_Closedmessage3266" time="34.574" classname="com.nbcd.Test.TCScalableSweeps_Desktop_Closedmessage3266"/>
</testsuite> <!-- com.nbcd.Test.TCScalableSweeps_Desktop_Closedmessage3266 -->
