<?xml version="1.0" encoding="UTF-8"?>
<!-- Generated by org.testng.reporters.JUnitReportReporter -->
<testsuite skipped="0" hostname="LTUS43208" name="com.nbcd.Test.TCLivePage_VerifyFullListViewLayOutVOD" tests="1" failures="0" timestamp="04 Dec 2017 21:00:59 GMT" time="92.938" errors="0">
  <testcase name="VerifyFullListViewLayOutVOD" time="92.938" classname="com.nbcd.Test.TCLivePage_VerifyFullListViewLayOutVOD"/>
</testsuite> <!-- com.nbcd.Test.TCLivePage_VerifyFullListViewLayOutVOD -->
