<?xml version="1.0" encoding="UTF-8"?>
<!-- Generated by org.testng.reporters.JUnitReportReporter -->
<testsuite skipped="0" hostname="EC2AMAZ-SFN1RDI" name="com.nbcd.Test.TCTSJFGuestDetailPage_Verify_Directional_Arrows_NBCRESP_4109" tests="1" failures="0" timestamp="11 Apr 2018 05:25:04 GMT" time="69.521" errors="0">
  <testcase name="Verify_Directional_Arrows" time="69.521" classname="com.nbcd.Test.TCTSJFGuestDetailPage_Verify_Directional_Arrows_NBCRESP_4109"/>
</testsuite> <!-- com.nbcd.Test.TCTSJFGuestDetailPage_Verify_Directional_Arrows_NBCRESP_4109 -->
