<?xml version="1.0" encoding="UTF-8"?>
<!-- Generated by org.testng.reporters.JUnitReportReporter -->
<testsuite skipped="0" hostname="EC2AMAZ-SFN1RDI" name="com.nbcd.Test.TCSearchScheduleVerify_key_short_form" tests="1" failures="0" timestamp="11 Apr 2018 05:25:05 GMT" time="9.359" errors="0">
  <testcase name="ScheduleVerify_key_short_form" time="9.359" classname="com.nbcd.Test.TCSearchScheduleVerify_key_short_form"/>
</testsuite> <!-- com.nbcd.Test.TCSearchScheduleVerify_key_short_form -->
