<?xml version="1.0" encoding="UTF-8"?>
<!-- Generated by org.testng.reporters.JUnitReportReporter -->
<testsuite skipped="0" hostname="EC2AMAZ-SFN1RDI" name="com.nbcd.Test.TCIdentity_Verify_NBCRESP_4564" tests="1" failures="0" timestamp="11 Apr 2018 05:25:04 GMT" time="6.054" errors="0">
  <testcase name="VerifyIdentityDropdown_4564" time="6.054" classname="com.nbcd.Test.TCIdentity_Verify_NBCRESP_4564"/>
</testsuite> <!-- com.nbcd.Test.TCIdentity_Verify_NBCRESP_4564 -->
