<?xml version="1.0" encoding="UTF-8"?>
<!-- Generated by org.testng.reporters.JUnitReportReporter -->
<testsuite skipped="0" hostname="LTUS43208" name="com.nbcd.Test.TCShowVideoDetailPage_VerifyEarliestairdatetolatestairdate" tests="1" failures="0" timestamp="04 Dec 2017 21:00:59 GMT" time="27.865" errors="0">
  <testcase name="VerifyEarliestairdatetolatestairdate" time="27.865" classname="com.nbcd.Test.TCShowVideoDetailPage_VerifyEarliestairdatetolatestairdate"/>
</testsuite> <!-- com.nbcd.Test.TCShowVideoDetailPage_VerifyEarliestairdatetolatestairdate -->
