<?xml version="1.0" encoding="UTF-8"?>
<!-- Generated by org.testng.reporters.JUnitReportReporter -->
<testsuite skipped="0" hostname="EC2AMAZ-SFN1RDI" name="com.nbcd.Test.TCScalableSweeps_Desktop_iframeboxsweeps_3239" tests="1" failures="0" timestamp="11 Apr 2018 05:25:04 GMT" time="60.232" errors="0">
  <testcase name="TCScalableSweeps_Mob_Confirmationmessage_sweeps3281" time="60.232" classname="com.nbcd.Test.TCScalableSweeps_Desktop_iframeboxsweeps_3239"/>
</testsuite> <!-- com.nbcd.Test.TCScalableSweeps_Desktop_iframeboxsweeps_3239 -->
