<?xml version="1.0" encoding="UTF-8"?>
<!-- Generated by org.testng.reporters.JUnitReportReporter -->
<testsuite skipped="0" hostname="EC2AMAZ-SFN1RDI" name="com.nbcd.Test.TCShowVideoDetailPage_verifyTwittertagvideo_NBCRESP_2003" tests="1" failures="0" timestamp="11 Apr 2018 05:25:04 GMT" time="27.612" errors="0">
  <testcase name="verifyTwittertagvideo_NBCRESP_2003" time="27.612" classname="com.nbcd.Test.TCShowVideoDetailPage_verifyTwittertagvideo_NBCRESP_2003"/>
</testsuite> <!-- com.nbcd.Test.TCShowVideoDetailPage_verifyTwittertagvideo_NBCRESP_2003 -->
