<?xml version="1.0" encoding="UTF-8"?>
<!-- Generated by org.testng.reporters.JUnitReportReporter -->
<testsuite skipped="0" hostname="AMB00966.local" name="com.nbcd.Test.TCAppShowVideoDetails_iOS_Verifymodalcloses_NIR_7231" tests="1" failures="0" timestamp="07 May 2018 11:27:17 GMT" time="245.626" errors="0">
  <testcase name="iOS_Verifymodalcloses_NIR_7231" time="245.626" classname="com.nbcd.Test.TCAppShowVideoDetails_iOS_Verifymodalcloses_NIR_7231"/>
</testsuite> <!-- com.nbcd.Test.TCAppShowVideoDetails_iOS_Verifymodalcloses_NIR_7231 -->
