<?xml version="1.0" encoding="UTF-8"?>
<!-- Generated by org.testng.reporters.JUnitReportReporter -->
<testsuite skipped="0" hostname="EC2AMAZ-SFN1RDI" name="com.nbcd.Test.TCSearchEpisodespageVerify_Search_Series_Shows" tests="1" failures="0" timestamp="11 Apr 2018 05:25:04 GMT" time="72.313" errors="0">
  <testcase name="EpisodespageVerify_Search_Series_Shows" time="72.313" classname="com.nbcd.Test.TCSearchEpisodespageVerify_Search_Series_Shows"/>
</testsuite> <!-- com.nbcd.Test.TCSearchEpisodespageVerify_Search_Series_Shows -->
