<?xml version="1.0" encoding="UTF-8"?>
<!-- Generated by org.testng.reporters.JUnitReportReporter -->
<testsuite skipped="0" hostname="EC2AMAZ-SFN1RDI" name="com.nbcd.Test.TCIdentity_Verify_NBCRESP_5108" tests="1" failures="0" timestamp="11 Apr 2018 05:25:04 GMT" time="83.329" errors="0">
  <testcase name="Verify_New" time="83.329" classname="com.nbcd.Test.TCIdentity_Verify_NBCRESP_5108"/>
</testsuite> <!-- com.nbcd.Test.TCIdentity_Verify_NBCRESP_5108 -->
