<?xml version="1.0" encoding="UTF-8"?>
<!-- Generated by org.testng.reporters.JUnitReportReporter -->
<testsuite skipped="0" hostname="EC2AMAZ-SFN1RDI" name="com.nbcd.Test.TCIdentity_verifyscreenaftersuccessfullogin_4531" tests="1" failures="0" timestamp="11 Apr 2018 05:25:03 GMT" time="50.884" errors="0">
  <testcase name="verifyscreenaftersuccessfullogin" time="50.884" classname="com.nbcd.Test.TCIdentity_verifyscreenaftersuccessfullogin_4531"/>
</testsuite> <!-- com.nbcd.Test.TCIdentity_verifyscreenaftersuccessfullogin_4531 -->
