<?xml version="1.0" encoding="UTF-8"?>
<!-- Generated by org.testng.reporters.JUnitReportReporter -->
<testsuite skipped="1" hostname="LTUS43208" name="com.nbcd.Test.TCPGAllShowsPage_VerifyAllShowPageFunctionality" tests="1" failures="0" timestamp="03 Dec 2017 23:23:43 GMT" time="0.000" errors="0">
  <testcase name="VerifyAllShowPageFunctionality" time="0.000" classname="com.nbcd.Test.TCPGAllShowsPage_VerifyAllShowPageFunctionality">
    <skipped/>
  </testcase> <!-- VerifyAllShowPageFunctionality -->
</testsuite> <!-- com.nbcd.Test.TCPGAllShowsPage_VerifyAllShowPageFunctionality -->
