<?xml version="1.0" encoding="UTF-8"?>
<!-- Generated by org.testng.reporters.JUnitReportReporter -->
<testsuite skipped="0" hostname="EC2AMAZ-SFN1RDI" name="com.nbcd.Test.TCSearchEpisodespageVerify_Behavior_Criteria_Episode" tests="1" failures="0" timestamp="11 Apr 2018 05:25:04 GMT" time="74.130" errors="0">
  <testcase name="EpisodespageVerify_Behavior_Criteria_Episode" time="74.130" classname="com.nbcd.Test.TCSearchEpisodespageVerify_Behavior_Criteria_Episode"/>
</testsuite> <!-- com.nbcd.Test.TCSearchEpisodespageVerify_Behavior_Criteria_Episode -->
