<?xml version="1.0" encoding="UTF-8"?>
<!-- Generated by org.testng.reporters.JUnitReportReporter -->
<testsuite skipped="0" hostname="EC2AMAZ-SFN1RDI" name="com.nbcd.Test.TCGlobalHomePage_GlobalShowhomePage_NBCRESP_19" tests="1" failures="0" timestamp="11 Apr 2018 05:25:05 GMT" time="23.581" errors="0">
  <testcase name="Global_Showhome_Page" time="23.581" classname="com.nbcd.Test.TCGlobalHomePage_GlobalShowhomePage_NBCRESP_19"/>
</testsuite> <!-- com.nbcd.Test.TCGlobalHomePage_GlobalShowhomePage_NBCRESP_19 -->
