<?xml version="1.0" encoding="UTF-8"?>
<!-- Generated by org.testng.reporters.JUnitReportReporter -->
<testsuite skipped="0" hostname="EC2AMAZ-SFN1RDI" name="com.nbcd.Test.TCGlobalHomePage_Verify2VideoSection_NBCRESP_1224" tests="1" failures="0" timestamp="11 Apr 2018 05:25:04 GMT" time="29.531" errors="0">
  <testcase name="Verify2VideoSection_NBCRESP_3582" time="29.531" classname="com.nbcd.Test.TCGlobalHomePage_Verify2VideoSection_NBCRESP_1224"/>
</testsuite> <!-- com.nbcd.Test.TCGlobalHomePage_Verify2VideoSection_NBCRESP_1224 -->
