<?xml version="1.0" encoding="UTF-8"?>
<!-- Generated by org.testng.reporters.JUnitReportReporter -->
<testsuite skipped="0" hostname="EC2AMAZ-SFN1RDI" name="com.nbcd.Test.TCGlobalHomePage_GlobalHomepage_apple_1012" tests="1" failures="0" timestamp="11 Apr 2018 05:25:04 GMT" time="12.296" errors="0">
  <testcase name="GlobalHomepage_apple_1012" time="12.296" classname="com.nbcd.Test.TCGlobalHomePage_GlobalHomepage_apple_1012"/>
</testsuite> <!-- com.nbcd.Test.TCGlobalHomePage_GlobalHomepage_apple_1012 -->
