<?xml version="1.0" encoding="UTF-8"?>
<!-- Generated by org.testng.reporters.JUnitReportReporter -->
<testsuite skipped="0" hostname="EC2AMAZ-SFN1RDI" name="com.nbcd.Test.TCContact_Mob_Pagelayout_1536" tests="1" failures="0" timestamp="10 Apr 2018 13:52:32 GMT" time="91.304" errors="0">
  <testcase name="Mob_Pagelayout_1536" time="91.304" classname="com.nbcd.Test.TCContact_Mob_Pagelayout_1536"/>
</testsuite> <!-- com.nbcd.Test.TCContact_Mob_Pagelayout_1536 -->
