<?xml version="1.0" encoding="UTF-8"?>
<!-- Generated by org.testng.reporters.JUnitReportReporter -->
<testsuite skipped="0" hostname="EC2AMAZ-SFN1RDI" name="com.nbcd.Test.TCScalableSweeps_Desktop_Branding_withLink3228" tests="1" failures="0" timestamp="11 Apr 2018 05:25:03 GMT" time="80.895" errors="0">
  <testcase name="Mob_Branding_withoutLink" time="80.895" classname="com.nbcd.Test.TCScalableSweeps_Desktop_Branding_withLink3228"/>
</testsuite> <!-- com.nbcd.Test.TCScalableSweeps_Desktop_Branding_withLink3228 -->
