<?xml version="1.0" encoding="UTF-8"?>
<!-- Generated by org.testng.reporters.JUnitReportReporter -->
<testsuite skipped="0" hostname="LT087158" name="com.nbcd.Test.TCAndroid_Identity_Verify_NBC_Profile_Signup_Facebook_NAF_4684" tests="1" failures="0" timestamp="05 Jun 2018 12:48:39 GMT" time="165.344" errors="0">
  <testcase name="android_Verify_NBCSignUP" time="165.344" classname="com.nbcd.Test.TCAndroid_Identity_Verify_NBC_Profile_Signup_Facebook_NAF_4684"/>
</testsuite> <!-- com.nbcd.Test.TCAndroid_Identity_Verify_NBC_Profile_Signup_Facebook_NAF_4684 -->
