<?xml version="1.0" encoding="UTF-8"?>
<!-- Generated by org.testng.reporters.JUnitReportReporter -->
<testsuite skipped="0" hostname="EC2AMAZ-SFN1RDI" name="com.nbcd.Test.TCIdentity_Signup_withoutmail" tests="1" failures="0" timestamp="11 Apr 2018 05:25:04 GMT" time="0.694" errors="0">
  <testcase name="Signup_withoutmail" time="0.694" classname="com.nbcd.Test.TCIdentity_Signup_withoutmail"/>
</testsuite> <!-- com.nbcd.Test.TCIdentity_Signup_withoutmail -->
