<?xml version="1.0" encoding="UTF-8"?>
<!-- Generated by org.testng.reporters.JUnitReportReporter -->
<testsuite skipped="0" hostname="EC2AMAZ-SFN1RDI" name="com.nbcd.Test.TCShowVideoDetailPage_NBCRESP_3796" tests="1" failures="0" timestamp="11 Apr 2018 05:25:04 GMT" time="19.366" errors="0">
  <testcase name="VerifyRelTag_3796" time="19.366" classname="com.nbcd.Test.TCShowVideoDetailPage_NBCRESP_3796"/>
</testsuite> <!-- com.nbcd.Test.TCShowVideoDetailPage_NBCRESP_3796 -->
