<?xml version="1.0" encoding="UTF-8"?>
<!-- Generated by org.testng.reporters.JUnitReportReporter -->
<testsuite skipped="0" hostname="EC2AMAZ-SFN1RDI" name="com.nbcd.Test.TCShowInnerEpisode_availablenav" tests="1" failures="0" timestamp="11 Apr 2018 05:25:04 GMT" time="12.304" errors="0">
  <testcase name="availablenav" time="12.304" classname="com.nbcd.Test.TCShowInnerEpisode_availablenav"/>
</testsuite> <!-- com.nbcd.Test.TCShowInnerEpisode_availablenav -->
