<?xml version="1.0" encoding="UTF-8"?>
<!-- Generated by org.testng.reporters.JUnitReportReporter -->
<testsuite skipped="0" hostname="PC221585" name="com.nbcd.Test.TCShowHomePage_043VerifyFBTags" tests="1" failures="0" timestamp="06 Nov 2017 12:34:35 GMT" time="65.651" errors="0">
  <testcase name="FBTags" time="65.651" classname="com.nbcd.Test.TCShowHomePage_043VerifyFBTags"/>
</testsuite> <!-- com.nbcd.Test.TCShowHomePage_043VerifyFBTags -->
