<?xml version="1.0" encoding="UTF-8"?>
<!-- Generated by org.testng.reporters.JUnitReportReporter -->
<testsuite skipped="0" hostname="EC2AMAZ-SFN1RDI" name="com.nbcd.Test.TCSeachPage_identityVerify_Search_by_cast_name_5630" tests="1" failures="0" timestamp="11 Apr 2018 05:25:04 GMT" time="26.830" errors="0">
  <testcase name="identityVerify_Search_by_cast_name" time="26.830" classname="com.nbcd.Test.TCSeachPage_identityVerify_Search_by_cast_name_5630"/>
</testsuite> <!-- com.nbcd.Test.TCSeachPage_identityVerify_Search_by_cast_name_5630 -->
