<?xml version="1.0" encoding="UTF-8"?>
<!-- Generated by org.testng.reporters.JUnitReportReporter -->
<testsuite skipped="0" hostname="LTUS43208" name="com.nbcd.Test.TCShowVideoDetailPage_VerifySNLEpisode" tests="1" failures="0" timestamp="04 Dec 2017 21:00:59 GMT" time="27.527" errors="0">
  <testcase name="VerifySNLEpisode" time="27.527" classname="com.nbcd.Test.TCShowVideoDetailPage_VerifySNLEpisode"/>
</testsuite> <!-- com.nbcd.Test.TCShowVideoDetailPage_VerifySNLEpisode -->
