<?xml version="1.0" encoding="UTF-8"?>
<!-- Generated by org.testng.reporters.JUnitReportReporter -->
<testsuite skipped="0" hostname="EC2AMAZ-SFN1RDI" name="com.nbcd.Test.TCSearchShowhomepageVerify_User_inputs_search_query" tests="1" failures="0" timestamp="11 Apr 2018 05:25:03 GMT" time="16.368" errors="0">
  <testcase name="ShowhomepageVerify_User_inputs_search_query" time="16.368" classname="com.nbcd.Test.TCSearchShowhomepageVerify_User_inputs_search_query"/>
</testsuite> <!-- com.nbcd.Test.TCSearchShowhomepageVerify_User_inputs_search_query -->
