<?xml version="1.0" encoding="UTF-8"?>
<!-- Generated by org.testng.reporters.JUnitReportReporter -->
<testsuite skipped="0" hostname="EC2AMAZ-SFN1RDI" name="com.nbcd.Test.TCBreakingNewsBar_NBCRESP_1791" tests="1" failures="0" timestamp="11 Apr 2018 05:25:05 GMT" time="17.002" errors="0">
  <testcase name="BreakingNewsbar" time="17.002" classname="com.nbcd.Test.TCBreakingNewsBar_NBCRESP_1791"/>
</testsuite> <!-- com.nbcd.Test.TCBreakingNewsBar_NBCRESP_1791 -->
