<?xml version="1.0" encoding="UTF-8"?>
<!-- Generated by org.testng.reporters.JUnitReportReporter -->
<testsuite skipped="0" hostname="EC2AMAZ-SFN1RDI" name="com.nbcd.Test.TCActivationPage_Mob_Verifysubmission_2598" tests="1" failures="0" timestamp="10 Apr 2018 13:52:32 GMT" time="64.884" errors="0">
  <testcase name="Mob_Verifysubmission_2598" time="64.884" classname="com.nbcd.Test.TCActivationPage_Mob_Verifysubmission_2598"/>
</testsuite> <!-- com.nbcd.Test.TCActivationPage_Mob_Verifysubmission_2598 -->
