<?xml version="1.0" encoding="UTF-8"?>
<!-- Generated by org.testng.reporters.JUnitReportReporter -->
<testsuite skipped="0" hostname="EC2AMAZ-SFN1RDI" name="com.nbcd.Test.TCShowVideoDetailPage_VerifyNowPlaying" tests="1" failures="0" timestamp="11 Apr 2018 05:25:04 GMT" time="120.974" errors="0">
  <testcase name="VerifyNowPlaying" time="120.974" classname="com.nbcd.Test.TCShowVideoDetailPage_VerifyNowPlaying"/>
</testsuite> <!-- com.nbcd.Test.TCShowVideoDetailPage_VerifyNowPlaying -->
