<?xml version="1.0" encoding="UTF-8"?>
<!-- Generated by org.testng.reporters.JUnitReportReporter -->
<testsuite skipped="0" hostname="AMB00966.local" name="com.nbcd.Test.TCGotoShowPage" tests="1" failures="0" timestamp="02 May 2018 06:46:07 GMT" time="323.743" errors="0">
  <testcase name="android_GoToShow" time="323.743" classname="com.nbcd.Test.TCGotoShowPage"/>
</testsuite> <!-- com.nbcd.Test.TCGotoShowPage -->
