<?xml version="1.0" encoding="UTF-8"?>
<!-- Generated by org.testng.reporters.JUnitReportReporter -->
<testsuite skipped="0" hostname="EC2AMAZ-SFN1RDI" name="com.nbcd.Test.TCShowVideoDetailPage_VerifySeasonsSortingforClassicVideos_3105" tests="1" failures="0" timestamp="11 Apr 2018 05:25:05 GMT" time="23.706" errors="0">
  <testcase name="VerifySeasonsSortingforClassicVideos" time="23.706" classname="com.nbcd.Test.TCShowVideoDetailPage_VerifySeasonsSortingforClassicVideos_3105"/>
</testsuite> <!-- com.nbcd.Test.TCShowVideoDetailPage_VerifySeasonsSortingforClassicVideos_3105 -->
