<?xml version="1.0" encoding="UTF-8"?>
<!-- Generated by org.testng.reporters.JUnitReportReporter -->
<testsuite skipped="0" hostname="LTUS43208" name="com.nbcd.Test.TCAllVideosPage_All_Videos_Landing_Page" tests="1" failures="0" timestamp="04 Dec 2017 21:00:58 GMT" time="21.851" errors="0">
  <testcase name="TCAllVideosPage_video_Landing_Page" time="21.851" classname="com.nbcd.Test.TCAllVideosPage_All_Videos_Landing_Page"/>
</testsuite> <!-- com.nbcd.Test.TCAllVideosPage_All_Videos_Landing_Page -->
