<?xml version="1.0" encoding="UTF-8"?>
<!-- Generated by org.testng.reporters.JUnitReportReporter -->
<testsuite skipped="0" hostname="EC2AMAZ-SFN1RDI" name="com.nbcd.Test.TCSearchShowhomepageVerify_Default_Title" tests="1" failures="0" timestamp="11 Apr 2018 05:25:04 GMT" time="13.336" errors="0">
  <testcase name="AppsPageReusableVerify_Default_Title" time="13.336" classname="com.nbcd.Test.TCSearchShowhomepageVerify_Default_Title"/>
</testsuite> <!-- com.nbcd.Test.TCSearchShowhomepageVerify_Default_Title -->
