<?xml version="1.0" encoding="UTF-8"?>
<!-- Generated by org.testng.reporters.JUnitReportReporter -->
<testsuite skipped="0" hostname="EC2AMAZ-SFN1RDI" name="com.nbcd.Test.TCGlobalHomePage_Mob_Verify2VideoSection_NBCRESP_1224" tests="1" failures="0" timestamp="10 Apr 2018 13:52:32 GMT" time="52.129" errors="0">
  <testcase name="Verify2VideoSection_NBCRESP_3582" time="52.129" classname="com.nbcd.Test.TCGlobalHomePage_Mob_Verify2VideoSection_NBCRESP_1224"/>
</testsuite> <!-- com.nbcd.Test.TCGlobalHomePage_Mob_Verify2VideoSection_NBCRESP_1224 -->
