<?xml version="1.0" encoding="UTF-8"?>
<!-- Generated by org.testng.reporters.JUnitReportReporter -->
<testsuite skipped="0" hostname="EC2AMAZ-SFN1RDI" name="com.nbcd.Test.TCTSJFGuestDetailPage_GuestDetailsArea_2242" tests="1" failures="0" timestamp="11 Apr 2018 05:25:04 GMT" time="12.071" errors="0">
  <testcase name="GuestDetailsArea_2242" time="12.071" classname="com.nbcd.Test.TCTSJFGuestDetailPage_GuestDetailsArea_2242"/>
</testsuite> <!-- com.nbcd.Test.TCTSJFGuestDetailPage_GuestDetailsArea_2242 -->
