<?xml version="1.0" encoding="UTF-8"?>
<!-- Generated by org.testng.reporters.JUnitReportReporter -->
<testsuite skipped="0" hostname="EC2AMAZ-SFN1RDI" name="com.nbcd.Test.TCShowVideoDetailPage_VerifySNLEpisode_2178" tests="1" failures="0" timestamp="11 Apr 2018 05:25:05 GMT" time="94.126" errors="0">
  <testcase name="VerifySNLEpisode_2178" time="94.126" classname="com.nbcd.Test.TCShowVideoDetailPage_VerifySNLEpisode_2178"/>
</testsuite> <!-- com.nbcd.Test.TCShowVideoDetailPage_VerifySNLEpisode_2178 -->
