<?xml version="1.0" encoding="UTF-8"?>
<!-- Generated by org.testng.reporters.JUnitReportReporter -->
<testsuite skipped="0" hostname="EC2AMAZ-SFN1RDI" name="com.nbcd.Test.TCVerify_identityWatchedBadge95_4306" tests="1" failures="0" timestamp="11 Apr 2018 05:25:04 GMT" time="201.178" errors="0">
  <testcase name="Verify_identityWatchedBadge95_2898" time="201.178" classname="com.nbcd.Test.TCVerify_identityWatchedBadge95_4306"/>
</testsuite> <!-- com.nbcd.Test.TCVerify_identityWatchedBadge95_4306 -->
