<?xml version="1.0" encoding="UTF-8"?>
<!-- Generated by org.testng.reporters.JUnitReportReporter -->
<testsuite skipped="0" hostname="EC2AMAZ-SFN1RDI" name="com.nbcd.Test.TCShowVideoDetailPage_VerifySchema_org_VideoCarousels_3685" tests="1" failures="0" timestamp="11 Apr 2018 05:25:05 GMT" time="65.102" errors="0">
  <testcase name="VerifySchema_org_VideoCarousels_3685" time="65.102" classname="com.nbcd.Test.TCShowVideoDetailPage_VerifySchema_org_VideoCarousels_3685"/>
</testsuite> <!-- com.nbcd.Test.TCShowVideoDetailPage_VerifySchema_org_VideoCarousels_3685 -->
