<?xml version="1.0" encoding="UTF-8"?>
<!-- Generated by org.testng.reporters.JUnitReportReporter -->
<testsuite skipped="0" hostname="EC2AMAZ-SFN1RDI" name="com.nbcd.Test.TCShowVideoDetailPage_Mobile_NBCRESP_3105" tests="1" failures="0" timestamp="10 Apr 2018 13:52:32 GMT" time="101.446" errors="0">
  <testcase name="Mobile_Verify_NBCRESP_3105" time="101.446" classname="com.nbcd.Test.TCShowVideoDetailPage_Mobile_NBCRESP_3105"/>
</testsuite> <!-- com.nbcd.Test.TCShowVideoDetailPage_Mobile_NBCRESP_3105 -->
