<?xml version="1.0" encoding="UTF-8"?>
<!-- Generated by org.testng.reporters.JUnitReportReporter -->
<testsuite skipped="0" hostname="LTUS43208" name="com.nbcd.Test.TCAllVideosPage_Metadata_Enhancements" tests="1" failures="0" timestamp="04 Dec 2017 21:00:59 GMT" time="20.350" errors="0">
  <testcase name="TCAllVideosPage_MetadataEnhancements" time="20.350" classname="com.nbcd.Test.TCAllVideosPage_Metadata_Enhancements"/>
</testsuite> <!-- com.nbcd.Test.TCAllVideosPage_Metadata_Enhancements -->
