<?xml version="1.0" encoding="UTF-8"?>
<!-- Generated by org.testng.reporters.JUnitReportReporter -->
<testsuite skipped="0" hostname="EC2AMAZ-SFN1RDI" name="com.nbcd.Test.TCShowVideoDetailPage_VerifyAuthKeyIcon_3097" tests="1" failures="0" timestamp="11 Apr 2018 05:25:05 GMT" time="34.593" errors="0">
  <testcase name="VerifyAuthKeyIcon_3097" time="34.593" classname="com.nbcd.Test.TCShowVideoDetailPage_VerifyAuthKeyIcon_3097"/>
</testsuite> <!-- com.nbcd.Test.TCShowVideoDetailPage_VerifyAuthKeyIcon_3097 -->
