<?xml version="1.0" encoding="UTF-8"?>
<!-- Generated by org.testng.reporters.JUnitReportReporter -->
<testsuite skipped="0" hostname="EC2AMAZ-SFN1RDI" name="com.nbcd.Test.TCShowInnerEpisode_Bannerad_NBCRESP_1063" tests="1" failures="0" timestamp="11 Apr 2018 05:25:03 GMT" time="7.905" errors="0">
  <testcase name="Bannerad_NBCRESP_1063" time="7.905" classname="com.nbcd.Test.TCShowInnerEpisode_Bannerad_NBCRESP_1063"/>
</testsuite> <!-- com.nbcd.Test.TCShowInnerEpisode_Bannerad_NBCRESP_1063 -->
