<?xml version="1.0" encoding="UTF-8"?>
<!-- Generated by org.testng.reporters.JUnitReportReporter -->
<testsuite skipped="0" hostname="LTUS34293" name="com.nbcd.Test.TCAndroid_ShowHomePage_VerifyAboutinShowHomePage_NAF_3358" tests="1" failures="0" timestamp="31 May 2018 00:39:59 GMT" time="152.315" errors="0">
  <testcase name="VerifyAboutinShowHomepage_NAF_3358" time="152.315" classname="com.nbcd.Test.TCAndroid_ShowHomePage_VerifyAboutinShowHomePage_NAF_3358"/>
</testsuite> <!-- com.nbcd.Test.TCAndroid_ShowHomePage_VerifyAboutinShowHomePage_NAF_3358 -->
