<?xml version="1.0" encoding="UTF-8"?>
<!-- Generated by org.testng.reporters.JUnitReportReporter -->
<testsuite skipped="0" hostname="EC2AMAZ-SFN1RDI" name="com.nbcd.Test.TCTSJFGuestDetailPage_Mobile_VerifGuestCarouselAreadisplayed_NBCRESP2230" tests="1" failures="0" timestamp="10 Apr 2018 13:52:32 GMT" time="236.917" errors="0">
  <testcase name="Mobile_VerifGuestCarouselAreadisplayed_NBCRESP2230" time="236.917" classname="com.nbcd.Test.TCTSJFGuestDetailPage_Mobile_VerifGuestCarouselAreadisplayed_NBCRESP2230"/>
</testsuite> <!-- com.nbcd.Test.TCTSJFGuestDetailPage_Mobile_VerifGuestCarouselAreadisplayed_NBCRESP2230 -->
