<?xml version="1.0" encoding="UTF-8"?>
<!-- Generated by org.testng.reporters.JUnitReportReporter -->
<testsuite skipped="0" hostname="LTUS43208" name="com.nbcd.Test.TCSearch_VerifySearchResults" tests="1" failures="0" timestamp="04 Dec 2017 21:00:59 GMT" time="43.226" errors="0">
  <testcase name="VerifySearchResults" time="43.226" classname="com.nbcd.Test.TCSearch_VerifySearchResults"/>
</testsuite> <!-- com.nbcd.Test.TCSearch_VerifySearchResults -->
