<?xml version="1.0" encoding="UTF-8"?>
<!-- Generated by org.testng.reporters.JUnitReportReporter -->
<testsuite skipped="1" hostname="LTUS43208" name="com.nbcd.Test.TCPGLivePage_VerifyAuthSuccessMsgMVPDNBCRESP_1754" tests="1" failures="0" timestamp="03 Dec 2017 23:23:43 GMT" time="0.000" errors="0">
  <testcase name="VerifyAuthSuccessMsgMVPDNBCRESP_1754" time="0.000" classname="com.nbcd.Test.TCPGLivePage_VerifyAuthSuccessMsgMVPDNBCRESP_1754">
    <skipped/>
  </testcase> <!-- VerifyAuthSuccessMsgMVPDNBCRESP_1754 -->
</testsuite> <!-- com.nbcd.Test.TCPGLivePage_VerifyAuthSuccessMsgMVPDNBCRESP_1754 -->
