<?xml version="1.0" encoding="UTF-8"?>
<!-- Generated by org.testng.reporters.JUnitReportReporter -->
<testsuite skipped="0" hostname="EC2AMAZ-SFN1RDI" name="com.nbcd.Test.TCLivePage_VerifyAuthIFrameLayOutDirectTV_2095" tests="1" failures="0" timestamp="11 Apr 2018 05:25:04 GMT" time="33.041" errors="0">
  <testcase name="VerifyAuthIFrameLayOutDirectTV" time="33.041" classname="com.nbcd.Test.TCLivePage_VerifyAuthIFrameLayOutDirectTV_2095"/>
</testsuite> <!-- com.nbcd.Test.TCLivePage_VerifyAuthIFrameLayOutDirectTV_2095 -->
