<?xml version="1.0" encoding="UTF-8"?>
<!-- Generated by org.testng.reporters.JUnitReportReporter -->
<testsuite skipped="0" hostname="LTUS43208" name="com.nbcd.Test.TCGlobalHomePage_BodyAd" tests="1" failures="0" timestamp="04 Dec 2017 21:00:59 GMT" time="10.851" errors="0">
  <testcase name="Global_BodyAd" time="10.851" classname="com.nbcd.Test.TCGlobalHomePage_BodyAd"/>
</testsuite> <!-- com.nbcd.Test.TCGlobalHomePage_BodyAd -->
