<?xml version="1.0" encoding="UTF-8"?>
<!-- Generated by org.testng.reporters.JUnitReportReporter -->
<testsuite skipped="0" hostname="EC2AMAZ-SFN1RDI" name="com.nbcd.Test.TCShowVideoPage_VerifyBodyAd_NonPlayer_NBCRESP_1406" tests="1" failures="0" timestamp="11 Apr 2018 05:25:03 GMT" time="11.540" errors="0">
  <testcase name="VerifyBodyAd_NonPlayer_NBCRESP_1406" time="11.540" classname="com.nbcd.Test.TCShowVideoPage_VerifyBodyAd_NonPlayer_NBCRESP_1406"/>
</testsuite> <!-- com.nbcd.Test.TCShowVideoPage_VerifyBodyAd_NonPlayer_NBCRESP_1406 -->
