<?xml version="1.0" encoding="UTF-8"?>
<!-- Generated by org.testng.reporters.JUnitReportReporter -->
<testsuite skipped="0" hostname="LTUS43208" name="com.nbcd.Test.TCLivePage_VerifyScrollSizeForVODPage" tests="1" failures="0" timestamp="04 Dec 2017 21:00:59 GMT" time="50.253" errors="0">
  <testcase name="VerifyScrollSizeForVODPage" time="50.253" classname="com.nbcd.Test.TCLivePage_VerifyScrollSizeForVODPage"/>
</testsuite> <!-- com.nbcd.Test.TCLivePage_VerifyScrollSizeForVODPage -->
