<?xml version="1.0" encoding="UTF-8"?>
<!-- Generated by org.testng.reporters.JUnitReportReporter -->
<testsuite skipped="0" hostname="EC2AMAZ-SFN1RDI" name="com.nbcd.Test.TCSchedulePage_Verify_Schedule_Whats_On_Page_DBB_3813" tests="1" failures="0" timestamp="11 Apr 2018 05:25:04 GMT" time="19.291" errors="0">
  <testcase name="TCSchedulePage_Verify_Schedule_WhatsOnPage" time="19.291" classname="com.nbcd.Test.TCSchedulePage_Verify_Schedule_Whats_On_Page_DBB_3813"/>
</testsuite> <!-- com.nbcd.Test.TCSchedulePage_Verify_Schedule_Whats_On_Page_DBB_3813 -->
