<?xml version="1.0" encoding="UTF-8"?>
<!-- Generated by org.testng.reporters.JUnitReportReporter -->
<testsuite skipped="0" hostname="EC2AMAZ-SFN1RDI" name="com.nbcd.Test.TCSearchReusable_GlobalHomepageVerify_Show_details" tests="1" failures="0" timestamp="11 Apr 2018 05:25:05 GMT" time="18.757" errors="0">
  <testcase name="GlobalHomepageVerify_Show_details" time="18.757" classname="com.nbcd.Test.TCSearchReusable_GlobalHomepageVerify_Show_details"/>
</testsuite> <!-- com.nbcd.Test.TCSearchReusable_GlobalHomepageVerify_Show_details -->
