<?xml version="1.0" encoding="UTF-8"?>
<!-- Generated by org.testng.reporters.JUnitReportReporter -->
<testsuite skipped="0" hostname="EC2AMAZ-SFN1RDI" name="com.nbcd.Test.TCShowHomePage_Mob_Verify_NBCRESP_1436" tests="1" failures="0" timestamp="10 Apr 2018 13:52:33 GMT" time="102.980" errors="0">
  <testcase name="Tab_Verify_NBCRESP_1436" time="102.980" classname="com.nbcd.Test.TCShowHomePage_Mob_Verify_NBCRESP_1436"/>
</testsuite> <!-- com.nbcd.Test.TCShowHomePage_Mob_Verify_NBCRESP_1436 -->
