<?xml version="1.0" encoding="UTF-8"?>
<!-- Generated by org.testng.reporters.JUnitReportReporter -->
<testsuite skipped="0" hostname="EC2AMAZ-SFN1RDI" name="com.nbcd.Test.TCCreditDetailsPage_Verify_Credit_Role_As_Character_NBCRESP_1303" tests="1" failures="0" timestamp="11 Apr 2018 05:25:05 GMT" time="92.149" errors="0">
  <testcase name="TCCreditDetailsPage_Verify_Credit_As_Character" time="92.149" classname="com.nbcd.Test.TCCreditDetailsPage_Verify_Credit_Role_As_Character_NBCRESP_1303"/>
</testsuite> <!-- com.nbcd.Test.TCCreditDetailsPage_Verify_Credit_Role_As_Character_NBCRESP_1303 -->
