<?xml version="1.0" encoding="UTF-8"?>
<!-- Generated by org.testng.reporters.JUnitReportReporter -->
<testsuite skipped="0" hostname="EC2AMAZ-SFN1RDI" name="com.nbcd.Test.TCSearchAppsPageReusableVerify_Default_Title" tests="1" failures="0" timestamp="11 Apr 2018 05:25:04 GMT" time="20.272" errors="0">
  <testcase name="AppsPageReusableVerify_Default_Title" time="20.272" classname="com.nbcd.Test.TCSearchAppsPageReusableVerify_Default_Title"/>
</testsuite> <!-- com.nbcd.Test.TCSearchAppsPageReusableVerify_Default_Title -->
