<?xml version="1.0" encoding="UTF-8"?>
<!-- Generated by org.testng.reporters.JUnitReportReporter -->
<testsuite skipped="0" hostname="EC2AMAZ-SFN1RDI" name="com.nbcd.Test.TCTSJFGuestDetailPage_Verify_Dynamic_Lead_slides_NBCRESP_3590" tests="1" failures="0" timestamp="11 Apr 2018 05:25:04 GMT" time="10.650" errors="0">
  <testcase name="Verify_Dynamic_Lead_slides" time="10.650" classname="com.nbcd.Test.TCTSJFGuestDetailPage_Verify_Dynamic_Lead_slides_NBCRESP_3590"/>
</testsuite> <!-- com.nbcd.Test.TCTSJFGuestDetailPage_Verify_Dynamic_Lead_slides_NBCRESP_3590 -->
