<?xml version="1.0" encoding="UTF-8"?>
<!-- Generated by org.testng.reporters.JUnitReportReporter -->
<testsuite skipped="0" hostname="EC2AMAZ-SFN1RDI" name="com.nbcd.Test.TCScalablePage_Coppacompliant_show_3587" tests="1" failures="0" timestamp="11 Apr 2018 05:25:05 GMT" time="42.100" errors="0">
  <testcase name="Coppacompliant_show_3587" time="42.100" classname="com.nbcd.Test.TCScalablePage_Coppacompliant_show_3587"/>
</testsuite> <!-- com.nbcd.Test.TCScalablePage_Coppacompliant_show_3587 -->
