<?xml version="1.0" encoding="UTF-8"?>
<!-- Generated by org.testng.reporters.JUnitReportReporter -->
<testsuite skipped="0" hostname="EC2AMAZ-SFN1RDI" name="com.nbcd.Test.TCSearchReusable_VideoDetailpageVerify_search_negative" tests="1" failures="0" timestamp="11 Apr 2018 05:25:03 GMT" time="21.762" errors="0">
  <testcase name="VideoDetailpageVerify_search_negative" time="21.762" classname="com.nbcd.Test.TCSearchReusable_VideoDetailpageVerify_search_negative"/>
</testsuite> <!-- com.nbcd.Test.TCSearchReusable_VideoDetailpageVerify_search_negative -->
