<?xml version="1.0" encoding="UTF-8"?>
<!-- Generated by org.testng.reporters.JUnitReportReporter -->
<testsuite skipped="0" hostname="EC2AMAZ-SFN1RDI" name="com.nbcd.Test.TCShowHomePage_Verify_NoShoplink_3586" tests="1" failures="0" timestamp="11 Apr 2018 05:25:03 GMT" time="14.447" errors="0">
  <testcase name="Verify_NoShoplink_3586" time="14.447" classname="com.nbcd.Test.TCShowHomePage_Verify_NoShoplink_3586"/>
</testsuite> <!-- com.nbcd.Test.TCShowHomePage_Verify_NoShoplink_3586 -->
