<?xml version="1.0" encoding="UTF-8"?>
<!-- Generated by org.testng.reporters.JUnitReportReporter -->
<testsuite skipped="0" hostname="EC2AMAZ-SFN1RDI" name="com.nbcd.Test.TCShowVideoDetailPage_VerifyVideosSeasonlistSorting_3100" tests="1" failures="0" timestamp="11 Apr 2018 05:25:04 GMT" time="19.334" errors="0">
  <testcase name="VerifyVideosSeasonlistSorting" time="19.334" classname="com.nbcd.Test.TCShowVideoDetailPage_VerifyVideosSeasonlistSorting_3100"/>
</testsuite> <!-- com.nbcd.Test.TCShowVideoDetailPage_VerifyVideosSeasonlistSorting_3100 -->
