<?xml version="1.0" encoding="UTF-8"?>
<!-- Generated by org.testng.reporters.JUnitReportReporter -->
<testsuite skipped="0" hostname="EC2AMAZ-SFN1RDI" name="com.nbcd.Test.TCShowHomePage_Verify_Meta_Tag_for_Apple_NBCRESP_1012" tests="1" failures="0" timestamp="11 Apr 2018 05:25:04 GMT" time="12.453" errors="0">
  <testcase name="Verify_Meta_Tag_for_Apple" time="12.453" classname="com.nbcd.Test.TCShowHomePage_Verify_Meta_Tag_for_Apple_NBCRESP_1012"/>
</testsuite> <!-- com.nbcd.Test.TCShowHomePage_Verify_Meta_Tag_for_Apple_NBCRESP_1012 -->
