<?xml version="1.0" encoding="UTF-8"?>
<!-- Generated by org.testng.reporters.JUnitReportReporter -->
<testsuite skipped="0" hostname="EC2AMAZ-SFN1RDI" name="com.nbcd.Test.TCScalableSweeps_Mob_Confirmationmessage_sweepsSocial_3280" tests="1" failures="0" timestamp="10 Apr 2018 13:52:32 GMT" time="87.056" errors="0">
  <testcase name="Confirmationmessage_sweepssocial" time="87.056" classname="com.nbcd.Test.TCScalableSweeps_Mob_Confirmationmessage_sweepsSocial_3280"/>
</testsuite> <!-- com.nbcd.Test.TCScalableSweeps_Mob_Confirmationmessage_sweepsSocial_3280 -->
