<?xml version="1.0" encoding="UTF-8"?>
<!-- Generated by org.testng.reporters.JUnitReportReporter -->
<testsuite skipped="0" hostname="EC2AMAZ-SFN1RDI" name="com.nbcd.Test.TCIdentity_Verify_Without_SignUP_NBCRESP_5489" tests="1" failures="0" timestamp="11 Apr 2018 05:25:05 GMT" time="13.775" errors="0">
  <testcase name="Verify_Launch_Live_Stream_without_signup" time="13.775" classname="com.nbcd.Test.TCIdentity_Verify_Without_SignUP_NBCRESP_5489"/>
</testsuite> <!-- com.nbcd.Test.TCIdentity_Verify_Without_SignUP_NBCRESP_5489 -->
