<?xml version="1.0" encoding="UTF-8"?>
<!-- Generated by org.testng.reporters.JUnitReportReporter -->
<testsuite skipped="0" hostname="EC2AMAZ-SFN1RDI" name="com.nbcd.Test.TCIdentity_verify_NBCRESP_5841" tests="1" failures="0" timestamp="11 Apr 2018 05:25:05 GMT" time="26.061" errors="0">
  <testcase name="Verify_Show_Name" time="26.061" classname="com.nbcd.Test.TCIdentity_verify_NBCRESP_5841"/>
</testsuite> <!-- com.nbcd.Test.TCIdentity_verify_NBCRESP_5841 -->
