<?xml version="1.0" encoding="UTF-8"?>
<!-- Generated by org.testng.reporters.JUnitReportReporter -->
<testsuite skipped="0" hostname="EC2AMAZ-SFN1RDI" name="com.nbcd.Test.TCSearchReusable_VideoDetailpageVerify_badging_details" tests="1" failures="0" timestamp="11 Apr 2018 05:25:05 GMT" time="30.334" errors="0">
  <testcase name="VideoDetailpageVerify_badging_details" time="30.334" classname="com.nbcd.Test.TCSearchReusable_VideoDetailpageVerify_badging_details"/>
</testsuite> <!-- com.nbcd.Test.TCSearchReusable_VideoDetailpageVerify_badging_details -->
