<?xml version="1.0" encoding="UTF-8"?>
<!-- Generated by org.testng.reporters.JUnitReportReporter -->
<testsuite skipped="0" hostname="LTUS43208" name="com.nbcd.Test.TCCreditDetailsPage_Verify_Credit_Role_As_Character" tests="1" failures="0" timestamp="04 Dec 2017 21:00:59 GMT" time="21.199" errors="0">
  <testcase name="TCCreditDetailsPage_Verify_Credit_As_Character" time="21.199" classname="com.nbcd.Test.TCCreditDetailsPage_Verify_Credit_Role_As_Character"/>
</testsuite> <!-- com.nbcd.Test.TCCreditDetailsPage_Verify_Credit_Role_As_Character -->
