<?xml version="1.0" encoding="UTF-8"?>
<!-- Generated by org.testng.reporters.JUnitReportReporter -->
<testsuite skipped="0" hostname="EC2AMAZ-SFN1RDI" name="com.nbcd.Test.TCIdentity_Mobile_Signup_withoutmail" tests="1" failures="0" timestamp="10 Apr 2018 13:52:32 GMT" time="131.102" errors="0">
  <testcase name="Mobile_Signup_withoutmail" time="131.102" classname="com.nbcd.Test.TCIdentity_Mobile_Signup_withoutmail"/>
</testsuite> <!-- com.nbcd.Test.TCIdentity_Mobile_Signup_withoutmail -->
