<?xml version="1.0" encoding="UTF-8"?>
<!-- Generated by org.testng.reporters.JUnitReportReporter -->
<testsuite skipped="0" hostname="EC2AMAZ-SFN1RDI" name="com.nbcd.Test.TCSeachPage_identityVerify_Search_for_clips_5630" tests="1" failures="0" timestamp="11 Apr 2018 05:25:03 GMT" time="28.903" errors="0">
  <testcase name="identityVerify_Search_for_clips_5630" time="28.903" classname="com.nbcd.Test.TCSeachPage_identityVerify_Search_for_clips_5630"/>
</testsuite> <!-- com.nbcd.Test.TCSeachPage_identityVerify_Search_for_clips_5630 -->
