<?xml version="1.0" encoding="UTF-8"?>
<!-- Generated by org.testng.reporters.JUnitReportReporter -->
<testsuite skipped="0" hostname="EC2AMAZ-SFN1RDI" name="com.nbcd.Test.TCSearchReusable_GlobalHomepageVerify_Subtitle_functionality" tests="1" failures="0" timestamp="11 Apr 2018 05:25:05 GMT" time="19.138" errors="0">
  <testcase name="GlobalHomepageVerify_Subtitle_functionality" time="19.138" classname="com.nbcd.Test.TCSearchReusable_GlobalHomepageVerify_Subtitle_functionality"/>
</testsuite> <!-- com.nbcd.Test.TCSearchReusable_GlobalHomepageVerify_Subtitle_functionality -->
