<?xml version="1.0" encoding="UTF-8"?>
<!-- Generated by org.testng.reporters.JUnitReportReporter -->
<testsuite skipped="0" hostname="AMB00966.local" name="com.nbcd.Test.TCAppHomePage_android_Verifytheupdatedmetadata_NAF3544" tests="1" failures="0" timestamp="02 May 2018 11:59:14 GMT" time="261.963" errors="0">
  <testcase name="android_Verifytheupdatedmetadata_NAF3544" time="261.963" classname="com.nbcd.Test.TCAppHomePage_android_Verifytheupdatedmetadata_NAF3544"/>
</testsuite> <!-- com.nbcd.Test.TCAppHomePage_android_Verifytheupdatedmetadata_NAF3544 -->
