<?xml version="1.0" encoding="UTF-8"?>
<!-- Generated by org.testng.reporters.JUnitReportReporter -->
<testsuite skipped="0" hostname="EC2AMAZ-SFN1RDI" name="com.nbcd.Test.TCLivePage_VerifyOneResultEnterButton_2093" tests="1" failures="0" timestamp="11 Apr 2018 05:25:04 GMT" time="73.343" errors="0">
  <testcase name="VerifyOneResultEnterButton" time="73.343" classname="com.nbcd.Test.TCLivePage_VerifyOneResultEnterButton_2093"/>
</testsuite> <!-- com.nbcd.Test.TCLivePage_VerifyOneResultEnterButton_2093 -->
