<?xml version="1.0" encoding="UTF-8"?>
<!-- Generated by org.testng.reporters.JUnitReportReporter -->
<testsuite skipped="0" hostname="LTUS34293" name="com.nbcd.Test.TCAndroid_Live_EntitledAuthenticationAndPlaybackVerification_NAF3536" tests="1" failures="0" timestamp="01 Jun 2018 20:50:19 GMT" time="61.709" errors="0">
  <testcase name="android_VerifyLivePlaybackbyAuthentication" time="61.709" classname="com.nbcd.Test.TCAndroid_Live_EntitledAuthenticationAndPlaybackVerification_NAF3536"/>
</testsuite> <!-- com.nbcd.Test.TCAndroid_Live_EntitledAuthenticationAndPlaybackVerification_NAF3536 -->
