<?xml version="1.0" encoding="UTF-8"?>
<!-- Generated by org.testng.reporters.JUnitReportReporter -->
<testsuite skipped="0" hostname="AIM00291.local" name="com.nbcd.Test.TCIdentity_Verify_SimpleSignin" tests="1" failures="0" timestamp="11 Apr 2018 10:04:47 GMT" time="90.225" errors="0">
  <testcase name="VerifyIdentityDropdown_4564" time="90.225" classname="com.nbcd.Test.TCIdentity_Verify_SimpleSignin"/>
</testsuite> <!-- com.nbcd.Test.TCIdentity_Verify_SimpleSignin -->
