<?xml version="1.0" encoding="UTF-8"?>
<!-- Generated by org.testng.reporters.JUnitReportReporter -->
<testsuite skipped="0" hostname="EC2AMAZ-SFN1RDI" name="com.nbcd.Test.TCScalablePage_SlideOverlay_Nodata_3575" tests="1" failures="0" timestamp="11 Apr 2018 05:25:05 GMT" time="31.101" errors="0">
  <testcase name="SlideOverlay_Nodata_3575" time="31.101" classname="com.nbcd.Test.TCScalablePage_SlideOverlay_Nodata_3575"/>
</testsuite> <!-- com.nbcd.Test.TCScalablePage_SlideOverlay_Nodata_3575 -->
