<?xml version="1.0" encoding="UTF-8"?>
<!-- Generated by org.testng.reporters.JUnitReportReporter -->
<testsuite skipped="0" hostname="EC2AMAZ-SFN1RDI" name="com.nbcd.Test.TCSeachPage_Mob_Verify_searchAbilities_2866" tests="1" failures="0" timestamp="10 Apr 2018 13:52:33 GMT" time="133.431" errors="0">
  <testcase name="Mob_Verify_searchAbilities_2866" time="133.431" classname="com.nbcd.Test.TCSeachPage_Mob_Verify_searchAbilities_2866"/>
</testsuite> <!-- com.nbcd.Test.TCSeachPage_Mob_Verify_searchAbilities_2866 -->
