<?xml version="1.0" encoding="UTF-8"?>
<!-- Generated by org.testng.reporters.JUnitReportReporter -->
<testsuite skipped="0" hostname="EC2AMAZ-SFN1RDI" name="com.nbcd.Test.TCSearchReusable_GlobalHomepageVerify_search_no_result" tests="1" failures="0" timestamp="11 Apr 2018 05:25:03 GMT" time="19.672" errors="0">
  <testcase name="GlobalHomepageVerify_search_no_result" time="19.672" classname="com.nbcd.Test.TCSearchReusable_GlobalHomepageVerify_search_no_result"/>
</testsuite> <!-- com.nbcd.Test.TCSearchReusable_GlobalHomepageVerify_search_no_result -->
