<?xml version="1.0" encoding="UTF-8"?>
<!-- Generated by org.testng.reporters.JUnitReportReporter -->
<testsuite skipped="0" hostname="AIM00291.local" name="com.nbcd.Test.TCShowInnerEpisode_Mobile_VerifyMessagewhennoepisodes_NBCRESP_1309" tests="1" failures="0" timestamp="11 Apr 2018 10:33:02 GMT" time="27.011" errors="0">
  <testcase name="Mobile_VerifyMessagewhennoepisodes_NBCRESP_1309" time="27.011" classname="com.nbcd.Test.TCShowInnerEpisode_Mobile_VerifyMessagewhennoepisodes_NBCRESP_1309"/>
</testsuite> <!-- com.nbcd.Test.TCShowInnerEpisode_Mobile_VerifyMessagewhennoepisodes_NBCRESP_1309 -->
