<?xml version="1.0" encoding="UTF-8"?>
<!-- Generated by org.testng.reporters.JUnitReportReporter -->
<testsuite skipped="0" hostname="LT087158" name="com.nbcd.Test.TCAndroid_Identity_Verify_SignIn_Email_Screen_NAF_4802" tests="1" failures="0" timestamp="06 Jun 2018 07:58:45 GMT" time="88.105" errors="0">
  <testcase name="android_Verify_NBCSignUP" time="88.105" classname="com.nbcd.Test.TCAndroid_Identity_Verify_SignIn_Email_Screen_NAF_4802"/>
</testsuite> <!-- com.nbcd.Test.TCAndroid_Identity_Verify_SignIn_Email_Screen_NAF_4802 -->
