<?xml version="1.0" encoding="UTF-8"?>
<!-- Generated by org.testng.reporters.JUnitReportReporter -->
<testsuite skipped="0" hostname="EC2AMAZ-SFN1RDI" name="com.nbcd.Test.TCAllVideosPage_redirect_rules_DBB_3761" tests="1" failures="0" timestamp="11 Apr 2018 05:25:04 GMT" time="61.418" errors="0">
  <testcase name="TCAllVideosPage_redirectrules" time="61.418" classname="com.nbcd.Test.TCAllVideosPage_redirect_rules_DBB_3761"/>
</testsuite> <!-- com.nbcd.Test.TCAllVideosPage_redirect_rules_DBB_3761 -->
