<?xml version="1.0" encoding="UTF-8"?>
<!-- Generated by org.testng.reporters.JUnitReportReporter -->
<testsuite skipped="0" hostname="EC2AMAZ-SFN1RDI" name="com.nbcd.Test.TCAllVideosPage_video_detail_page_DBB_3056" tests="1" failures="0" timestamp="11 Apr 2018 05:25:04 GMT" time="13.367" errors="0">
  <testcase name="TCAllVideosPage_video_detailpage" time="13.367" classname="com.nbcd.Test.TCAllVideosPage_video_detail_page_DBB_3056"/>
</testsuite> <!-- com.nbcd.Test.TCAllVideosPage_video_detail_page_DBB_3056 -->
