<?xml version="1.0" encoding="UTF-8"?>
<!-- Generated by org.testng.reporters.JUnitReportReporter -->
<testsuite skipped="0" hostname="EC2AMAZ-SFN1RDI" name="com.nbcd.Test.TCLivePage_Livepage_navelement_5488" tests="1" failures="0" timestamp="11 Apr 2018 05:25:04 GMT" time="65.427" errors="0">
  <testcase name="Livepage_navelement_5488" time="65.427" classname="com.nbcd.Test.TCLivePage_Livepage_navelement_5488"/>
</testsuite> <!-- com.nbcd.Test.TCLivePage_Livepage_navelement_5488 -->
