<?xml version="1.0" encoding="UTF-8"?>
<!-- Generated by org.testng.reporters.JUnitReportReporter -->
<testsuite skipped="0" hostname="EC2AMAZ-SFN1RDI" name="com.nbcd.Test.TCShowVideoDetailPage_verifyTwittertagclip_NBCRESP_2003" tests="1" failures="0" timestamp="11 Apr 2018 05:25:03 GMT" time="28.934" errors="0">
  <testcase name="verifyTwittertagclip_NBCRESP_2003" time="28.934" classname="com.nbcd.Test.TCShowVideoDetailPage_verifyTwittertagclip_NBCRESP_2003"/>
</testsuite> <!-- com.nbcd.Test.TCShowVideoDetailPage_verifyTwittertagclip_NBCRESP_2003 -->
