<?xml version="1.0" encoding="UTF-8"?>
<!-- Generated by org.testng.reporters.JUnitReportReporter -->
<testsuite skipped="0" hostname="EC2AMAZ-SFN1RDI" name="com.nbcd.Test.TCSearchShowhomepageVerify_Subtitle_functionality" tests="1" failures="0" timestamp="11 Apr 2018 05:25:04 GMT" time="16.619" errors="0">
  <testcase name="ShowhomepageVerify_Subtitle_functionality" time="16.619" classname="com.nbcd.Test.TCSearchShowhomepageVerify_Subtitle_functionality"/>
</testsuite> <!-- com.nbcd.Test.TCSearchShowhomepageVerify_Subtitle_functionality -->
