<?xml version="1.0" encoding="UTF-8"?>
<!-- Generated by org.testng.reporters.JUnitReportReporter -->
<testsuite skipped="0" hostname="EC2AMAZ-SFN1RDI" name="com.nbcd.Test.TCSearchAppsPageReusableVerify_Search_for_clips" tests="1" failures="0" timestamp="11 Apr 2018 05:25:05 GMT" time="29.918" errors="0">
  <testcase name="AppsPageReusableVerify_Search_for_clips" time="29.918" classname="com.nbcd.Test.TCSearchAppsPageReusableVerify_Search_for_clips"/>
</testsuite> <!-- com.nbcd.Test.TCSearchAppsPageReusableVerify_Search_for_clips -->
