<?xml version="1.0" encoding="UTF-8"?>
<!-- Generated by org.testng.reporters.JUnitReportReporter -->
<testsuite skipped="0" hostname="EC2AMAZ-SFN1RDI" name="com.nbcd.Test.TCSearchScheduleVerify_Search_for_clips_5630" tests="1" failures="0" timestamp="11 Apr 2018 05:25:03 GMT" time="26.029" errors="0">
  <testcase name="ScheduleVerify_Search_for_clips_5630" time="26.029" classname="com.nbcd.Test.TCSearchScheduleVerify_Search_for_clips_5630"/>
</testsuite> <!-- com.nbcd.Test.TCSearchScheduleVerify_Search_for_clips_5630 -->
