<?xml version="1.0" encoding="UTF-8"?>
<!-- Generated by org.testng.reporters.JUnitReportReporter -->
<testsuite skipped="0" hostname="EC2AMAZ-SFN1RDI" name="com.nbcd.Test.TCIdentity_Desktop_ordering_favorites_functionality_NBCRESP_6423" tests="1" failures="0" timestamp="11 Apr 2018 05:25:05 GMT" time="82.245" errors="0">
  <testcase name="Desktop_ordering_favorites_functionality_NBCRESP_6423" time="82.245" classname="com.nbcd.Test.TCIdentity_Desktop_ordering_favorites_functionality_NBCRESP_6423"/>
</testsuite> <!-- com.nbcd.Test.TCIdentity_Desktop_ordering_favorites_functionality_NBCRESP_6423 -->
