<?xml version="1.0" encoding="UTF-8"?>
<!-- Generated by org.testng.reporters.JUnitReportReporter -->
<testsuite skipped="0" hostname="EC2AMAZ-SFN1RDI" name="com.nbcd.Test.TCAppsLandingPage_Mob_Verifyupdated_1894" tests="1" failures="0" timestamp="10 Apr 2018 13:52:32 GMT" time="133.246" errors="0">
  <testcase name="Mob_Verifyupdated_1894" time="133.246" classname="com.nbcd.Test.TCAppsLandingPage_Mob_Verifyupdated_1894"/>
</testsuite> <!-- com.nbcd.Test.TCAppsLandingPage_Mob_Verifyupdated_1894 -->
