<?xml version="1.0" encoding="UTF-8"?>
<!-- Generated by org.testng.reporters.JUnitReportReporter -->
<testsuite skipped="0" hostname="EC2AMAZ-SFN1RDI" name="com.nbcd.Test.TCShowHomePage_VerifymetaTags_DBB_3087" tests="1" failures="0" timestamp="11 Apr 2018 05:25:04 GMT" time="15.486" errors="0">
  <testcase name="metaTags" time="15.486" classname="com.nbcd.Test.TCShowHomePage_VerifymetaTags_DBB_3087"/>
</testsuite> <!-- com.nbcd.Test.TCShowHomePage_VerifymetaTags_DBB_3087 -->
