<?xml version="1.0" encoding="UTF-8"?>
<!-- Generated by org.testng.reporters.JUnitReportReporter -->
<testsuite skipped="0" hostname="EC2AMAZ-SFN1RDI" name="com.nbcd.Test.TCShowHomePage_043VerifyFaceBookTags_DBB_3078" tests="1" failures="0" timestamp="11 Apr 2018 05:25:04 GMT" time="21.115" errors="0">
  <testcase name="FBTags" time="21.115" classname="com.nbcd.Test.TCShowHomePage_043VerifyFaceBookTags_DBB_3078"/>
</testsuite> <!-- com.nbcd.Test.TCShowHomePage_043VerifyFaceBookTags_DBB_3078 -->
