<?xml version="1.0" encoding="UTF-8"?>
<!-- Generated by org.testng.reporters.JUnitReportReporter -->
<testsuite skipped="0" hostname="EC2AMAZ-SFN1RDI" name="com.nbcd.Test.TCScalableSweeps_Mobile_NBCRESP_3205" tests="1" failures="0" timestamp="10 Apr 2018 13:52:33 GMT" time="53.668" errors="0">
  <testcase name="Verify_NBCRESP_3205" time="53.668" classname="com.nbcd.Test.TCScalableSweeps_Mobile_NBCRESP_3205"/>
</testsuite> <!-- com.nbcd.Test.TCScalableSweeps_Mobile_NBCRESP_3205 -->
