<?xml version="1.0" encoding="UTF-8"?>
<!-- Generated by org.testng.reporters.JUnitReportReporter -->
<testsuite skipped="0" hostname="EC2AMAZ-SFN1RDI" name="com.nbcd.Test.TCCreditLandingPage_Mobile_VerifyCreditlandingpage_NBCRESP_1315" tests="1" failures="0" timestamp="10 Apr 2018 13:52:32 GMT" time="274.810" errors="0">
  <testcase name="Mobile_VerifyCreditlandingpage_NBCRESP_1315" time="274.810" classname="com.nbcd.Test.TCCreditLandingPage_Mobile_VerifyCreditlandingpage_NBCRESP_1315"/>
</testsuite> <!-- com.nbcd.Test.TCCreditLandingPage_Mobile_VerifyCreditlandingpage_NBCRESP_1315 -->
