<?xml version="1.0" encoding="UTF-8"?>
<!-- Generated by org.testng.reporters.JUnitReportReporter -->
<testsuite skipped="1" hostname="LTUS34293" name="com.nbcd.Test.TCAndroid_Settings_TVproviderAuthentication_NAF_3546" tests="1" failures="0" timestamp="30 May 2018 23:14:59 GMT" time="0.000" errors="0">
  <testcase name="android_TVproviderAuthentication_NAF_3546" time="0.000" classname="com.nbcd.Test.TCAndroid_Settings_TVproviderAuthentication_NAF_3546">
    <skipped/>
  </testcase> <!-- android_TVproviderAuthentication_NAF_3546 -->
</testsuite> <!-- com.nbcd.Test.TCAndroid_Settings_TVproviderAuthentication_NAF_3546 -->
