<?xml version="1.0" encoding="UTF-8"?>
<!-- Generated by org.testng.reporters.JUnitReportReporter -->
<testsuite skipped="0" hostname="LTUS43208" name="com.nbcd.Test.TCShowHomePage_043VerifyFaceBook_SNLTags" tests="1" failures="0" timestamp="04 Dec 2017 21:00:59 GMT" time="16.997" errors="0">
  <testcase name="FB_SNLTags" time="16.997" classname="com.nbcd.Test.TCShowHomePage_043VerifyFaceBook_SNLTags"/>
</testsuite> <!-- com.nbcd.Test.TCShowHomePage_043VerifyFaceBook_SNLTags -->
