<?xml version="1.0" encoding="UTF-8"?>
<!-- Generated by org.testng.reporters.JUnitReportReporter -->
<testsuite skipped="0" hostname="EC2AMAZ-SFN1RDI" name="com.nbcd.Test.TCVerify_identityWatchedBadge100_4308" tests="1" failures="0" timestamp="11 Apr 2018 05:25:05 GMT" time="46.102" errors="0">
  <testcase name="Verify_identityWatchedBadge100_2898" time="46.102" classname="com.nbcd.Test.TCVerify_identityWatchedBadge100_4308"/>
</testsuite> <!-- com.nbcd.Test.TCVerify_identityWatchedBadge100_4308 -->
