<?xml version="1.0" encoding="UTF-8"?>
<!-- Generated by org.testng.reporters.JUnitReportReporter -->
<testsuite skipped="0" hostname="LTUS43208" name="com.nbcd.Test.TCAllVideosPage_Episodes_Sorted" tests="1" failures="0" timestamp="04 Dec 2017 21:00:59 GMT" time="19.876" errors="0">
  <testcase name="TCAllVideosPage_EpisodesSorted" time="19.876" classname="com.nbcd.Test.TCAllVideosPage_Episodes_Sorted"/>
</testsuite> <!-- com.nbcd.Test.TCAllVideosPage_Episodes_Sorted -->
