<?xml version="1.0" encoding="UTF-8"?>
<!-- Generated by org.testng.reporters.JUnitReportReporter -->
<testsuite skipped="0" hostname="EC2AMAZ-SFN1RDI" name="com.nbcd.Test.TCSearchLiveVerify_show_lockup" tests="1" failures="0" timestamp="11 Apr 2018 05:25:04 GMT" time="18.536" errors="0">
  <testcase name="LiveVerify_show_lockup" time="18.536" classname="com.nbcd.Test.TCSearchLiveVerify_show_lockup"/>
</testsuite> <!-- com.nbcd.Test.TCSearchLiveVerify_show_lockup -->
