<?xml version="1.0" encoding="UTF-8"?>
<!-- Generated by org.testng.reporters.JUnitReportReporter -->
<testsuite skipped="0" hostname="EC2AMAZ-SFN1RDI" name="com.nbcd.Test.TCActivationPage_VerifyInvalidAndValidData_2598" tests="1" failures="0" timestamp="11 Apr 2018 05:25:03 GMT" time="19.220" errors="0">
  <testcase name="VerifyInvalidAndValidData" time="19.220" classname="com.nbcd.Test.TCActivationPage_VerifyInvalidAndValidData_2598"/>
</testsuite> <!-- com.nbcd.Test.TCActivationPage_VerifyInvalidAndValidData_2598 -->
