<?xml version="1.0" encoding="UTF-8"?>
<!-- Generated by org.testng.reporters.JUnitReportReporter -->
<testsuite skipped="0" hostname="LTUS43208" name="com.nbcd.Test.TCSchedulePage_Verify_Watch_Live_Now" tests="1" failures="0" timestamp="04 Dec 2017 21:00:59 GMT" time="18.923" errors="0">
  <testcase name="VerifyWatchLiveShow" time="18.923" classname="com.nbcd.Test.TCSchedulePage_Verify_Watch_Live_Now"/>
</testsuite> <!-- com.nbcd.Test.TCSchedulePage_Verify_Watch_Live_Now -->
