<?xml version="1.0" encoding="UTF-8"?>
<!-- Generated by org.testng.reporters.JUnitReportReporter -->
<testsuite skipped="0" hostname="EC2AMAZ-SFN1RDI" name="com.nbcd.Test.TCSearchReusable_Verify_x_icon_appspage" tests="1" failures="0" timestamp="11 Apr 2018 05:25:05 GMT" time="18.818" errors="0">
  <testcase name="Verify_X_IconAppsPage" time="18.818" classname="com.nbcd.Test.TCSearchReusable_Verify_x_icon_appspage"/>
</testsuite> <!-- com.nbcd.Test.TCSearchReusable_Verify_x_icon_appspage -->
