<?xml version="1.0" encoding="UTF-8"?>
<!-- Generated by org.testng.reporters.JUnitReportReporter -->
<testsuite skipped="0" hostname="EC2AMAZ-SFN1RDI" name="com.nbcd.Test.TCSearchShowhomepageVerify_Search_Overlay" tests="1" failures="0" timestamp="11 Apr 2018 05:25:03 GMT" time="17.194" errors="0">
  <testcase name="ShowhomepageVerify_Search_Overlay" time="17.194" classname="com.nbcd.Test.TCSearchShowhomepageVerify_Search_Overlay"/>
</testsuite> <!-- com.nbcd.Test.TCSearchShowhomepageVerify_Search_Overlay -->
