<?xml version="1.0" encoding="UTF-8"?>
<!-- Generated by org.testng.reporters.JUnitReportReporter -->
<testsuite skipped="0" hostname="EC2AMAZ-SFN1RDI" name="com.nbcd.Test.TCShowVideoDetailPage_NBCRESP_3536" tests="1" failures="0" timestamp="11 Apr 2018 05:25:05 GMT" time="55.123" errors="0">
  <testcase name="VerifyCatType_3536" time="55.123" classname="com.nbcd.Test.TCShowVideoDetailPage_NBCRESP_3536"/>
</testsuite> <!-- com.nbcd.Test.TCShowVideoDetailPage_NBCRESP_3536 -->
