<?xml version="1.0" encoding="UTF-8"?>
<!-- Generated by org.testng.reporters.JUnitReportReporter -->
<testsuite skipped="0" hostname="AIM00291.local" name="com.nbcd.Test.TCTSJFGuestDetailPage_Verify_NBCRESP_4108_Mobile" tests="1" failures="0" timestamp="11 Apr 2018 10:33:02 GMT" time="149.205" errors="0">
  <testcase name="Verify_NBCRESP_4113" time="149.205" classname="com.nbcd.Test.TCTSJFGuestDetailPage_Verify_NBCRESP_4108_Mobile"/>
</testsuite> <!-- com.nbcd.Test.TCTSJFGuestDetailPage_Verify_NBCRESP_4108_Mobile -->
