<?xml version="1.0" encoding="UTF-8"?>
<!-- Generated by org.testng.reporters.JUnitReportReporter -->
<testsuite skipped="0" hostname="EC2AMAZ-SFN1RDI" name="com.nbcd.Test.TCSearchShowhomepageVerify_Show_details" tests="1" failures="0" timestamp="11 Apr 2018 05:25:05 GMT" time="15.604" errors="0">
  <testcase name="ShowhomepageVerify_Show_details" time="15.604" classname="com.nbcd.Test.TCSearchShowhomepageVerify_Show_details"/>
</testsuite> <!-- com.nbcd.Test.TCSearchShowhomepageVerify_Show_details -->
