<?xml version="1.0" encoding="UTF-8"?>
<!-- Generated by org.testng.reporters.JUnitReportReporter -->
<testsuite skipped="0" hostname="EC2AMAZ-SFN1RDI" name="com.nbcd.Test.TCActivationPage_VerifySucessPageCheckMark_2751" tests="1" failures="0" timestamp="11 Apr 2018 05:25:04 GMT" time="15.997" errors="0">
  <testcase name="VerifySucessPage" time="15.997" classname="com.nbcd.Test.TCActivationPage_VerifySucessPageCheckMark_2751"/>
</testsuite> <!-- com.nbcd.Test.TCActivationPage_VerifySucessPageCheckMark_2751 -->
