<?xml version="1.0" encoding="UTF-8"?>
<!-- Generated by org.testng.reporters.JUnitReportReporter -->
<testsuite skipped="0" hostname="EC2AMAZ-SFN1RDI" name="com.nbcd.Test.TCScalablePage_Coppacompliant_ScalableSalesPage_3588" tests="1" failures="0" timestamp="11 Apr 2018 05:25:05 GMT" time="0.704" errors="0">
  <testcase name="Coppacompliant_ScalableSalesPage_3588" time="0.704" classname="com.nbcd.Test.TCScalablePage_Coppacompliant_ScalableSalesPage_3588"/>
</testsuite> <!-- com.nbcd.Test.TCScalablePage_Coppacompliant_ScalableSalesPage_3588 -->
