<?xml version="1.0" encoding="UTF-8"?>
<!-- Generated by org.testng.reporters.JUnitReportReporter -->
<testsuite skipped="0" hostname="EC2AMAZ-SFN1RDI" name="com.nbcd.Test.TCGlobalHomePage_Global_Footerlinks_Nav" tests="1" failures="0" timestamp="11 Apr 2018 05:25:04 GMT" time="1129.957" errors="0">
  <testcase name="Global_Footerlinks_Nav" time="1129.957" classname="com.nbcd.Test.TCGlobalHomePage_Global_Footerlinks_Nav"/>
</testsuite> <!-- com.nbcd.Test.TCGlobalHomePage_Global_Footerlinks_Nav -->
