<?xml version="1.0" encoding="UTF-8"?>
<!-- Generated by org.testng.reporters.JUnitReportReporter -->
<testsuite skipped="0" hostname="EC2AMAZ-SFN1RDI" name="com.nbcd.Test.TCActivationPage_URLRoutingforactivationpage_NBCRESP3518" tests="1" failures="0" timestamp="11 Apr 2018 05:25:04 GMT" time="11.869" errors="0">
  <testcase name="URLRoutingforactivationpage_NBCRESP3518" time="11.869" classname="com.nbcd.Test.TCActivationPage_URLRoutingforactivationpage_NBCRESP3518"/>
</testsuite> <!-- com.nbcd.Test.TCActivationPage_URLRoutingforactivationpage_NBCRESP3518 -->
