<?xml version="1.0" encoding="UTF-8"?>
<!-- Generated by org.testng.reporters.JUnitReportReporter -->
<testsuite skipped="0" hostname="EC2AMAZ-SFN1RDI" name="com.nbcd.Test.TCGlobalHomePage_GlobalHomepage_Mobile_VerifytheShowsinalphabeticalorder_NBCRESP271" tests="1" failures="0" timestamp="10 Apr 2018 13:52:32 GMT" time="55.007" errors="0">
  <testcase name="Global_BodyAd" time="55.007" classname="com.nbcd.Test.TCGlobalHomePage_GlobalHomepage_Mobile_VerifytheShowsinalphabeticalorder_NBCRESP271"/>
</testsuite> <!-- com.nbcd.Test.TCGlobalHomePage_GlobalHomepage_Mobile_VerifytheShowsinalphabeticalorder_NBCRESP271 -->
