<?xml version="1.0" encoding="UTF-8"?>
<!-- Generated by org.testng.reporters.JUnitReportReporter -->
<testsuite skipped="0" hostname="EC2AMAZ-SFN1RDI" name="com.nbcd.Test.TCContact_Mobile_MistypeurlcontactusredirectsContactUs_NBCRESP_6030" tests="1" failures="0" timestamp="10 Apr 2018 13:52:32 GMT" time="45.115" errors="0">
  <testcase name="Mobile_MistypeurlcontactusredirectsContactUs_NBCRESP_6030" time="45.115" classname="com.nbcd.Test.TCContact_Mobile_MistypeurlcontactusredirectsContactUs_NBCRESP_6030"/>
</testsuite> <!-- com.nbcd.Test.TCContact_Mobile_MistypeurlcontactusredirectsContactUs_NBCRESP_6030 -->
