<?xml version="1.0" encoding="UTF-8"?>
<!-- Generated by org.testng.reporters.JUnitReportReporter -->
<testsuite skipped="0" hostname="LTUS43208" name="com.nbcd.Test.TCLivePage_VerifyAuthFrameDetails" tests="1" failures="0" timestamp="04 Dec 2017 21:00:58 GMT" time="130.334" errors="0">
  <testcase name="VerifyAuthFrameDetails" time="130.334" classname="com.nbcd.Test.TCLivePage_VerifyAuthFrameDetails"/>
</testsuite> <!-- com.nbcd.Test.TCLivePage_VerifyAuthFrameDetails -->
