<?xml version="1.0" encoding="UTF-8"?>
<!-- Generated by org.testng.reporters.JUnitReportReporter -->
<testsuite skipped="0" hostname="EC2AMAZ-SFN1RDI" name="com.nbcd.Test.TCScalableSweeps_Desktop_Sponsoredsweepstakefrontendimages_NBCRESP_3267" tests="1" failures="0" timestamp="11 Apr 2018 05:25:05 GMT" time="124.064" errors="0">
  <testcase name="Sponsoredsweepstakefrontendimages_NBCRESP_3267" time="124.064" classname="com.nbcd.Test.TCScalableSweeps_Desktop_Sponsoredsweepstakefrontendimages_NBCRESP_3267"/>
</testsuite> <!-- com.nbcd.Test.TCScalableSweeps_Desktop_Sponsoredsweepstakefrontendimages_NBCRESP_3267 -->
