<?xml version="1.0" encoding="UTF-8"?>
<!-- Generated by org.testng.reporters.JUnitReportReporter -->
<testsuite skipped="0" hostname="LTUS43208" name="com.nbcd.Test.TCShowVideoDetailPage_VerifyAuthKeyIcon" tests="1" failures="0" timestamp="04 Dec 2017 21:00:58 GMT" time="170.081" errors="0">
  <testcase name="VerifyAuthKeyIcon" time="170.081" classname="com.nbcd.Test.TCShowVideoDetailPage_VerifyAuthKeyIcon"/>
</testsuite> <!-- com.nbcd.Test.TCShowVideoDetailPage_VerifyAuthKeyIcon -->
