<?xml version="1.0" encoding="UTF-8"?>
<!-- Generated by org.testng.reporters.JUnitReportReporter -->
<testsuite skipped="0" hostname="EC2AMAZ-SFN1RDI" name="com.nbcd.Test.TCShowVideoDetailPage_Mobile_Android_NBCRESP_2569" tests="1" failures="0" timestamp="07 Apr 2018 10:35:11 GMT" time="53.648" errors="0">
  <testcase name="Mobile_Verify_NBCRESP_2569" time="53.648" classname="com.nbcd.Test.TCShowVideoDetailPage_Mobile_Android_NBCRESP_2569"/>
</testsuite> <!-- com.nbcd.Test.TCShowVideoDetailPage_Mobile_Android_NBCRESP_2569 -->
