<?xml version="1.0" encoding="UTF-8"?>
<!-- Generated by org.testng.reporters.JUnitReportReporter -->
<testsuite skipped="0" hostname="EC2AMAZ-SFN1RDI" name="com.nbcd.Test.TCSearchLiveVerify_Behavior_Criteria_Episode" tests="1" failures="0" timestamp="11 Apr 2018 05:25:05 GMT" time="21.305" errors="0">
  <testcase name="LiveVerify_Behavior_Criteria_Episode" time="21.305" classname="com.nbcd.Test.TCSearchLiveVerify_Behavior_Criteria_Episode"/>
</testsuite> <!-- com.nbcd.Test.TCSearchLiveVerify_Behavior_Criteria_Episode -->
