<?xml version="1.0" encoding="UTF-8"?>
<!-- Generated by org.testng.reporters.JUnitReportReporter -->
<testsuite skipped="0" hostname="EC2AMAZ-SFN1RDI" name="com.nbcd.Test.TCShowHomePage2_Showhomepage_Featuregif_3707" tests="1" failures="0" timestamp="11 Apr 2018 05:25:03 GMT" time="12.277" errors="0">
  <testcase name="Showhomepage_Featuregif_3707" time="12.277" classname="com.nbcd.Test.TCShowHomePage2_Showhomepage_Featuregif_3707"/>
</testsuite> <!-- com.nbcd.Test.TCShowHomePage2_Showhomepage_Featuregif_3707 -->
