<?xml version="1.0" encoding="UTF-8"?>
<!-- Generated by org.testng.reporters.JUnitReportReporter -->
<testsuite skipped="0" hostname="EC2AMAZ-SFN1RDI" name="com.nbcd.Test.TCSeachPage_Mob_Verify_searchresultbehaviour_5630" tests="1" failures="0" timestamp="10 Apr 2018 13:52:32 GMT" time="102.330" errors="0">
  <testcase name="Mob_Verify_searchresultbehaviour_5630" time="102.330" classname="com.nbcd.Test.TCSeachPage_Mob_Verify_searchresultbehaviour_5630"/>
</testsuite> <!-- com.nbcd.Test.TCSeachPage_Mob_Verify_searchresultbehaviour_5630 -->
