<?xml version="1.0" encoding="UTF-8"?>
<!-- Generated by org.testng.reporters.JUnitReportReporter -->
<testsuite skipped="0" hostname="EC2AMAZ-SFN1RDI" name="com.nbcd.Test.TCAllShowsPage_VerifyAllShowPageThrowback_2275" tests="1" failures="0" timestamp="11 Apr 2018 05:25:05 GMT" time="8.858" errors="0">
  <testcase name="VerifyAllShowPageThrowback" time="8.858" classname="com.nbcd.Test.TCAllShowsPage_VerifyAllShowPageThrowback_2275"/>
</testsuite> <!-- com.nbcd.Test.TCAllShowsPage_VerifyAllShowPageThrowback_2275 -->
