<?xml version="1.0" encoding="UTF-8"?>
<!-- Generated by org.testng.reporters.JUnitReportReporter -->
<testsuite skipped="0" hostname="LTUS43208" name="com.nbcd.Test.TCSchedulePage_Verify_Schedule_Section" tests="1" failures="0" timestamp="07 Dec 2017 19:06:01 GMT" time="49.637" errors="0">
  <testcase name="TCSchedulePage_Verify_Schedule_Section_Page" time="49.637" classname="com.nbcd.Test.TCSchedulePage_Verify_Schedule_Section"/>
</testsuite> <!-- com.nbcd.Test.TCSchedulePage_Verify_Schedule_Section -->
