<?xml version="1.0" encoding="UTF-8"?>
<!-- Generated by org.testng.reporters.JUnitReportReporter -->
<testsuite skipped="0" hostname="EC2AMAZ-SFN1RDI" name="com.nbcd.Test.TCSearchEpisodespageVerify_Episode_meta_data" tests="1" failures="0" timestamp="11 Apr 2018 05:25:04 GMT" time="69.897" errors="0">
  <testcase name="EpisodespageVerify_Episode_meta_data" time="69.897" classname="com.nbcd.Test.TCSearchEpisodespageVerify_Episode_meta_data"/>
</testsuite> <!-- com.nbcd.Test.TCSearchEpisodespageVerify_Episode_meta_data -->
