<?xml version="1.0" encoding="UTF-8"?>
<!-- Generated by org.testng.reporters.JUnitReportReporter -->
<testsuite skipped="0" hostname="EC2AMAZ-SFN1RDI" name="com.nbcd.Test.TCSearchScheduleVerify_Show_areas_details" tests="1" failures="0" timestamp="11 Apr 2018 05:25:04 GMT" time="16.885" errors="0">
  <testcase name="ScheduleVerify_Show_areas_details" time="16.885" classname="com.nbcd.Test.TCSearchScheduleVerify_Show_areas_details"/>
</testsuite> <!-- com.nbcd.Test.TCSearchScheduleVerify_Show_areas_details -->
