<?xml version="1.0" encoding="UTF-8"?>
<!-- Generated by org.testng.reporters.JUnitReportReporter -->
<testsuite skipped="0" hostname="EC2AMAZ-SFN1RDI" name="com.nbcd.Test.TCSearchScheduleVerify_Default_Title" tests="1" failures="0" timestamp="11 Apr 2018 05:25:05 GMT" time="13.451" errors="0">
  <testcase name="ScheduleVerify_Default_Title" time="13.451" classname="com.nbcd.Test.TCSearchScheduleVerify_Default_Title"/>
</testsuite> <!-- com.nbcd.Test.TCSearchScheduleVerify_Default_Title -->
