<?xml version="1.0" encoding="UTF-8"?>
<!-- Generated by org.testng.reporters.JUnitReportReporter -->
<testsuite skipped="0" hostname="EC2AMAZ-SFN1RDI" name="com.nbcd.Test.TCIdentity_VerifyFaceBook_3488" tests="1" failures="0" timestamp="11 Apr 2018 05:25:03 GMT" time="18.164" errors="0">
  <testcase name="VerifyFaceBook_3488" time="18.164" classname="com.nbcd.Test.TCIdentity_VerifyFaceBook_3488"/>
</testsuite> <!-- com.nbcd.Test.TCIdentity_VerifyFaceBook_3488 -->
