<?xml version="1.0" encoding="UTF-8"?>
<!-- Generated by org.testng.reporters.JUnitReportReporter -->
<testsuite skipped="0" hostname="EC2AMAZ-SFN1RDI" name="com.nbcd.Test.TCShowHomePage_Mobile_verifyclipstaggedtohidesalesinclicpssection_NBCRESP_1436" tests="1" failures="0" timestamp="10 Apr 2018 13:52:33 GMT" time="172.234" errors="0">
  <testcase name="PGShowHomePage_Mobile_verifyclipstaggedtohidesalesinclicpssection_NBCRESP_1436" time="172.234" classname="com.nbcd.Test.TCShowHomePage_Mobile_verifyclipstaggedtohidesalesinclicpssection_NBCRESP_1436"/>
</testsuite> <!-- com.nbcd.Test.TCShowHomePage_Mobile_verifyclipstaggedtohidesalesinclicpssection_NBCRESP_1436 -->
