<?xml version="1.0" encoding="UTF-8"?>
<!-- Generated by org.testng.reporters.JUnitReportReporter -->
<testsuite skipped="0" hostname="EC2AMAZ-SFN1RDI" name="com.nbcd.Test.TCShowHomePage_Verifyclipisplayedingenereticsitewhendataisnotavailable_NBCRESP3830" tests="1" failures="0" timestamp="11 Apr 2018 05:25:04 GMT" time="9.938" errors="0">
  <testcase name="Verifyclipisplayedingenereticsitewhendataisnotavailable_NBCRESP3830" time="9.938" classname="com.nbcd.Test.TCShowHomePage_Verifyclipisplayedingenereticsitewhendataisnotavailable_NBCRESP3830"/>
</testsuite> <!-- com.nbcd.Test.TCShowHomePage_Verifyclipisplayedingenereticsitewhendataisnotavailable_NBCRESP3830 -->
