<?xml version="1.0" encoding="UTF-8"?>
<!-- Generated by org.testng.reporters.JUnitReportReporter -->
<testsuite skipped="0" hostname="EC2AMAZ-SFN1RDI" name="com.nbcd.Test.TCSearchScheduleVerify_Behavior_Criteria_Episode" tests="1" failures="0" timestamp="11 Apr 2018 05:25:03 GMT" time="19.176" errors="0">
  <testcase name="ScheduleVerify_Behavior_Criteria_Episode" time="19.176" classname="com.nbcd.Test.TCSearchScheduleVerify_Behavior_Criteria_Episode"/>
</testsuite> <!-- com.nbcd.Test.TCSearchScheduleVerify_Behavior_Criteria_Episode -->
