<?xml version="1.0" encoding="UTF-8"?>
<!-- Generated by org.testng.reporters.JUnitReportReporter -->
<testsuite skipped="0" hostname="EC2AMAZ-SFN1RDI" name="com.nbcd.Test.TCSearchEpisodespageVerify_Search_for_episode" tests="1" failures="0" timestamp="11 Apr 2018 05:25:04 GMT" time="21.751" errors="0">
  <testcase name="EpisodespageVerify_Search_for_episode" time="21.751" classname="com.nbcd.Test.TCSearchEpisodespageVerify_Search_for_episode"/>
</testsuite> <!-- com.nbcd.Test.TCSearchEpisodespageVerify_Search_for_episode -->
