<?xml version="1.0" encoding="UTF-8"?>
<!-- Generated by org.testng.reporters.JUnitReportReporter -->
<testsuite skipped="0" hostname="EC2AMAZ-SFN1RDI" name="com.nbcd.Test.TCShowHomePage_Mobile_verifyFilterisinEpisodesection_DBB_3687" tests="1" failures="0" timestamp="10 Apr 2018 13:52:33 GMT" time="111.669" errors="0">
  <testcase name="Mobile_verifyFilterisinEpisodesection_DBB_3687" time="111.669" classname="com.nbcd.Test.TCShowHomePage_Mobile_verifyFilterisinEpisodesection_DBB_3687"/>
</testsuite> <!-- com.nbcd.Test.TCShowHomePage_Mobile_verifyFilterisinEpisodesection_DBB_3687 -->
