<?xml version="1.0" encoding="UTF-8"?>
<!-- Generated by org.testng.reporters.JUnitReportReporter -->
<testsuite skipped="0" hostname="EC2AMAZ-SFN1RDI" name="com.nbcd.Test.TCShowInnerEpisode_applinks_NBCRESP_2259" tests="1" failures="0" timestamp="11 Apr 2018 05:25:05 GMT" time="10.402" errors="0">
  <testcase name="applinks" time="10.402" classname="com.nbcd.Test.TCShowInnerEpisode_applinks_NBCRESP_2259"/>
</testsuite> <!-- com.nbcd.Test.TCShowInnerEpisode_applinks_NBCRESP_2259 -->
