<?xml version="1.0" encoding="UTF-8"?>
<!-- Generated by org.testng.reporters.JUnitReportReporter -->
<testsuite skipped="0" hostname="EC2AMAZ-SFN1RDI" name="com.nbcd.Test.TCIdentity_VerifySweepStakesFormRegister_5982" tests="1" failures="0" timestamp="11 Apr 2018 05:25:05 GMT" time="7.501" errors="0">
  <testcase name="VerifySweepStakesFormRegister_5982" time="7.501" classname="com.nbcd.Test.TCIdentity_VerifySweepStakesFormRegister_5982"/>
</testsuite> <!-- com.nbcd.Test.TCIdentity_VerifySweepStakesFormRegister_5982 -->
