<?xml version="1.0" encoding="UTF-8"?>
<!-- Generated by org.testng.reporters.JUnitReportReporter -->
<testsuite skipped="0" hostname="LTUS43208" name="com.nbcd.Test.TCShowHomePage_VerifyThe300x250_Display_Ad" tests="1" failures="0" timestamp="04 Dec 2017 21:49:58 GMT" time="15.312" errors="0">
  <testcase name="Verify_Display_Ad" time="15.312" classname="com.nbcd.Test.TCShowHomePage_VerifyThe300x250_Display_Ad"/>
</testsuite> <!-- com.nbcd.Test.TCShowHomePage_VerifyThe300x250_Display_Ad -->
