<?xml version="1.0" encoding="UTF-8"?>
<!-- Generated by org.testng.reporters.JUnitReportReporter -->
<testsuite skipped="0" hostname="EC2AMAZ-SFN1RDI" name="com.nbcd.Test.TCGlobalHomePage_Verify_NBCRESP_3571" tests="1" failures="0" timestamp="11 Apr 2018 05:25:05 GMT" time="56.761" errors="0">
  <testcase name="Verify_NBCRESP_3571" time="56.761" classname="com.nbcd.Test.TCGlobalHomePage_Verify_NBCRESP_3571"/>
</testsuite> <!-- com.nbcd.Test.TCGlobalHomePage_Verify_NBCRESP_3571 -->
