<?xml version="1.0" encoding="UTF-8"?>
<!-- Generated by org.testng.reporters.JUnitReportReporter -->
<testsuite skipped="0" hostname="EC2AMAZ-SFN1RDI" name="com.nbcd.Test.TCShowHomePage_Verify_About_Section_NBCRESP_804" tests="1" failures="0" timestamp="11 Apr 2018 05:25:05 GMT" time="8.272" errors="0">
  <testcase name="Verify_About_Section" time="8.272" classname="com.nbcd.Test.TCShowHomePage_Verify_About_Section_NBCRESP_804"/>
</testsuite> <!-- com.nbcd.Test.TCShowHomePage_Verify_About_Section_NBCRESP_804 -->
