<?xml version="1.0" encoding="UTF-8"?>
<!-- Generated by org.testng.reporters.JUnitReportReporter -->
<testsuite skipped="0" hostname="EC2AMAZ-SFN1RDI" name="com.nbcd.Test.TCShowVideoDetailPage_NBCRESP_3839" tests="1" failures="0" timestamp="11 Apr 2018 05:25:05 GMT" time="13.651" errors="0">
  <testcase name="smartlink_3839" time="13.651" classname="com.nbcd.Test.TCShowVideoDetailPage_NBCRESP_3839"/>
</testsuite> <!-- com.nbcd.Test.TCShowVideoDetailPage_NBCRESP_3839 -->
