<?xml version="1.0" encoding="UTF-8"?>
<!-- Generated by org.testng.reporters.JUnitReportReporter -->
<testsuite skipped="0" hostname="EC2AMAZ-SFN1RDI" name="com.nbcd.Test.TCScalableSweeps_Mobile_Featurecollection_3207" tests="1" failures="0" timestamp="10 Apr 2018 13:52:32 GMT" time="144.756" errors="0">
  <testcase name="Mobile_Featurecollection_3207" time="144.756" classname="com.nbcd.Test.TCScalableSweeps_Mobile_Featurecollection_3207"/>
</testsuite> <!-- com.nbcd.Test.TCScalableSweeps_Mobile_Featurecollection_3207 -->
