<?xml version="1.0" encoding="UTF-8"?>
<!-- Generated by org.testng.reporters.JUnitReportReporter -->
<testsuite skipped="0" hostname="EC2AMAZ-SFN1RDI" name="com.nbcd.Test.TCSchedulePage_Verify_Show_Name_Link_NBCRESP_1213" tests="1" failures="0" timestamp="11 Apr 2018 05:25:05 GMT" time="12.334" errors="0">
  <testcase name="SchedulePage_Verify_Show_NameLink" time="12.334" classname="com.nbcd.Test.TCSchedulePage_Verify_Show_Name_Link_NBCRESP_1213"/>
</testsuite> <!-- com.nbcd.Test.TCSchedulePage_Verify_Show_Name_Link_NBCRESP_1213 -->
