<?xml version="1.0" encoding="UTF-8"?>
<!-- Generated by org.testng.reporters.JUnitReportReporter -->
<testsuite skipped="0" hostname="EC2AMAZ-SFN1RDI" name="com.nbcd.Test.TCScalablePage_Verify_NBCRESP_3650" tests="1" failures="0" timestamp="11 Apr 2018 05:25:04 GMT" time="85.588" errors="0">
  <testcase name="Verify_NBCRESP_3650" time="85.588" classname="com.nbcd.Test.TCScalablePage_Verify_NBCRESP_3650"/>
</testsuite> <!-- com.nbcd.Test.TCScalablePage_Verify_NBCRESP_3650 -->
