<?xml version="1.0" encoding="UTF-8"?>
<!-- Generated by org.testng.reporters.JUnitReportReporter -->
<testsuite skipped="0" hostname="EC2AMAZ-SFN1RDI" name="com.nbcd.Test.TCShowVideoDetailPage_VerifySchema_org_FixesVideoDetailPage_3807" tests="1" failures="0" timestamp="11 Apr 2018 05:25:04 GMT" time="77.803" errors="0">
  <testcase name="VerifySchema_org_FixesVideoDetailPage_3807" time="77.803" classname="com.nbcd.Test.TCShowVideoDetailPage_VerifySchema_org_FixesVideoDetailPage_3807"/>
</testsuite> <!-- com.nbcd.Test.TCShowVideoDetailPage_VerifySchema_org_FixesVideoDetailPage_3807 -->
