<?xml version="1.0" encoding="UTF-8"?>
<!-- Generated by org.testng.reporters.JUnitReportReporter -->
<testsuite skipped="0" hostname="EC2AMAZ-SFN1RDI" name="com.nbcd.Test.TCShowVideoDetailPage_NBCRESP_3818" tests="1" failures="0" timestamp="11 Apr 2018 05:25:03 GMT" time="156.954" errors="0">
  <testcase name="Verify_NBCRESP_3818" time="156.954" classname="com.nbcd.Test.TCShowVideoDetailPage_NBCRESP_3818"/>
</testsuite> <!-- com.nbcd.Test.TCShowVideoDetailPage_NBCRESP_3818 -->
