<?xml version="1.0" encoding="UTF-8"?>
<!-- Generated by org.testng.reporters.JUnitReportReporter -->
<testsuite skipped="0" hostname="LTUS43208" name="com.nbcd.Test.TCShowHomePage_Verify_Responsive_Navigation_Bar" tests="1" failures="0" timestamp="04 Dec 2017 21:00:58 GMT" time="21.195" errors="0">
  <testcase name="Verify_Responsive_Navigation_Bar" time="21.195" classname="com.nbcd.Test.TCShowHomePage_Verify_Responsive_Navigation_Bar"/>
</testsuite> <!-- com.nbcd.Test.TCShowHomePage_Verify_Responsive_Navigation_Bar -->
