<?xml version="1.0" encoding="UTF-8"?>
<!-- Generated by org.testng.reporters.JUnitReportReporter -->
<testsuite skipped="0" hostname="EC2AMAZ-SFN1RDI" name="com.nbcd.Test.TCContactVerifySelectTopicListItems_1842" tests="1" failures="0" timestamp="11 Apr 2018 05:25:05 GMT" time="40.418" errors="0">
  <testcase name="VerifySelectTopicListItems" time="40.418" classname="com.nbcd.Test.TCContactVerifySelectTopicListItems_1842"/>
</testsuite> <!-- com.nbcd.Test.TCContactVerifySelectTopicListItems_1842 -->
