<?xml version="1.0" encoding="UTF-8"?>
<!-- Generated by org.testng.reporters.JUnitReportReporter -->
<testsuite skipped="0" hostname="EC2AMAZ-SFN1RDI" name="com.nbcd.Test.TCTSJFGuestDetailPage_VerifyRelatedClipsAreadisplayedinGuestDetailpage_NBCRESP4124" tests="1" failures="0" timestamp="11 Apr 2018 05:25:03 GMT" time="7.551" errors="0">
  <testcase name="VerifyRelatedClipsAreadisplayedinGuestDetailpage_NBCRESP4124" time="7.551" classname="com.nbcd.Test.TCTSJFGuestDetailPage_VerifyRelatedClipsAreadisplayedinGuestDetailpage_NBCRESP4124"/>
</testsuite> <!-- com.nbcd.Test.TCTSJFGuestDetailPage_VerifyRelatedClipsAreadisplayedinGuestDetailpage_NBCRESP4124 -->
