<?xml version="1.0" encoding="UTF-8"?>
<!-- Generated by org.testng.reporters.JUnitReportReporter -->
<testsuite skipped="0" hostname="EC2AMAZ-SFN1RDI" name="com.nbcd.Test.TCShowVideoDetailPage_Mobile_Verify_NBCRESP_1436" tests="1" failures="0" timestamp="07 Apr 2018 10:35:11 GMT" time="23.688" errors="0">
  <testcase name="Verify_NBCRESP_1436" time="23.688" classname="com.nbcd.Test.TCShowVideoDetailPage_Mobile_Verify_NBCRESP_1436"/>
</testsuite> <!-- com.nbcd.Test.TCShowVideoDetailPage_Mobile_Verify_NBCRESP_1436 -->
