<?xml version="1.0" encoding="UTF-8"?>
<!-- Generated by org.testng.reporters.JUnitReportReporter -->
<testsuite skipped="0" hostname="EC2AMAZ-SFN1RDI" name="com.nbcd.Test.TCGlobalHomePage_Mobile_Verify_NBCRESP_1163" tests="1" failures="0" timestamp="10 Apr 2018 13:52:33 GMT" time="21.260" errors="0">
  <testcase name="Mobile_Verify_NBCRESP_1163" time="21.260" classname="com.nbcd.Test.TCGlobalHomePage_Mobile_Verify_NBCRESP_1163"/>
</testsuite> <!-- com.nbcd.Test.TCGlobalHomePage_Mobile_Verify_NBCRESP_1163 -->
