<?xml version="1.0" encoding="UTF-8"?>
<!-- Generated by org.testng.reporters.JUnitReportReporter -->
<testsuite skipped="0" hostname="EC2AMAZ-SFN1RDI" name="com.nbcd.Test.TCScalableSweeps_Mob_Confirmationmessage_sweeps3281" tests="1" failures="0" timestamp="10 Apr 2018 13:52:32 GMT" time="79.251" errors="0">
  <testcase name="TCScalableSweeps_Mob_Confirmationmessage_sweeps3281" time="79.251" classname="com.nbcd.Test.TCScalableSweeps_Mob_Confirmationmessage_sweeps3281"/>
</testsuite> <!-- com.nbcd.Test.TCScalableSweeps_Mob_Confirmationmessage_sweeps3281 -->
