<?xml version="1.0" encoding="UTF-8"?>
<!-- Generated by org.testng.reporters.JUnitReportReporter -->
<testsuite skipped="0" hostname="LTUS43208" name="com.nbcd.Test.TCShowHomePage_Verify_About_Section" tests="1" failures="0" timestamp="04 Dec 2017 21:00:59 GMT" time="18.955" errors="0">
  <testcase name="Verify_About_Section" time="18.955" classname="com.nbcd.Test.TCShowHomePage_Verify_About_Section"/>
</testsuite> <!-- com.nbcd.Test.TCShowHomePage_Verify_About_Section -->
