<?xml version="1.0" encoding="UTF-8"?>
<!-- Generated by org.testng.reporters.JUnitReportReporter -->
<testsuite skipped="0" hostname="EC2AMAZ-SFN1RDI" name="com.nbcd.Test.TCSearchReusable_VideoDetailpageVerify_Behavior_Criteria_Clips" tests="1" failures="0" timestamp="11 Apr 2018 05:25:05 GMT" time="45.802" errors="0">
  <testcase name="VideoDetailpageVerify_Behavior_Criteria_Clips" time="45.802" classname="com.nbcd.Test.TCSearchReusable_VideoDetailpageVerify_Behavior_Criteria_Clips"/>
</testsuite> <!-- com.nbcd.Test.TCSearchReusable_VideoDetailpageVerify_Behavior_Criteria_Clips -->
