<?xml version="1.0" encoding="UTF-8"?>
<!-- Generated by org.testng.reporters.JUnitReportReporter -->
<testsuite skipped="0" hostname="EC2AMAZ-SFN1RDI" name="com.nbcd.Test.TCSearchAppsPageReusableVerify_search_returns_1_result" tests="1" failures="0" timestamp="11 Apr 2018 05:25:04 GMT" time="22.757" errors="0">
  <testcase name="AppsPageReusableVerify_search_returns_1_result" time="22.757" classname="com.nbcd.Test.TCSearchAppsPageReusableVerify_search_returns_1_result"/>
</testsuite> <!-- com.nbcd.Test.TCSearchAppsPageReusableVerify_search_returns_1_result -->
