<?xml version="1.0" encoding="UTF-8"?>
<!-- Generated by org.testng.reporters.JUnitReportReporter -->
<testsuite skipped="0" hostname="EC2AMAZ-SFN1RDI" name="com.nbcd.Test.TCShowHomePage_Verify_NBCRESP_3713" tests="1" failures="0" timestamp="11 Apr 2018 05:25:05 GMT" time="9.334" errors="0">
  <testcase name="Verify_NBCRESP_3713" time="9.334" classname="com.nbcd.Test.TCShowHomePage_Verify_NBCRESP_3713"/>
</testsuite> <!-- com.nbcd.Test.TCShowHomePage_Verify_NBCRESP_3713 -->
