<?xml version="1.0" encoding="UTF-8"?>
<!-- Generated by org.testng.reporters.JUnitReportReporter -->
<testsuite skipped="0" hostname="EC2AMAZ-SFN1RDI" name="com.nbcd.Test.TCShowHomePage_VerifyNoBodyAd_NBCRESP_3690" tests="1" failures="0" timestamp="11 Apr 2018 05:25:05 GMT" time="8.856" errors="0">
  <testcase name="Verify_NoBodyAd_3690" time="8.856" classname="com.nbcd.Test.TCShowHomePage_VerifyNoBodyAd_NBCRESP_3690"/>
</testsuite> <!-- com.nbcd.Test.TCShowHomePage_VerifyNoBodyAd_NBCRESP_3690 -->
