<?xml version="1.0" encoding="UTF-8"?>
<!-- Generated by org.testng.reporters.JUnitReportReporter -->
<testsuite skipped="0" hostname="AMB00966.local" name="com.nbcd.Test.TCAppShowVideoDetails_iOS_Verifytheupdatedmetadata_NIR7619" tests="1" failures="0" timestamp="04 May 2018 11:17:43 GMT" time="77.889" errors="0">
  <testcase name="iOS_Verifytheupdatedmetadata_NIR7620" time="77.889" classname="com.nbcd.Test.TCAppShowVideoDetails_iOS_Verifytheupdatedmetadata_NIR7619"/>
</testsuite> <!-- com.nbcd.Test.TCAppShowVideoDetails_iOS_Verifytheupdatedmetadata_NIR7619 -->
