<?xml version="1.0" encoding="UTF-8"?>
<!-- Generated by org.testng.reporters.JUnitReportReporter -->
<testsuite skipped="0" hostname="EC2AMAZ-SFN1RDI" name="com.nbcd.Test.TCSearchScheduleVerify_previous_search_value" tests="1" failures="0" timestamp="11 Apr 2018 05:25:04 GMT" time="30.673" errors="0">
  <testcase name="ScheduleVerify_previous_search_value" time="30.673" classname="com.nbcd.Test.TCSearchScheduleVerify_previous_search_value"/>
</testsuite> <!-- com.nbcd.Test.TCSearchScheduleVerify_previous_search_value -->
