<?xml version="1.0" encoding="UTF-8"?>
<!-- Generated by org.testng.reporters.JUnitReportReporter -->
<testsuite skipped="0" hostname="EC2AMAZ-SFN1RDI" name="com.nbcd.Test.TCShowVideoDetailPage_Desktop_NBCRESP_6531" tests="1" failures="0" timestamp="11 Apr 2018 05:25:04 GMT" time="85.511" errors="0">
  <testcase name="Verify_NBCRESP_6531" time="85.511" classname="com.nbcd.Test.TCShowVideoDetailPage_Desktop_NBCRESP_6531"/>
</testsuite> <!-- com.nbcd.Test.TCShowVideoDetailPage_Desktop_NBCRESP_6531 -->
