<?xml version="1.0" encoding="UTF-8"?>
<!-- Generated by org.testng.reporters.JUnitReportReporter -->
<testsuite skipped="0" hostname="EC2AMAZ-SFN1RDI" name="com.nbcd.Test.TCScalableSweeps_Mobile_IframeContentboxexternalNotchecked_NBCRESP_3203" tests="1" failures="0" timestamp="10 Apr 2018 13:52:32 GMT" time="117.857" errors="0">
  <testcase name="Mobile_IframeContentboxexternalchecked_NBCRESP_3203" time="117.857" classname="com.nbcd.Test.TCScalableSweeps_Mobile_IframeContentboxexternalNotchecked_NBCRESP_3203"/>
</testsuite> <!-- com.nbcd.Test.TCScalableSweeps_Mobile_IframeContentboxexternalNotchecked_NBCRESP_3203 -->
