<?xml version="1.0" encoding="UTF-8"?>
<!-- Generated by org.testng.reporters.JUnitReportReporter -->
<testsuite skipped="0" hostname="EC2AMAZ-SFN1RDI" name="com.nbcd.Test.TCShowHomePage_043VerifyFaceBook_SNLTags_DBB_3078" tests="1" failures="0" timestamp="11 Apr 2018 05:25:05 GMT" time="28.820" errors="0">
  <testcase name="FB_SNLTags" time="28.820" classname="com.nbcd.Test.TCShowHomePage_043VerifyFaceBook_SNLTags_DBB_3078"/>
</testsuite> <!-- com.nbcd.Test.TCShowHomePage_043VerifyFaceBook_SNLTags_DBB_3078 -->
