<?xml version="1.0" encoding="UTF-8"?>
<!-- Generated by org.testng.reporters.JUnitReportReporter -->
<testsuite skipped="0" hostname="EC2AMAZ-SFN1RDI" name="com.nbcd.Test.TCIdentity_Verify_ContentPlayBack_5337" tests="1" failures="0" timestamp="11 Apr 2018 05:25:04 GMT" time="8.681" errors="0">
  <testcase name="VerifyContentplayback" time="8.681" classname="com.nbcd.Test.TCIdentity_Verify_ContentPlayBack_5337"/>
</testsuite> <!-- com.nbcd.Test.TCIdentity_Verify_ContentPlayBack_5337 -->
