<?xml version="1.0" encoding="UTF-8"?>
<!-- Generated by org.testng.reporters.JUnitReportReporter -->
<testsuite skipped="0" hostname="EC2AMAZ-SFN1RDI" name="com.nbcd.Test.TCSearchShowhomepageVerify_search_no_result_latest_3_shows" tests="1" failures="0" timestamp="11 Apr 2018 05:25:03 GMT" time="19.970" errors="0">
  <testcase name="ShowhomepageVerify_search_no_result_latest_3_shows" time="19.970" classname="com.nbcd.Test.TCSearchShowhomepageVerify_search_no_result_latest_3_shows"/>
</testsuite> <!-- com.nbcd.Test.TCSearchShowhomepageVerify_search_no_result_latest_3_shows -->
