<?xml version="1.0" encoding="UTF-8"?>
<!-- Generated by org.testng.reporters.JUnitReportReporter -->
<testsuite skipped="0" hostname="EC2AMAZ-SFN1RDI" name="com.nbcd.Test.TCSearchLiveVerify_Collection_of_3_shows" tests="1" failures="0" timestamp="11 Apr 2018 05:25:03 GMT" time="19.291" errors="0">
  <testcase name="LiveVerify_Collection_of_3_shows" time="19.291" classname="com.nbcd.Test.TCSearchLiveVerify_Collection_of_3_shows"/>
</testsuite> <!-- com.nbcd.Test.TCSearchLiveVerify_Collection_of_3_shows -->
