<?xml version="1.0" encoding="UTF-8"?>
<!-- Generated by org.testng.reporters.JUnitReportReporter -->
<testsuite skipped="0" hostname="EC2AMAZ-SFN1RDI" name="com.nbcd.Test.TCPhotosLandingPage_NBCRESP_3644" tests="1" failures="0" timestamp="11 Apr 2018 05:25:04 GMT" time="68.403" errors="0">
  <testcase name="Verify_NBCRESP_3644" time="68.403" classname="com.nbcd.Test.TCPhotosLandingPage_NBCRESP_3644"/>
</testsuite> <!-- com.nbcd.Test.TCPhotosLandingPage_NBCRESP_3644 -->
