<?xml version="1.0" encoding="UTF-8"?>
<!-- Generated by org.testng.reporters.JUnitReportReporter -->
<testsuite skipped="0" hostname="AIM00291.local" name="com.nbcd.Test.TCSchedulePage_Mobile_VerifyWatchLiveShowCTA_NBCRESP_1956" tests="1" failures="0" timestamp="11 Apr 2018 10:33:02 GMT" time="134.648" errors="0">
  <testcase name="Mobile_VerifyWatchLiveShowCTA_NBCRESP_1956" time="134.648" classname="com.nbcd.Test.TCSchedulePage_Mobile_VerifyWatchLiveShowCTA_NBCRESP_1956"/>
</testsuite> <!-- com.nbcd.Test.TCSchedulePage_Mobile_VerifyWatchLiveShowCTA_NBCRESP_1956 -->
