<?xml version="1.0" encoding="UTF-8"?>
<!-- Generated by org.testng.reporters.JUnitReportReporter -->
<testsuite skipped="0" hostname="EC2AMAZ-SFN1RDI" name="com.nbcd.Test.TCShowInnerEpisode_Mobile_VerifyGlobalNavigation_expiredepisode" tests="1" failures="0" timestamp="10 Apr 2018 13:52:32 GMT" time="201.072" errors="0">
  <testcase name="Mobile_VerifyGlobalNavigation_expiredepisode" time="201.072" classname="com.nbcd.Test.TCShowInnerEpisode_Mobile_VerifyGlobalNavigation_expiredepisode"/>
</testsuite> <!-- com.nbcd.Test.TCShowInnerEpisode_Mobile_VerifyGlobalNavigation_expiredepisode -->
