<?xml version="1.0" encoding="UTF-8"?>
<!-- Generated by org.testng.reporters.JUnitReportReporter -->
<testsuite skipped="0" hostname="EC2AMAZ-SFN1RDI" name="com.nbcd.Test.TCIdentity_Verify_Password_Reset" tests="1" failures="0" timestamp="11 Apr 2018 05:25:05 GMT" time="14.196" errors="0">
  <testcase name="Verifypasswordreset" time="14.196" classname="com.nbcd.Test.TCIdentity_Verify_Password_Reset"/>
</testsuite> <!-- com.nbcd.Test.TCIdentity_Verify_Password_Reset -->
