<?xml version="1.0" encoding="UTF-8"?>
<!-- Generated by org.testng.reporters.JUnitReportReporter -->
<testsuite skipped="0" hostname="EC2AMAZ-SFN1RDI" name="com.nbcd.Test.TCSearchShowhomepageVerify_search_returns_1_result" tests="1" failures="0" timestamp="11 Apr 2018 05:25:04 GMT" time="16.099" errors="0">
  <testcase name="ShowhomepageVerify_search_returns_1_result" time="16.099" classname="com.nbcd.Test.TCSearchShowhomepageVerify_search_returns_1_result"/>
</testsuite> <!-- com.nbcd.Test.TCSearchShowhomepageVerify_search_returns_1_result -->
