<?xml version="1.0" encoding="UTF-8"?>
<!-- Generated by org.testng.reporters.JUnitReportReporter -->
<testsuite skipped="0" hostname="EC2AMAZ-SFN1RDI" name="com.nbcd.Test.TCAllShowsPage_Tab_classicshowsThrowback_NBCRESP_2275" tests="2" failures="0" timestamp="11 Apr 2018 05:25:08 GMT" time="0.013" errors="2">
  <testcase name="closeAllDriver" time="0.000" classname="com.nbcd.Test.TCAllShowsPage_Tab_classicshowsThrowback_NBCRESP_2275">
    <error type="java.lang.NullPointerException">
      <![CDATA[java.lang.NullPointerException
at com.nbcd.GenericLib.GetWebDriverInstance.closeAllDriver(GetWebDriverInstance.java:222)
at sun.reflect.GeneratedMethodAccessor35.invoke(Unknown Source)
at sun.reflect.DelegatingMethodAccessorImpl.invoke(Unknown Source)
at java.lang.reflect.Method.invoke(Unknown Source)
at org.testng.internal.MethodInvocationHelper.invokeMethod(MethodInvocationHelper.java:124)
at org.testng.internal.MethodInvocationHelper.invokeMethodConsideringTimeout(MethodInvocationHelper.java:59)
at org.testng.internal.Invoker.invokeConfigurationMethod(Invoker.java:455)
at org.testng.internal.Invoker.invokeConfigurations(Invoker.java:222)
at org.testng.internal.Invoker.invokeMethod(Invoker.java:643)
at org.testng.internal.Invoker.invokeTestMethod(Invoker.java:716)
at org.testng.internal.Invoker.invokeTestMethods(Invoker.java:988)
at org.testng.internal.TestMethodWorker.invokeTestMethods(TestMethodWorker.java:125)
at org.testng.internal.TestMethodWorker.run(TestMethodWorker.java:109)
at java.util.concurrent.ThreadPoolExecutor.runWorker(Unknown Source)
at java.util.concurrent.ThreadPoolExecutor$Worker.run(Unknown Source)
at java.lang.Thread.run(Unknown Source)
]]>
    </error>
  </testcase> <!-- closeAllDriver -->
  <testcase name="Tab_classicshowsThrowback_NBCRESP_2275" time="0.013" classname="com.nbcd.Test.TCAllShowsPage_Tab_classicshowsThrowback_NBCRESP_2275">
    <error type="java.lang.NullPointerException">
      <![CDATA[java.lang.NullPointerException
at com.nbcd.GenericLib.Extent_Reports.executionLog(Extent_Reports.java:134)
at com.nbcd.Pages.PGAllShowsPage.Mobile_classicshowsThrowback_NBCRESP_2275(PGAllShowsPage.java:559)
at com.nbcd.Test.TCAllShowsPage_Tab_classicshowsThrowback_NBCRESP_2275.Tab_classicshowsThrowback_NBCRESP_2275(TCAllShowsPage_Tab_classicshowsThrowback_NBCRESP_2275.java:19)
at sun.reflect.NativeMethodAccessorImpl.invoke0(Native Method)
at sun.reflect.NativeMethodAccessorImpl.invoke(Unknown Source)
at sun.reflect.DelegatingMethodAccessorImpl.invoke(Unknown Source)
at java.lang.reflect.Method.invoke(Unknown Source)
at org.testng.internal.MethodInvocationHelper.invokeMethod(MethodInvocationHelper.java:124)
at org.testng.internal.Invoker.invokeMethod(Invoker.java:580)
at org.testng.internal.Invoker.invokeTestMethod(Invoker.java:716)
at org.testng.internal.Invoker.invokeTestMethods(Invoker.java:988)
at org.testng.internal.TestMethodWorker.invokeTestMethods(TestMethodWorker.java:125)
at org.testng.internal.TestMethodWorker.run(TestMethodWorker.java:109)
at java.util.concurrent.ThreadPoolExecutor.runWorker(Unknown Source)
at java.util.concurrent.ThreadPoolExecutor$Worker.run(Unknown Source)
at java.lang.Thread.run(Unknown Source)
]]>
    </error>
  </testcase> <!-- Tab_classicshowsThrowback_NBCRESP_2275 -->
</testsuite> <!-- com.nbcd.Test.TCAllShowsPage_Tab_classicshowsThrowback_NBCRESP_2275 -->
