<?xml version="1.0" encoding="UTF-8"?>
<!-- Generated by org.testng.reporters.JUnitReportReporter -->
<testsuite skipped="0" hostname="LTUS43208" name="com.nbcd.Test.TCPhotoDetailsPage" tests="1" failures="0" timestamp="04 Dec 2017 21:00:59 GMT" time="83.308" errors="0">
  <testcase name="VerifyPhotoDetails_Page" time="83.308" classname="com.nbcd.Test.TCPhotoDetailsPage"/>
</testsuite> <!-- com.nbcd.Test.TCPhotoDetailsPage -->
