<?xml version="1.0" encoding="UTF-8"?>
<!-- Generated by org.testng.reporters.JUnitReportReporter -->
<testsuite skipped="0" hostname="EC2AMAZ-SFN1RDI" name="com.nbcd.Test.TCAllVideosPage_Verify_Episodespage_Topbanner_DBB_3732" tests="1" failures="0" timestamp="11 Apr 2018 05:25:05 GMT" time="13.870" errors="0">
  <testcase name="Verify_Episodespage_Topbanner_DBB_3732" time="13.870" classname="com.nbcd.Test.TCAllVideosPage_Verify_Episodespage_Topbanner_DBB_3732"/>
</testsuite> <!-- com.nbcd.Test.TCAllVideosPage_Verify_Episodespage_Topbanner_DBB_3732 -->
