<?xml version="1.0" encoding="UTF-8"?>
<!-- Generated by org.testng.reporters.JUnitReportReporter -->
<testsuite skipped="0" hostname="EC2AMAZ-SFN1RDI" name="com.nbcd.Test.TCScalableSweeps_Desktop_FrontEnd_Videocollection3233" tests="1" failures="0" timestamp="11 Apr 2018 05:25:04 GMT" time="89.934" errors="0">
  <testcase name="FrontEnd_Videocollection" time="89.934" classname="com.nbcd.Test.TCScalableSweeps_Desktop_FrontEnd_Videocollection3233"/>
</testsuite> <!-- com.nbcd.Test.TCScalableSweeps_Desktop_FrontEnd_Videocollection3233 -->
