<?xml version="1.0" encoding="UTF-8"?>
<!-- Generated by org.testng.reporters.JUnitReportReporter -->
<testsuite skipped="0" hostname="EC2AMAZ-SFN1RDI" name="com.nbcd.Test.TCScalableSweeps_Mob_FrontEnd_Ads_3208" tests="1" failures="0" timestamp="10 Apr 2018 13:52:33 GMT" time="14.403" errors="0">
  <testcase name="FrontEnd_Ads" time="14.403" classname="com.nbcd.Test.TCScalableSweeps_Mob_FrontEnd_Ads_3208"/>
</testsuite> <!-- com.nbcd.Test.TCScalableSweeps_Mob_FrontEnd_Ads_3208 -->
