<?xml version="1.0" encoding="UTF-8"?>
<!-- Generated by org.testng.reporters.JUnitReportReporter -->
<testsuite skipped="0" hostname="EC2AMAZ-SFN1RDI" name="com.nbcd.Test.TCSchedulePage_Mob_Verify_NBCRESP_3663" tests="1" failures="0" timestamp="10 Apr 2018 13:52:32 GMT" time="62.088" errors="0">
  <testcase name="Mob_Verify_NBCRESP_3663" time="62.088" classname="com.nbcd.Test.TCSchedulePage_Mob_Verify_NBCRESP_3663"/>
</testsuite> <!-- com.nbcd.Test.TCSchedulePage_Mob_Verify_NBCRESP_3663 -->
