<?xml version="1.0" encoding="UTF-8"?>
<!-- Generated by org.testng.reporters.JUnitReportReporter -->
<testsuite skipped="0" hostname="EC2AMAZ-SFN1RDI" name="com.nbcd.Test.TCScalableSweeps_Desktop_IframeContentboxexternalNotchecked_NBCRESP_3230" tests="1" failures="0" timestamp="11 Apr 2018 05:25:04 GMT" time="105.859" errors="0">
  <testcase name="IframeContentboxexternalNotchecked_NBCRESP_3230" time="105.859" classname="com.nbcd.Test.TCScalableSweeps_Desktop_IframeContentboxexternalNotchecked_NBCRESP_3230"/>
</testsuite> <!-- com.nbcd.Test.TCScalableSweeps_Desktop_IframeContentboxexternalNotchecked_NBCRESP_3230 -->
