<?xml version="1.0" encoding="UTF-8"?>
<!-- Generated by org.testng.reporters.JUnitReportReporter -->
<testsuite skipped="0" hostname="EC2AMAZ-SFN1RDI" name="com.nbcd.Test.TCCreditLandingPage_Verify_Credit_Role_As_Coach_NBCRESP_1341" tests="1" failures="0" timestamp="11 Apr 2018 05:25:04 GMT" time="72.084" errors="0">
  <testcase name="TCCreditLandingPage_Verify_Credit_Role_Coach" time="72.084" classname="com.nbcd.Test.TCCreditLandingPage_Verify_Credit_Role_As_Coach_NBCRESP_1341"/>
</testsuite> <!-- com.nbcd.Test.TCCreditLandingPage_Verify_Credit_Role_As_Coach_NBCRESP_1341 -->
