<?xml version="1.0" encoding="UTF-8"?>
<!-- Generated by org.testng.reporters.JUnitReportReporter -->
<testsuite skipped="0" hostname="EC2AMAZ-SFN1RDI" name="com.nbcd.Test.TCActivationPage_VerifyErrorMessageInvalidcode_2613" tests="1" failures="0" timestamp="11 Apr 2018 05:25:03 GMT" time="16.166" errors="0">
  <testcase name="VerifyErrorMessageInvalidcode" time="16.166" classname="com.nbcd.Test.TCActivationPage_VerifyErrorMessageInvalidcode_2613"/>
</testsuite> <!-- com.nbcd.Test.TCActivationPage_VerifyErrorMessageInvalidcode_2613 -->
