<?xml version="1.0" encoding="UTF-8"?>
<!-- Generated by org.testng.reporters.JUnitReportReporter -->
<testsuite skipped="0" hostname="EC2AMAZ-SFN1RDI" name="com.nbcd.Test.TCSearchAppsPageReusableVerify_Subtitle_functionality" tests="1" failures="0" timestamp="11 Apr 2018 05:25:04 GMT" time="23.620" errors="0">
  <testcase name="AppsPageReusableVerify_Subtitle_functionality" time="23.620" classname="com.nbcd.Test.TCSearchAppsPageReusableVerify_Subtitle_functionality"/>
</testsuite> <!-- com.nbcd.Test.TCSearchAppsPageReusableVerify_Subtitle_functionality -->
