<?xml version="1.0" encoding="UTF-8"?>
<!-- Generated by org.testng.reporters.JUnitReportReporter -->
<testsuite skipped="0" hostname="LTUS43208" name="com.nbcd.Test.TCShowHomePage_043VerifyFaceBookTags" tests="1" failures="0" timestamp="15 Nov 2017 22:04:14 GMT" time="0.012" errors="0">
  <testcase name="FBTags" time="0.012" classname="com.nbcd.Test.TCShowHomePage_043VerifyFaceBookTags"/>
</testsuite> <!-- com.nbcd.Test.TCShowHomePage_043VerifyFaceBookTags -->
