<?xml version="1.0" encoding="UTF-8"?>
<!-- Generated by org.testng.reporters.JUnitReportReporter -->
<testsuite skipped="0" hostname="EC2AMAZ-SFN1RDI" name="com.nbcd.Test.TCSearchLiveVerify_Search_for_clips" tests="1" failures="0" timestamp="11 Apr 2018 05:25:03 GMT" time="24.557" errors="0">
  <testcase name="LiveVerify_Search_for_clips" time="24.557" classname="com.nbcd.Test.TCSearchLiveVerify_Search_for_clips"/>
</testsuite> <!-- com.nbcd.Test.TCSearchLiveVerify_Search_for_clips -->
