<?xml version="1.0" encoding="UTF-8"?>
<!-- Generated by org.testng.reporters.JUnitReportReporter -->
<testsuite skipped="0" hostname="EC2AMAZ-SFN1RDI" name="com.nbcd.Test.TCIdentity_Verify_Signincopychanges_mob6033" tests="1" failures="0" timestamp="10 Apr 2018 13:52:33 GMT" time="131.447" errors="0">
  <testcase name="Signincopychanges_mob" time="131.447" classname="com.nbcd.Test.TCIdentity_Verify_Signincopychanges_mob6033"/>
</testsuite> <!-- com.nbcd.Test.TCIdentity_Verify_Signincopychanges_mob6033 -->
