<?xml version="1.0" encoding="UTF-8"?>
<!-- Generated by org.testng.reporters.JUnitReportReporter -->
<testsuite skipped="0" hostname="EC2AMAZ-SFN1RDI" name="com.nbcd.Test.TCGlobalHomePage_Desktop_Verify_ZendesktokenblacklistedNBCRESP_2358" tests="1" failures="0" timestamp="11 Apr 2018 05:25:04 GMT" time="16.657" errors="0">
  <testcase name="Verify_ZendesktokenblacklistedNBCRESP_2358" time="16.657" classname="com.nbcd.Test.TCGlobalHomePage_Desktop_Verify_ZendesktokenblacklistedNBCRESP_2358"/>
</testsuite> <!-- com.nbcd.Test.TCGlobalHomePage_Desktop_Verify_ZendesktokenblacklistedNBCRESP_2358 -->
