<?xml version="1.0" encoding="UTF-8"?>
<!-- Generated by org.testng.reporters.JUnitReportReporter -->
<testsuite skipped="0" hostname="LTUS34293" name="com.nbcd.Test.TCAndroid_HomePage_Verifytheupdatedmetadata_NAF3544" tests="1" failures="0" timestamp="01 Jun 2018 02:17:38 GMT" time="152.147" errors="0">
  <testcase name="android_Verifytheupdatedmetadata_NAF3544" time="152.147" classname="com.nbcd.Test.TCAndroid_HomePage_Verifytheupdatedmetadata_NAF3544"/>
</testsuite> <!-- com.nbcd.Test.TCAndroid_HomePage_Verifytheupdatedmetadata_NAF3544 -->
