<?xml version="1.0" encoding="UTF-8"?>
<!-- Generated by org.testng.reporters.JUnitReportReporter -->
<testsuite skipped="0" hostname="LTUS43208" name="com.nbcd.Test.TCShowHomePage_Verify_Latest_Clips_Section" tests="1" failures="0" timestamp="04 Dec 2017 21:00:59 GMT" time="89.693" errors="0">
  <testcase name="Verify_Latest_Clips_Section" time="89.693" classname="com.nbcd.Test.TCShowHomePage_Verify_Latest_Clips_Section"/>
</testsuite> <!-- com.nbcd.Test.TCShowHomePage_Verify_Latest_Clips_Section -->
