<?xml version="1.0" encoding="UTF-8"?>
<!-- Generated by org.testng.reporters.JUnitReportReporter -->
<testsuite skipped="0" hostname="EC2AMAZ-SFN1RDI" name="com.nbcd.Test.TCSearchEpisodespageVerify_Show_areas_details" tests="1" failures="0" timestamp="11 Apr 2018 05:25:05 GMT" time="71.255" errors="0">
  <testcase name="EpisodespageVerify_Show_areas_details" time="71.255" classname="com.nbcd.Test.TCSearchEpisodespageVerify_Show_areas_details"/>
</testsuite> <!-- com.nbcd.Test.TCSearchEpisodespageVerify_Show_areas_details -->
