<?xml version="1.0" encoding="UTF-8"?>
<!-- Generated by org.testng.reporters.JUnitReportReporter -->
<testsuite skipped="0" hostname="EC2AMAZ-SFN1RDI" name="com.nbcd.Test.TCShowHomePage_Mobile_Verify_Archivedshow_3728" tests="1" failures="0" timestamp="10 Apr 2018 13:52:32 GMT" time="166.836" errors="0">
  <testcase name="Mobile_Verify_Archivedshow_3728" time="166.836" classname="com.nbcd.Test.TCShowHomePage_Mobile_Verify_Archivedshow_3728"/>
</testsuite> <!-- com.nbcd.Test.TCShowHomePage_Mobile_Verify_Archivedshow_3728 -->
