<?xml version="1.0" encoding="UTF-8"?>
<!-- Generated by org.testng.reporters.JUnitReportReporter -->
<testsuite skipped="0" hostname="EC2AMAZ-SFN1RDI" name="com.nbcd.Test.TCShowHomePage_VerifyClipssectionisabovefullepisodessectionforLatenighshows_NBCRESP783" tests="1" failures="0" timestamp="11 Apr 2018 05:25:05 GMT" time="31.512" errors="0">
  <testcase name="Verify_ClipssectionisabovefullepisodessectionforLatenighshows" time="31.512" classname="com.nbcd.Test.TCShowHomePage_VerifyClipssectionisabovefullepisodessectionforLatenighshows_NBCRESP783"/>
</testsuite> <!-- com.nbcd.Test.TCShowHomePage_VerifyClipssectionisabovefullepisodessectionforLatenighshows_NBCRESP783 -->
