<?xml version="1.0" encoding="UTF-8"?>
<!-- Generated by org.testng.reporters.JUnitReportReporter -->
<testsuite skipped="0" hostname="EC2AMAZ-SFN1RDI" name="com.nbcd.Test.TCAllShowsPage_Mobile_classicshowsThrowback_NBCRESP_2275" tests="1" failures="0" timestamp="10 Apr 2018 13:52:32 GMT" time="90.929" errors="0">
  <testcase name="Mobile_classicshowsThrowback_NBCRESP_2275" time="90.929" classname="com.nbcd.Test.TCAllShowsPage_Mobile_classicshowsThrowback_NBCRESP_2275"/>
</testsuite> <!-- com.nbcd.Test.TCAllShowsPage_Mobile_classicshowsThrowback_NBCRESP_2275 -->
