<?xml version="1.0" encoding="UTF-8"?>
<!-- Generated by org.testng.reporters.JUnitReportReporter -->
<testsuite skipped="0" hostname="EC2AMAZ-SFN1RDI" name="com.nbcd.Test.TCCreditDetailsPage_Mobile_VerifyRelatedClipsSection_NBCRESP_1319" tests="1" failures="0" timestamp="10 Apr 2018 13:52:32 GMT" time="259.110" errors="0">
  <testcase name="Mobile_VerifyRelatedClipsSection_NBCRESP_1319" time="259.110" classname="com.nbcd.Test.TCCreditDetailsPage_Mobile_VerifyRelatedClipsSection_NBCRESP_1319"/>
</testsuite> <!-- com.nbcd.Test.TCCreditDetailsPage_Mobile_VerifyRelatedClipsSection_NBCRESP_1319 -->
