<?xml version="1.0" encoding="UTF-8"?>
<!-- Generated by org.testng.reporters.JUnitReportReporter -->
<testsuite skipped="0" hostname="EC2AMAZ-SFN1RDI" name="com.nbcd.Test.TCSearchReusable_VideoDetailpageVerify_key_short_form" tests="1" failures="0" timestamp="11 Apr 2018 05:25:04 GMT" time="44.921" errors="0">
  <testcase name="VideoDetailpageVerify_previous_search_value" time="44.921" classname="com.nbcd.Test.TCSearchReusable_VideoDetailpageVerify_key_short_form"/>
</testsuite> <!-- com.nbcd.Test.TCSearchReusable_VideoDetailpageVerify_key_short_form -->
