<?xml version="1.0" encoding="UTF-8"?>
<!-- Generated by org.testng.reporters.JUnitReportReporter -->
<testsuite skipped="0" hostname="EC2AMAZ-SFN1RDI" name="com.nbcd.Test.TCSearchAppsPageReusableVerify_Search_by_cast_name" tests="1" failures="0" timestamp="11 Apr 2018 05:25:05 GMT" time="24.445" errors="0">
  <testcase name="AppsPageReusableVerify_Search_by_cast_name" time="24.445" classname="com.nbcd.Test.TCSearchAppsPageReusableVerify_Search_by_cast_name"/>
</testsuite> <!-- com.nbcd.Test.TCSearchAppsPageReusableVerify_Search_by_cast_name -->
