<?xml version="1.0" encoding="UTF-8"?>
<!-- Generated by org.testng.reporters.JUnitReportReporter -->
<testsuite skipped="0" hostname="EC2AMAZ-SFN1RDI" name="com.nbcd.Test.TCAllVideosPage_All_Videos_Landing_Page_3798" tests="1" failures="0" timestamp="11 Apr 2018 05:25:05 GMT" time="12.592" errors="0">
  <testcase name="TCAllVideosPage_video_Landing_Page" time="12.592" classname="com.nbcd.Test.TCAllVideosPage_All_Videos_Landing_Page_3798"/>
</testsuite> <!-- com.nbcd.Test.TCAllVideosPage_All_Videos_Landing_Page_3798 -->
