<?xml version="1.0" encoding="UTF-8"?>
<!-- Generated by org.testng.reporters.JUnitReportReporter -->
<testsuite skipped="0" hostname="LTUS43208" name="com.nbcd.Test.TCCreditLandingPage_Verify_Credit_Role_As_Coach" tests="1" failures="0" timestamp="04 Dec 2017 21:00:58 GMT" time="27.817" errors="0">
  <testcase name="TCCreditLandingPage_Verify_Credit_Role_Coach" time="27.817" classname="com.nbcd.Test.TCCreditLandingPage_Verify_Credit_Role_As_Coach"/>
</testsuite> <!-- com.nbcd.Test.TCCreditLandingPage_Verify_Credit_Role_As_Coach -->
