<?xml version="1.0" encoding="UTF-8"?>
<!-- Generated by org.testng.reporters.JUnitReportReporter -->
<testsuite skipped="0" hostname="EC2AMAZ-SFN1RDI" name="com.nbcd.Test.TCSearchReusable_VideoDetailpageVerify_click_Clear" tests="1" failures="0" timestamp="11 Apr 2018 05:25:04 GMT" time="44.484" errors="0">
  <testcase name="VideoDetailpageVerify_click_Clear" time="44.484" classname="com.nbcd.Test.TCSearchReusable_VideoDetailpageVerify_click_Clear"/>
</testsuite> <!-- com.nbcd.Test.TCSearchReusable_VideoDetailpageVerify_click_Clear -->
