<?xml version="1.0" encoding="UTF-8"?>
<!-- Generated by org.testng.reporters.JUnitReportReporter -->
<testsuite skipped="0" hostname="EC2AMAZ-SFN1RDI" name="com.nbcd.Test.TCAllVideosPage_Mob_Verify_All_Videos_Landing_Page_DBB_3798" tests="1" failures="0" timestamp="10 Apr 2018 13:52:33 GMT" time="80.252" errors="0">
  <testcase name="Mob_Verify_All_Videos_Landing_Page_DBB_3798" time="80.252" classname="com.nbcd.Test.TCAllVideosPage_Mob_Verify_All_Videos_Landing_Page_DBB_3798"/>
</testsuite> <!-- com.nbcd.Test.TCAllVideosPage_Mob_Verify_All_Videos_Landing_Page_DBB_3798 -->
