<?xml version="1.0" encoding="UTF-8"?>
<!-- Generated by org.testng.reporters.JUnitReportReporter -->
<testsuite skipped="0" hostname="EC2AMAZ-SFN1RDI" name="com.nbcd.Test.TCGlobalHomePage_BannerAd_NBCRESP_15" tests="1" failures="0" timestamp="11 Apr 2018 05:25:04 GMT" time="9.988" errors="0">
  <testcase name="Global_BannerAd" time="9.988" classname="com.nbcd.Test.TCGlobalHomePage_BannerAd_NBCRESP_15"/>
</testsuite> <!-- com.nbcd.Test.TCGlobalHomePage_BannerAd_NBCRESP_15 -->
