<?xml version="1.0" encoding="UTF-8"?>
<!-- Generated by org.testng.reporters.JUnitReportReporter -->
<testsuite skipped="0" hostname="EC2AMAZ-SFN1RDI" name="com.nbcd.Test.TCCreditDetailsPage_Verify_Credit_Role_As_Everyone_NBCRESP_1304" tests="1" failures="0" timestamp="11 Apr 2018 05:25:04 GMT" time="21.629" errors="0">
  <testcase name="TCCreditDetailsPage_Verify_Credit_Role_Everyone" time="21.629" classname="com.nbcd.Test.TCCreditDetailsPage_Verify_Credit_Role_As_Everyone_NBCRESP_1304"/>
</testsuite> <!-- com.nbcd.Test.TCCreditDetailsPage_Verify_Credit_Role_As_Everyone_NBCRESP_1304 -->
