<?xml version="1.0" encoding="UTF-8"?>
<!-- Generated by org.testng.reporters.JUnitReportReporter -->
<testsuite skipped="0" hostname="EC2AMAZ-SFN1RDI" name="com.nbcd.Test.TCAppsLandingPage_VerifyAppstorenav6544" tests="1" failures="0" timestamp="11 Apr 2018 05:25:04 GMT" time="50.586" errors="0">
  <testcase name="VerifyAppstorenav" time="50.586" classname="com.nbcd.Test.TCAppsLandingPage_VerifyAppstorenav6544"/>
</testsuite> <!-- com.nbcd.Test.TCAppsLandingPage_VerifyAppstorenav6544 -->
