<?xml version="1.0" encoding="UTF-8"?>
<!-- Generated by org.testng.reporters.JUnitReportReporter -->
<testsuite skipped="0" hostname="EC2AMAZ-SFN1RDI" name="com.nbcd.Test.TCScalableSweeps_Tab_NBCRESP_3277" tests="1" failures="0" timestamp="07 Apr 2018 10:35:11 GMT" time="0.885" errors="0">
  <testcase name="Verify_NBCRESP_3225" time="0.885" classname="com.nbcd.Test.TCScalableSweeps_Tab_NBCRESP_3277"/>
</testsuite> <!-- com.nbcd.Test.TCScalableSweeps_Tab_NBCRESP_3277 -->
