<?xml version="1.0" encoding="UTF-8"?>
<!-- Generated by org.testng.reporters.JUnitReportReporter -->
<testsuite skipped="0" hostname="AMB00966.local" name="com.nbcd.Test.TCAppSettings" tests="1" failures="0" timestamp="07 May 2018 12:56:00 GMT" time="15.436" errors="0">
  <testcase name="android_Settings" time="15.436" classname="com.nbcd.Test.TCAppSettings"/>
</testsuite> <!-- com.nbcd.Test.TCAppSettings -->
