<?xml version="1.0" encoding="UTF-8"?>
<!-- Generated by org.testng.reporters.JUnitReportReporter -->
<testsuite skipped="0" hostname="EC2AMAZ-SFN1RDI" name="com.nbcd.Test.TCSearchAppsPageReusableVerify_click_Clear_Mobile_NBCRESP_3185" tests="1" failures="0" timestamp="10 Apr 2018 13:52:32 GMT" time="71.532" errors="0">
  <testcase name="AppsPageReusableVerify_click_Clear_Mobile" time="71.532" classname="com.nbcd.Test.TCSearchAppsPageReusableVerify_click_Clear_Mobile_NBCRESP_3185"/>
</testsuite> <!-- com.nbcd.Test.TCSearchAppsPageReusableVerify_click_Clear_Mobile_NBCRESP_3185 -->
