<?xml version="1.0" encoding="UTF-8"?>
<!-- Generated by org.testng.reporters.JUnitReportReporter -->
<testsuite skipped="0" hostname="AIM00291.local" name="com.nbcd.Test.TCTSJFGuestDetailPage_Mobile_VerifyRelatedClipsAreadisplayedinGuestDetailpage_NBCRESP2230" tests="2" failures="0" timestamp="11 Apr 2018 10:33:02 GMT" time="268.022" errors="1">
  <testcase name="afterSuite" time="9.421" classname="com.nbcd.Test.TCTSJFGuestDetailPage_Mobile_VerifyRelatedClipsAreadisplayedinGuestDetailpage_NBCRESP2230">
    <error type="java.lang.NullPointerException">
      <![CDATA[java.lang.NullPointerException
at com.nbcd.GenericLib.Extent_Reports.afterSuite(Extent_Reports.java:175)
at sun.reflect.NativeMethodAccessorImpl.invoke0(Native Method)
at sun.reflect.NativeMethodAccessorImpl.invoke(NativeMethodAccessorImpl.java:62)
at sun.reflect.DelegatingMethodAccessorImpl.invoke(DelegatingMethodAccessorImpl.java:43)
at java.lang.reflect.Method.invoke(Method.java:498)
at org.testng.internal.MethodInvocationHelper.invokeMethod(MethodInvocationHelper.java:124)
at org.testng.internal.MethodInvocationHelper.invokeMethodConsideringTimeout(MethodInvocationHelper.java:59)
at org.testng.internal.Invoker.invokeConfigurationMethod(Invoker.java:455)
at org.testng.internal.Invoker.invokeConfigurations(Invoker.java:222)
at org.testng.internal.Invoker.invokeConfigurations(Invoker.java:142)
at org.testng.SuiteRunner.privateRun(SuiteRunner.java:425)
at org.testng.SuiteRunner.run(SuiteRunner.java:364)
at org.testng.SuiteRunnerWorker.runSuite(SuiteRunnerWorker.java:52)
at org.testng.SuiteRunnerWorker.run(SuiteRunnerWorker.java:84)
at java.util.concurrent.ThreadPoolExecutor.runWorker(ThreadPoolExecutor.java:1142)
at java.util.concurrent.ThreadPoolExecutor$Worker.run(ThreadPoolExecutor.java:617)
at java.lang.Thread.run(Thread.java:748)
]]>
    </error>
  </testcase> <!-- afterSuite -->
  <testcase name="Mobile_VerifyRelatedClipsAreadisplayedinGuestDetailpage_NBCRESP2230" time="258.601" classname="com.nbcd.Test.TCTSJFGuestDetailPage_Mobile_VerifyRelatedClipsAreadisplayedinGuestDetailpage_NBCRESP2230"/>
</testsuite> <!-- com.nbcd.Test.TCTSJFGuestDetailPage_Mobile_VerifyRelatedClipsAreadisplayedinGuestDetailpage_NBCRESP2230 -->
