<?xml version="1.0" encoding="UTF-8"?>
<!-- Generated by org.testng.reporters.JUnitReportReporter -->
<testsuite skipped="0" hostname="EC2AMAZ-SFN1RDI" name="com.nbcd.Test.TCTSJFGuestDetailPage_verifyisSponsorExclusiveattribute_4129" tests="1" failures="0" timestamp="11 Apr 2018 05:25:05 GMT" time="4.767" errors="0">
  <testcase name="verifyisSponsorExclusiveattribute_4129" time="4.767" classname="com.nbcd.Test.TCTSJFGuestDetailPage_verifyisSponsorExclusiveattribute_4129"/>
</testsuite> <!-- com.nbcd.Test.TCTSJFGuestDetailPage_verifyisSponsorExclusiveattribute_4129 -->
