<?xml version="1.0" encoding="UTF-8"?>
<!-- Generated by org.testng.reporters.JUnitReportReporter -->
<testsuite skipped="0" hostname="EC2AMAZ-SFN1RDI" name="com.nbcd.Test.TCSearchAppsPageReusableVerify_search_and_closes" tests="1" failures="0" timestamp="11 Apr 2018 05:25:03 GMT" time="57.588" errors="0">
  <testcase name="AppsPageReusableVerify_search_and_closes" time="57.588" classname="com.nbcd.Test.TCSearchAppsPageReusableVerify_search_and_closes"/>
</testsuite> <!-- com.nbcd.Test.TCSearchAppsPageReusableVerify_search_and_closes -->
