<?xml version="1.0" encoding="UTF-8"?>
<!-- Generated by org.testng.reporters.JUnitReportReporter -->
<testsuite skipped="0" hostname="EC2AMAZ-SFN1RDI" name="com.nbcd.Test.TCSearchLiveVerify_search_negative" tests="1" failures="0" timestamp="11 Apr 2018 05:25:04 GMT" time="10.588" errors="0">
  <testcase name="LiveVerify_search_negative" time="10.588" classname="com.nbcd.Test.TCSearchLiveVerify_search_negative"/>
</testsuite> <!-- com.nbcd.Test.TCSearchLiveVerify_search_negative -->
