<?xml version="1.0" encoding="UTF-8"?>
<!-- Generated by org.testng.reporters.JUnitReportReporter -->
<testsuite skipped="0" hostname="EC2AMAZ-SFN1RDI" name="com.nbcd.Test.TCShowInnerEpisode_Mobile_Verifynext6clipsdisplayed_NBCRESP_1344" tests="1" failures="0" timestamp="10 Apr 2018 13:52:32 GMT" time="193.604" errors="0">
  <testcase name="Mobile_Verifynext6clipsdisplayed_NBCRESP_1344" time="193.604" classname="com.nbcd.Test.TCShowInnerEpisode_Mobile_Verifynext6clipsdisplayed_NBCRESP_1344"/>
</testsuite> <!-- com.nbcd.Test.TCShowInnerEpisode_Mobile_Verifynext6clipsdisplayed_NBCRESP_1344 -->
