<?xml version="1.0" encoding="UTF-8"?>
<!-- Generated by org.testng.reporters.JUnitReportReporter -->
<testsuite skipped="0" hostname="EC2AMAZ-SFN1RDI" name="com.nbcd.Test.TCScalableSweeps_Desktop_Agegate3260" tests="1" failures="0" timestamp="11 Apr 2018 05:25:05 GMT" time="68.509" errors="0">
  <testcase name="TCScalableSweeps_Desktop_Agegate3260" time="68.509" classname="com.nbcd.Test.TCScalableSweeps_Desktop_Agegate3260"/>
</testsuite> <!-- com.nbcd.Test.TCScalableSweeps_Desktop_Agegate3260 -->
