<?xml version="1.0" encoding="UTF-8"?>
<!-- Generated by org.testng.reporters.JUnitReportReporter -->
<testsuite skipped="0" hostname="EC2AMAZ-SFN1RDI" name="com.nbcd.Test.TCScalableSweeps_Mobile_NBCRESP_3204" tests="1" failures="0" timestamp="07 Apr 2018 10:35:12 GMT" time="0.882" errors="0">
  <testcase name="Verify_NBCRESP_3204" time="0.882" classname="com.nbcd.Test.TCScalableSweeps_Mobile_NBCRESP_3204"/>
</testsuite> <!-- com.nbcd.Test.TCScalableSweeps_Mobile_NBCRESP_3204 -->
