<?xml version="1.0" encoding="UTF-8"?>
<!-- Generated by org.testng.reporters.JUnitReportReporter -->
<testsuite skipped="0" hostname="EC2AMAZ-SFN1RDI" name="com.nbcd.Test.TCSearchPage_IdentifyVerify_searchresultbehaviour_5630" tests="1" failures="0" timestamp="11 Apr 2018 05:25:04 GMT" time="18.686" errors="0">
  <testcase name="IdentifyVerify_searchresultbehaviour_5630" time="18.686" classname="com.nbcd.Test.TCSearchPage_IdentifyVerify_searchresultbehaviour_5630"/>
</testsuite> <!-- com.nbcd.Test.TCSearchPage_IdentifyVerify_searchresultbehaviour_5630 -->
