<?xml version="1.0" encoding="UTF-8"?>
<!-- Generated by org.testng.reporters.JUnitReportReporter -->
<testsuite skipped="0" hostname="EC2AMAZ-SFN1RDI" name="com.nbcd.Test.TCShowHomePage_Mobile_Verify_NBCRESP_2242" tests="1" failures="0" timestamp="10 Apr 2018 13:52:32 GMT" time="96.174" errors="0">
  <testcase name="Mobile_Verify_NBCRESP_2242" time="96.174" classname="com.nbcd.Test.TCShowHomePage_Mobile_Verify_NBCRESP_2242"/>
</testsuite> <!-- com.nbcd.Test.TCShowHomePage_Mobile_Verify_NBCRESP_2242 -->
