<?xml version="1.0" encoding="UTF-8"?>
<!-- Generated by org.testng.reporters.JUnitReportReporter -->
<testsuite skipped="0" hostname="EC2AMAZ-SFN1RDI" name="com.nbcd.Test.TCSearchLiveVerify_Behavior_Criteria_Clips" tests="1" failures="0" timestamp="11 Apr 2018 05:25:03 GMT" time="25.789" errors="0">
  <testcase name="LiveVerify_Behavior_Criteria_Clips" time="25.789" classname="com.nbcd.Test.TCSearchLiveVerify_Behavior_Criteria_Clips"/>
</testsuite> <!-- com.nbcd.Test.TCSearchLiveVerify_Behavior_Criteria_Clips -->
