<?xml version="1.0" encoding="UTF-8"?>
<!-- Generated by org.testng.reporters.JUnitReportReporter -->
<testsuite skipped="0" hostname="AMB00966.local" name="com.nbcd.Test.TCandroid_EntitledAuthentication_NAF_3546" tests="1" failures="0" timestamp="02 May 2018 12:40:00 GMT" time="293.790" errors="0">
  <testcase name="android_EntitledAuthentication_NAF_3546" time="293.790" classname="com.nbcd.Test.TCandroid_EntitledAuthentication_NAF_3546"/>
</testsuite> <!-- com.nbcd.Test.TCandroid_EntitledAuthentication_NAF_3546 -->
