<?xml version="1.0" encoding="UTF-8"?>
<!-- Generated by org.testng.reporters.JUnitReportReporter -->
<testsuite skipped="0" hostname="EC2AMAZ-SFN1RDI" name="com.nbcd.Test.TCContactUs_CreateContactUsRequest_1528" tests="1" failures="0" timestamp="11 Apr 2018 05:25:04 GMT" time="36.055" errors="0">
  <testcase name="CreateContactUsRequest_1528" time="36.055" classname="com.nbcd.Test.TCContactUs_CreateContactUsRequest_1528"/>
</testsuite> <!-- com.nbcd.Test.TCContactUs_CreateContactUsRequest_1528 -->
