<?xml version="1.0" encoding="UTF-8"?>
<!-- Generated by org.testng.reporters.JUnitReportReporter -->
<testsuite skipped="0" hostname="EC2AMAZ-SFN1RDI" name="com.nbcd.Test.TCIdentity_Verifyfavorites_4649" tests="1" failures="0" timestamp="11 Apr 2018 05:25:03 GMT" time="21.764" errors="0">
  <testcase name="Verifyfavorites_4649" time="21.764" classname="com.nbcd.Test.TCIdentity_Verifyfavorites_4649"/>
</testsuite> <!-- com.nbcd.Test.TCIdentity_Verifyfavorites_4649 -->
