<?xml version="1.0" encoding="UTF-8"?>
<!-- Generated by org.testng.reporters.JUnitReportReporter -->
<testsuite skipped="0" hostname="AMB00966.local" name="com.nbcd.Test.TCAndroid_ShowHomePage_VerifyShowArtinforinShowHomepage_NAF3360" tests="2" failures="0" timestamp="08 Jun 2018 08:26:12 GMT" time="0.128" errors="2">
  <testcase name="android_VerifyShowArtinforinShowHomepage_NAF3360" time="0.127" classname="com.nbcd.Test.TCAndroid_ShowHomePage_VerifyShowArtinforinShowHomepage_NAF3360">
    <error type="java.lang.NullPointerException">
      <![CDATA[java.lang.NullPointerException
	at com.nbcd.GenericLib.Extent_Reports.getScreenshot(Extent_Reports.java:91)
	at com.nbcd.GenericLib.Extent_Reports.executionLog(Extent_Reports.java:121)
	at com.nbcd.Pages.PGShowHomePage.android_VerifyShowArtinforinShowHomepage_NAF3360(PGShowHomePage.java:591)
	at com.nbcd.Test.TCAndroid_ShowHomePage_VerifyShowArtinforinShowHomepage_NAF3360.android_VerifyShowArtinforinShowHomepage_NAF3360(TCAndroid_ShowHomePage_VerifyShowArtinforinShowHomepage_NAF3360.java:33)
	at sun.reflect.NativeMethodAccessorImpl.invoke0(Native Method)
	at sun.reflect.NativeMethodAccessorImpl.invoke(NativeMethodAccessorImpl.java:62)
	at sun.reflect.DelegatingMethodAccessorImpl.invoke(DelegatingMethodAccessorImpl.java:43)
	at java.lang.reflect.Method.invoke(Method.java:498)
	at org.testng.internal.MethodInvocationHelper.invokeMethod(MethodInvocationHelper.java:108)
	at org.testng.internal.Invoker.invokeMethod(Invoker.java:661)
	at org.testng.internal.Invoker.invokeTestMethod(Invoker.java:869)
	at org.testng.internal.Invoker.invokeTestMethods(Invoker.java:1193)
	at org.testng.internal.TestMethodWorker.invokeTestMethods(TestMethodWorker.java:126)
	at org.testng.internal.TestMethodWorker.run(TestMethodWorker.java:109)
	at java.util.concurrent.ThreadPoolExecutor.runWorker(ThreadPoolExecutor.java:1149)
	at java.util.concurrent.ThreadPoolExecutor$Worker.run(ThreadPoolExecutor.java:624)
	at java.lang.Thread.run(Thread.java:748)
]]>
    </error>
  </testcase> <!-- android_VerifyShowArtinforinShowHomepage_NAF3360 -->
  <testcase name="closeAllDriver" time="0.001" classname="com.nbcd.Test.TCAndroid_ShowHomePage_VerifyShowArtinforinShowHomepage_NAF3360">
    <error type="java.lang.NullPointerException">
      <![CDATA[java.lang.NullPointerException
	at com.nbcd.GenericLib.GetWebDriverInstance.closeAllDriver(GetWebDriverInstance.java:209)
	at sun.reflect.NativeMethodAccessorImpl.invoke0(Native Method)
	at sun.reflect.NativeMethodAccessorImpl.invoke(NativeMethodAccessorImpl.java:62)
	at sun.reflect.DelegatingMethodAccessorImpl.invoke(DelegatingMethodAccessorImpl.java:43)
	at java.lang.reflect.Method.invoke(Method.java:498)
	at org.testng.internal.MethodInvocationHelper.invokeMethod(MethodInvocationHelper.java:108)
	at org.testng.internal.Invoker.invokeConfigurationMethod(Invoker.java:523)
	at org.testng.internal.Invoker.invokeConfigurations(Invoker.java:224)
	at org.testng.internal.Invoker.invokeMethod(Invoker.java:723)
	at org.testng.internal.Invoker.invokeTestMethod(Invoker.java:869)
	at org.testng.internal.Invoker.invokeTestMethods(Invoker.java:1193)
	at org.testng.internal.TestMethodWorker.invokeTestMethods(TestMethodWorker.java:126)
	at org.testng.internal.TestMethodWorker.run(TestMethodWorker.java:109)
	at java.util.concurrent.ThreadPoolExecutor.runWorker(ThreadPoolExecutor.java:1149)
	at java.util.concurrent.ThreadPoolExecutor$Worker.run(ThreadPoolExecutor.java:624)
	at java.lang.Thread.run(Thread.java:748)
]]>
    </error>
  </testcase> <!-- closeAllDriver -->
</testsuite> <!-- com.nbcd.Test.TCAndroid_ShowHomePage_VerifyShowArtinforinShowHomepage_NAF3360 -->
