<?xml version="1.0" encoding="UTF-8"?>
<!-- Generated by org.testng.reporters.JUnitReportReporter -->
<testsuite skipped="0" hostname="EC2AMAZ-SFN1RDI" name="com.nbcd.Test.TCSearchAppsPageReusableVerify_Search_Series_OR_Shows" tests="1" failures="0" timestamp="11 Apr 2018 05:25:04 GMT" time="26.361" errors="0">
  <testcase name="AppsPageReusableVerify_Search_Series_OR_Shows" time="26.361" classname="com.nbcd.Test.TCSearchAppsPageReusableVerify_Search_Series_OR_Shows"/>
</testsuite> <!-- com.nbcd.Test.TCSearchAppsPageReusableVerify_Search_Series_OR_Shows -->
