<?xml version="1.0" encoding="UTF-8"?>
<!-- Generated by org.testng.reporters.JUnitReportReporter -->
<testsuite skipped="0" hostname="EC2AMAZ-SFN1RDI" name="com.nbcd.Test.TCAppsLandingPage_VerifyAppsLandingPage" tests="1" failures="0" timestamp="11 Apr 2018 05:25:03 GMT" time="41.075" errors="0">
  <testcase name="VerifyAppsLandingPage" time="41.075" classname="com.nbcd.Test.TCAppsLandingPage_VerifyAppsLandingPage"/>
</testsuite> <!-- com.nbcd.Test.TCAppsLandingPage_VerifyAppsLandingPage -->
