<?xml version="1.0" encoding="UTF-8"?>
<!-- Generated by org.testng.reporters.JUnitReportReporter -->
<testsuite skipped="0" hostname="EC2AMAZ-SFN1RDI" name="com.nbcd.Test.TCBreakingNewsBar_Verify_NBCRESP_3722_Mobile" tests="1" failures="0" timestamp="03 Apr 2018 12:13:28 GMT" time="88.104" errors="0">
  <testcase name="BreakingNewsbar" time="88.104" classname="com.nbcd.Test.TCBreakingNewsBar_Verify_NBCRESP_3722_Mobile"/>
</testsuite> <!-- com.nbcd.Test.TCBreakingNewsBar_Verify_NBCRESP_3722_Mobile -->
