<?xml version="1.0" encoding="UTF-8"?>
<!-- Generated by org.testng.reporters.JUnitReportReporter -->
<testsuite skipped="0" hostname="LTUS43208" name="com.nbcd.Test.TCShowHomePage_043VerifyTwitterTags" tests="1" failures="0" timestamp="04 Dec 2017 21:49:58 GMT" time="10.329" errors="0">
  <testcase name="TwitterTags" time="10.329" classname="com.nbcd.Test.TCShowHomePage_043VerifyTwitterTags"/>
</testsuite> <!-- com.nbcd.Test.TCShowHomePage_043VerifyTwitterTags -->
