<?xml version="1.0" encoding="UTF-8"?>
<!-- Generated by org.testng.reporters.JUnitReportReporter -->
<testsuite skipped="0" hostname="EC2AMAZ-SFN1RDI" name="com.nbcd.Test.TCGlobalHomePage_titledescan_NBCRESP_1" tests="1" failures="0" timestamp="11 Apr 2018 05:25:04 GMT" time="10.353" errors="0">
  <testcase name="titledescan" time="10.353" classname="com.nbcd.Test.TCGlobalHomePage_titledescan_NBCRESP_1"/>
</testsuite> <!-- com.nbcd.Test.TCGlobalHomePage_titledescan_NBCRESP_1 -->
