<?xml version="1.0" encoding="UTF-8"?>
<!-- Generated by org.testng.reporters.JUnitReportReporter -->
<testsuite skipped="0" hostname="LTUS43208" name="com.nbcd.Test.TCSchedulePage_Verify_Show_Name_Link" tests="1" failures="0" timestamp="07 Dec 2017 19:39:42 GMT" time="66.626" errors="0">
  <testcase name="SchedulePage_Verify_Show_NameLink" time="66.626" classname="com.nbcd.Test.TCSchedulePage_Verify_Show_Name_Link"/>
</testsuite> <!-- com.nbcd.Test.TCSchedulePage_Verify_Show_Name_Link -->
