<?xml version="1.0" encoding="UTF-8"?>
<!-- Generated by org.testng.reporters.JUnitReportReporter -->
<testsuite skipped="0" hostname="AIM00291.local" name="com.nbcd.Test.TCTSJFGuestDetailPage_Mob_Verifyfirstname_2409" tests="1" failures="0" timestamp="11 Apr 2018 10:33:02 GMT" time="265.886" errors="0">
  <testcase name="Mob_Verifyfirstname_2409" time="265.886" classname="com.nbcd.Test.TCTSJFGuestDetailPage_Mob_Verifyfirstname_2409"/>
</testsuite> <!-- com.nbcd.Test.TCTSJFGuestDetailPage_Mob_Verifyfirstname_2409 -->
