<?xml version="1.0" encoding="UTF-8"?>
<!-- Generated by org.testng.reporters.JUnitReportReporter -->
<testsuite skipped="0" hostname="EC2AMAZ-SFN1RDI" name="com.nbcd.Test.TCIdentity_SpecificLateNightShowNBCRESP_5630" tests="1" failures="0" timestamp="11 Apr 2018 05:25:05 GMT" time="32.062" errors="0">
  <testcase name="SpecificLateNightShowNBCRESP_5630" time="32.062" classname="com.nbcd.Test.TCIdentity_SpecificLateNightShowNBCRESP_5630"/>
</testsuite> <!-- com.nbcd.Test.TCIdentity_SpecificLateNightShowNBCRESP_5630 -->
