<?xml version="1.0" encoding="UTF-8"?>
<!-- Generated by org.testng.reporters.JUnitReportReporter -->
<testsuite skipped="0" hostname="EC2AMAZ-SFN1RDI" name="com.nbcd.Test.TCSearchScheduleVerify_Episode_meta_data" tests="1" failures="0" timestamp="11 Apr 2018 05:25:04 GMT" time="9.068" errors="0">
  <testcase name="ScheduleVerify_Episode_meta_data" time="9.068" classname="com.nbcd.Test.TCSearchScheduleVerify_Episode_meta_data"/>
</testsuite> <!-- com.nbcd.Test.TCSearchScheduleVerify_Episode_meta_data -->
