<?xml version="1.0" encoding="UTF-8"?>
<!-- Generated by org.testng.reporters.JUnitReportReporter -->
<testsuite skipped="0" hostname="EC2AMAZ-SFN1RDI" name="com.nbcd.Test.TCSearchReusable_GlobalHomepageVerify_Episode_meta_data" tests="1" failures="0" timestamp="11 Apr 2018 05:25:03 GMT" time="19.196" errors="0">
  <testcase name="GlobalHomepageVerify_Episode_meta_data" time="19.196" classname="com.nbcd.Test.TCSearchReusable_GlobalHomepageVerify_Episode_meta_data"/>
</testsuite> <!-- com.nbcd.Test.TCSearchReusable_GlobalHomepageVerify_Episode_meta_data -->
