<?xml version="1.0" encoding="UTF-8"?>
<!-- Generated by org.testng.reporters.JUnitReportReporter -->
<testsuite skipped="0" hostname="EC2AMAZ-SFN1RDI" name="com.nbcd.Test.TCScalableSweeps_Desktop_NBCRESP_3237" tests="1" failures="0" timestamp="11 Apr 2018 05:25:04 GMT" time="13.807" errors="0">
  <testcase name="Verify_NBCRESP_3237" time="13.807" classname="com.nbcd.Test.TCScalableSweeps_Desktop_NBCRESP_3237"/>
</testsuite> <!-- com.nbcd.Test.TCScalableSweeps_Desktop_NBCRESP_3237 -->
