<?xml version="1.0" encoding="UTF-8"?>
<!-- Generated by org.testng.reporters.JUnitReportReporter -->
<testsuite skipped="0" hostname="EC2AMAZ-SFN1RDI" name="com.nbcd.Test.TCScalableSweeps_Mobile_Closedmessage3256" tests="1" failures="0" timestamp="10 Apr 2018 13:52:32 GMT" time="42.817" errors="0">
  <testcase name="Mob_VerifyGenerallayout_3151" time="42.817" classname="com.nbcd.Test.TCScalableSweeps_Mobile_Closedmessage3256"/>
</testsuite> <!-- com.nbcd.Test.TCScalableSweeps_Mobile_Closedmessage3256 -->
