<?xml version="1.0" encoding="UTF-8"?>
<!-- Generated by org.testng.reporters.JUnitReportReporter -->
<testsuite skipped="0" hostname="EC2AMAZ-SFN1RDI" name="com.nbcd.Test.TCScalablePage_appendtickets_3646" tests="1" failures="0" timestamp="11 Apr 2018 05:25:04 GMT" time="26.017" errors="0">
  <testcase name="appendtickets_3646" time="26.017" classname="com.nbcd.Test.TCScalablePage_appendtickets_3646"/>
</testsuite> <!-- com.nbcd.Test.TCScalablePage_appendtickets_3646 -->
