<?xml version="1.0" encoding="UTF-8"?>
<!-- Generated by org.testng.reporters.JUnitReportReporter -->
<testsuite skipped="0" hostname="EC2AMAZ-SFN1RDI" name="com.nbcd.Test.TCSearchReusable_VideoDetailpageVerify_Collection_of_3_shows" tests="1" failures="0" timestamp="11 Apr 2018 05:25:03 GMT" time="32.349" errors="0">
  <testcase name="VideoDetailpageVerify_Collection_of_3_shows" time="32.349" classname="com.nbcd.Test.TCSearchReusable_VideoDetailpageVerify_Collection_of_3_shows"/>
</testsuite> <!-- com.nbcd.Test.TCSearchReusable_VideoDetailpageVerify_Collection_of_3_shows -->
