<?xml version="1.0" encoding="UTF-8"?>
<!-- Generated by org.testng.reporters.JUnitReportReporter -->
<testsuite skipped="0" hostname="EC2AMAZ-SFN1RDI" name="com.nbcd.Test.TCShowVideoDetailPage_Verify_identityAutoPalying_2499" tests="1" failures="0" timestamp="11 Apr 2018 05:25:04 GMT" time="159.598" errors="0">
  <testcase name="Verify_identityAutoPalying_2499" time="159.598" classname="com.nbcd.Test.TCShowVideoDetailPage_Verify_identityAutoPalying_2499"/>
</testsuite> <!-- com.nbcd.Test.TCShowVideoDetailPage_Verify_identityAutoPalying_2499 -->
