<?xml version="1.0" encoding="UTF-8"?>
<!-- Generated by org.testng.reporters.JUnitReportReporter -->
<testsuite skipped="0" hostname="EC2AMAZ-SFN1RDI" name="com.nbcd.Test.TCSchedulePage_Verify_Schedule_titledesccanocical" tests="1" failures="0" timestamp="11 Apr 2018 05:25:05 GMT" time="15.436" errors="0">
  <testcase name="Verify_Schedule_titledesccanocical" time="15.436" classname="com.nbcd.Test.TCSchedulePage_Verify_Schedule_titledesccanocical"/>
</testsuite> <!-- com.nbcd.Test.TCSchedulePage_Verify_Schedule_titledesccanocical -->
