<?xml version="1.0" encoding="UTF-8"?>
<!-- Generated by org.testng.reporters.JUnitReportReporter -->
<testsuite skipped="0" hostname="EC2AMAZ-SFN1RDI" name="com.nbcd.Test.TCShowHomePage_Verify_feature_Section_metadata_NBCRESP_812" tests="1" failures="0" timestamp="11 Apr 2018 05:25:04 GMT" time="9.458" errors="0">
  <testcase name="Verify_Latest_Clips_Section" time="9.458" classname="com.nbcd.Test.TCShowHomePage_Verify_feature_Section_metadata_NBCRESP_812"/>
</testsuite> <!-- com.nbcd.Test.TCShowHomePage_Verify_feature_Section_metadata_NBCRESP_812 -->
