<?xml version="1.0" encoding="UTF-8"?>
<!-- Generated by org.testng.reporters.JUnitReportReporter -->
<testsuite skipped="0" hostname="EC2AMAZ-SFN1RDI" name="com.nbcd.Test.TCSearchReusable_VideoDetailpageVerify_Subtitle_functionality" tests="1" failures="0" timestamp="11 Apr 2018 05:25:04 GMT" time="32.185" errors="0">
  <testcase name="VideoDetailpageVerify_Subtitle_functionality" time="32.185" classname="com.nbcd.Test.TCSearchReusable_VideoDetailpageVerify_Subtitle_functionality"/>
</testsuite> <!-- com.nbcd.Test.TCSearchReusable_VideoDetailpageVerify_Subtitle_functionality -->
