<?xml version="1.0" encoding="UTF-8"?>
<!-- Generated by org.testng.reporters.JUnitReportReporter -->
<testsuite skipped="0" hostname="EC2AMAZ-SFN1RDI" name="com.nbcd.Test.TCTSJFGuestDetailPage_Mobile_VerifyGuestcarousescrolling_NBCRESP_2242" tests="1" failures="0" timestamp="10 Apr 2018 13:52:32 GMT" time="257.678" errors="0">
  <testcase name="Mobile_VerifyGuestcarousescrolling_NBCRESP_2242" time="257.678" classname="com.nbcd.Test.TCTSJFGuestDetailPage_Mobile_VerifyGuestcarousescrolling_NBCRESP_2242"/>
</testsuite> <!-- com.nbcd.Test.TCTSJFGuestDetailPage_Mobile_VerifyGuestcarousescrolling_NBCRESP_2242 -->
