<?xml version="1.0" encoding="UTF-8"?>
<!-- Generated by org.testng.reporters.JUnitReportReporter -->
<testsuite skipped="0" hostname="EC2AMAZ-SFN1RDI" name="com.nbcd.Test.TCContactUsPage_ErrorMessageValidation_1567" tests="1" failures="0" timestamp="11 Apr 2018 05:25:05 GMT" time="19.616" errors="0">
  <testcase name="VerifyErrMsgInvalidEmailId" time="19.616" classname="com.nbcd.Test.TCContactUsPage_ErrorMessageValidation_1567"/>
</testsuite> <!-- com.nbcd.Test.TCContactUsPage_ErrorMessageValidation_1567 -->
