<?xml version="1.0" encoding="UTF-8"?>
<!-- Generated by org.testng.reporters.JUnitReportReporter -->
<testsuite skipped="0" hostname="EC2AMAZ-SFN1RDI" name="com.nbcd.Test.TCSearchShowhomepageVerify_show_lockup" tests="1" failures="0" timestamp="11 Apr 2018 05:25:05 GMT" time="15.880" errors="0">
  <testcase name="ShowhomepageVerify_show_lockup" time="15.880" classname="com.nbcd.Test.TCSearchShowhomepageVerify_show_lockup"/>
</testsuite> <!-- com.nbcd.Test.TCSearchShowhomepageVerify_show_lockup -->
