<?xml version="1.0" encoding="UTF-8"?>
<!-- Generated by org.testng.reporters.JUnitReportReporter -->
<testsuite skipped="0" hostname="EC2AMAZ-SFN1RDI" name="com.nbcd.Test.TCShowHomePage_Mobile_verifyHeadertextofFeaturessection_NBCRESP_821" tests="1" failures="0" timestamp="10 Apr 2018 13:52:32 GMT" time="100.052" errors="0">
  <testcase name="PGShowHomePage_Mobile_verifyHeadertextofFeaturessection_NBCRESP_821" time="100.052" classname="com.nbcd.Test.TCShowHomePage_Mobile_verifyHeadertextofFeaturessection_NBCRESP_821"/>
</testsuite> <!-- com.nbcd.Test.TCShowHomePage_Mobile_verifyHeadertextofFeaturessection_NBCRESP_821 -->
