<?xml version="1.0" encoding="UTF-8"?>
<!-- Generated by org.testng.reporters.JUnitReportReporter -->
<testsuite skipped="0" hostname="EC2AMAZ-SFN1RDI" name="com.nbcd.Test.TCCreditLandingPage_Mobile_VerifyNonTeamCreditsTVSeason_NBCRESP_1340" tests="1" failures="0" timestamp="10 Apr 2018 13:52:32 GMT" time="242.118" errors="0">
  <testcase name="Mobile_VerifyNonTeamCreditsTVSeason_NBCRESP_1340" time="242.118" classname="com.nbcd.Test.TCCreditLandingPage_Mobile_VerifyNonTeamCreditsTVSeason_NBCRESP_1340"/>
</testsuite> <!-- com.nbcd.Test.TCCreditLandingPage_Mobile_VerifyNonTeamCreditsTVSeason_NBCRESP_1340 -->
