<?xml version="1.0" encoding="UTF-8"?>
<!-- Generated by org.testng.reporters.JUnitReportReporter -->
<testsuite skipped="0" hostname="EC2AMAZ-SFN1RDI" name="com.nbcd.Test.TCTSJFGuestDetailPage_Mob_GuestDetailsArea_2230" tests="1" failures="0" timestamp="10 Apr 2018 13:52:32 GMT" time="231.219" errors="0">
  <testcase name="GuestDetailsArea_2230" time="231.219" classname="com.nbcd.Test.TCTSJFGuestDetailPage_Mob_GuestDetailsArea_2230"/>
</testsuite> <!-- com.nbcd.Test.TCTSJFGuestDetailPage_Mob_GuestDetailsArea_2230 -->
