<?xml version="1.0" encoding="UTF-8"?>
<!-- Generated by org.testng.reporters.JUnitReportReporter -->
<testsuite skipped="0" hostname="EC2AMAZ-SFN1RDI" name="com.nbcd.Test.TCCreditDetailsPage_Mobile_VerifyResponsiveNavigationBar_NBCRESP_1286" tests="1" failures="0" timestamp="10 Apr 2018 13:52:32 GMT" time="310.722" errors="0">
  <testcase name="Mobile_VerifyResponsiveNavigationBar_NBCRESP_1286" time="310.722" classname="com.nbcd.Test.TCCreditDetailsPage_Mobile_VerifyResponsiveNavigationBar_NBCRESP_1286"/>
</testsuite> <!-- com.nbcd.Test.TCCreditDetailsPage_Mobile_VerifyResponsiveNavigationBar_NBCRESP_1286 -->
