<?xml version="1.0" encoding="UTF-8"?>
<!-- Generated by org.testng.reporters.JUnitReportReporter -->
<testsuite skipped="0" hostname="EC2AMAZ-SFN1RDI" name="com.nbcd.Test.TCSearchLiveVerify_Episode_meta_data" tests="1" failures="0" timestamp="11 Apr 2018 05:25:05 GMT" time="19.298" errors="0">
  <testcase name="LiveVerify_Episode_meta_data" time="19.298" classname="com.nbcd.Test.TCSearchLiveVerify_Episode_meta_data"/>
</testsuite> <!-- com.nbcd.Test.TCSearchLiveVerify_Episode_meta_data -->
