<?xml version="1.0" encoding="UTF-8"?>
<!-- Generated by org.testng.reporters.JUnitReportReporter -->
<testsuite skipped="0" hostname="AMB00966.local" name="com.nbcd.Test.TCAndroid_ShowHomePage_VerifyPromptOnFavoritingShow_NAF_4646" tests="1" failures="0" timestamp="07 May 2018 13:27:26 GMT" time="196.161" errors="0">
  <testcase name="VerifyPromptOnFavoritingShow_NAF_4646" time="196.161" classname="com.nbcd.Test.TCAndroid_ShowHomePage_VerifyPromptOnFavoritingShow_NAF_4646"/>
</testsuite> <!-- com.nbcd.Test.TCAndroid_ShowHomePage_VerifyPromptOnFavoritingShow_NAF_4646 -->
