<?xml version="1.0" encoding="UTF-8"?>
<!-- Generated by org.testng.reporters.JUnitReportReporter -->
<testsuite skipped="0" hostname="LTUS43208" name="com.nbcd.Test.TCShowHomePage_Verify_full_Episode_section" tests="1" failures="0" timestamp="04 Dec 2017 21:00:59 GMT" time="70.786" errors="0">
  <testcase name="Verify_full_Episode_section" time="70.786" classname="com.nbcd.Test.TCShowHomePage_Verify_full_Episode_section"/>
</testsuite> <!-- com.nbcd.Test.TCShowHomePage_Verify_full_Episode_section -->
