<?xml version="1.0" encoding="UTF-8"?>
<!-- Generated by org.testng.reporters.JUnitReportReporter -->
<testsuite skipped="0" hostname="EC2AMAZ-SFN1RDI" name="com.nbcd.Test.TCLivePage_Livepage_Authkill" tests="1" failures="0" timestamp="10 Apr 2018 05:09:58 GMT" time="7.727" errors="0">
  <testcase name="Livepage_Authkill" time="7.727" classname="com.nbcd.Test.TCLivePage_Livepage_Authkill"/>
</testsuite> <!-- com.nbcd.Test.TCLivePage_Livepage_Authkill -->
