<?xml version="1.0" encoding="UTF-8"?>
<!-- Generated by org.testng.reporters.JUnitReportReporter -->
<testsuite skipped="0" hostname="AMB00966.local" name="com.nbcd.TestRunner.TestRunner" tests="1" failures="0" timestamp="12 Jun 2018 13:03:03 GMT" time="371.508" errors="0">
  <testcase name="tRun" time="371.508" classname="com.nbcd.TestRunner.TestRunner"/>
</testsuite> <!-- com.nbcd.TestRunner.TestRunner -->
