<?xml version="1.0" encoding="UTF-8"?>
<!-- Generated by org.testng.reporters.JUnitReportReporter -->
<testsuite skipped="0" hostname="LTUS43208" name="com.nbcd.Test.TCAllShowsPage_VerifyAllShowPageFunctionality" tests="1" failures="0" timestamp="04 Dec 2017 21:00:59 GMT" time="24.314" errors="0">
  <testcase name="VerifyAllShowPageFunctionality" time="24.314" classname="com.nbcd.Test.TCAllShowsPage_VerifyAllShowPageFunctionality"/>
</testsuite> <!-- com.nbcd.Test.TCAllShowsPage_VerifyAllShowPageFunctionality -->
