<?xml version="1.0" encoding="UTF-8"?>
<!-- Generated by org.testng.reporters.JUnitReportReporter -->
<testsuite skipped="0" hostname="EC2AMAZ-SFN1RDI" name="com.nbcd.Test.TCSeachPage_identityVerify_search_and_closes_3185" tests="1" failures="0" timestamp="11 Apr 2018 05:25:03 GMT" time="22.150" errors="0">
  <testcase name="identityVerify_search_and_closes_3185" time="22.150" classname="com.nbcd.Test.TCSeachPage_identityVerify_search_and_closes_3185"/>
</testsuite> <!-- com.nbcd.Test.TCSeachPage_identityVerify_search_and_closes_3185 -->
