<?xml version="1.0" encoding="UTF-8"?>
<!-- Generated by org.testng.reporters.JUnitReportReporter -->
<testsuite skipped="0" hostname="EC2AMAZ-SFN1RDI" name="com.nbcd.Test.TCGlobalHomePage_Verify_NBCRESP_Mobile_6769" tests="1" failures="0" timestamp="10 Apr 2018 13:52:32 GMT" time="166.818" errors="0">
  <testcase name="TCVerify_NBCRESP_6769" time="166.818" classname="com.nbcd.Test.TCGlobalHomePage_Verify_NBCRESP_Mobile_6769"/>
</testsuite> <!-- com.nbcd.Test.TCGlobalHomePage_Verify_NBCRESP_Mobile_6769 -->
