<?xml version="1.0" encoding="UTF-8"?>
<!-- Generated by org.testng.reporters.JUnitReportReporter -->
<testsuite skipped="0" hostname="EC2AMAZ-SFN1RDI" name="com.nbcd.Test.TCShowHomePage_VerifyelementsofPredictiveTextInputFieldanditsBehaviorsinVODpage_NBCRESP3627" tests="1" failures="0" timestamp="11 Apr 2018 05:25:04 GMT" time="5.006" errors="0">
  <testcase name="Showhome_Page_Clips" time="5.006" classname="com.nbcd.Test.TCShowHomePage_VerifyelementsofPredictiveTextInputFieldanditsBehaviorsinVODpage_NBCRESP3627"/>
</testsuite> <!-- com.nbcd.Test.TCShowHomePage_VerifyelementsofPredictiveTextInputFieldanditsBehaviorsinVODpage_NBCRESP3627 -->
