<?xml version="1.0" encoding="UTF-8"?>
<!-- Generated by org.testng.reporters.JUnitReportReporter -->
<testsuite skipped="0" hostname="EC2AMAZ-SFN1RDI" name="com.nbcd.Test.TCSearchScheduleVerify_ReusableSearch_Bar_Promt_message" tests="1" failures="0" timestamp="11 Apr 2018 05:25:04 GMT" time="6.078" errors="0">
  <testcase name="ScheduleVerify_ReusableSearch_Bar_Promt_message" time="6.078" classname="com.nbcd.Test.TCSearchScheduleVerify_ReusableSearch_Bar_Promt_message"/>
</testsuite> <!-- com.nbcd.Test.TCSearchScheduleVerify_ReusableSearch_Bar_Promt_message -->
