<?xml version="1.0" encoding="UTF-8"?>
<!-- Generated by org.testng.reporters.JUnitReportReporter -->
<testsuite skipped="0" hostname="EC2AMAZ-SFN1RDI" name="com.nbcd.Test.TCShowHomePage_Verify_NBCRESP_3715" tests="1" failures="0" timestamp="11 Apr 2018 05:25:04 GMT" time="10.020" errors="0">
  <testcase name="Verify_NBCRESP_3715" time="10.020" classname="com.nbcd.Test.TCShowHomePage_Verify_NBCRESP_3715"/>
</testsuite> <!-- com.nbcd.Test.TCShowHomePage_Verify_NBCRESP_3715 -->
