<?xml version="1.0" encoding="UTF-8"?>
<!-- Generated by org.testng.reporters.JUnitReportReporter -->
<testsuite skipped="0" hostname="EC2AMAZ-SFN1RDI" name="com.nbcd.Test.TCCreditDetailsPage_Verify_Credit_Role_as_Contestant_NBCRESP_1307" tests="1" failures="0" timestamp="11 Apr 2018 05:25:05 GMT" time="94.584" errors="0">
  <testcase name="Verify_Credit_Role_as_Contestant_NBCRESP_1307" time="94.584" classname="com.nbcd.Test.TCCreditDetailsPage_Verify_Credit_Role_as_Contestant_NBCRESP_1307"/>
</testsuite> <!-- com.nbcd.Test.TCCreditDetailsPage_Verify_Credit_Role_as_Contestant_NBCRESP_1307 -->
