<?xml version="1.0" encoding="UTF-8"?>
<!-- Generated by org.testng.reporters.JUnitReportReporter -->
<testsuite skipped="0" hostname="LTUS43208" name="com.nbcd.Test.TCActivationPage_VerifyURLPathingRoutingactivation" tests="1" failures="0" timestamp="04 Dec 2017 21:00:59 GMT" time="34.842" errors="0">
  <testcase name="VerifyURLPathingRoutingactivation" time="34.842" classname="com.nbcd.Test.TCActivationPage_VerifyURLPathingRoutingactivation"/>
</testsuite> <!-- com.nbcd.Test.TCActivationPage_VerifyURLPathingRoutingactivation -->
