<?xml version="1.0" encoding="UTF-8"?>
<!-- Generated by org.testng.reporters.JUnitReportReporter -->
<testsuite skipped="0" hostname="LTUS43208" name="com.nbcd.Test.TCContactUsPage" tests="1" failures="0" timestamp="04 Dec 2017 21:00:59 GMT" time="11.484" errors="0">
  <testcase name="VerifyErrMsgInvalidEmailId" time="11.484" classname="com.nbcd.Test.TCContactUsPage"/>
</testsuite> <!-- com.nbcd.Test.TCContactUsPage -->
