<?xml version="1.0" encoding="UTF-8"?>
<!-- Generated by org.testng.reporters.JUnitReportReporter -->
<testsuite skipped="0" hostname="EC2AMAZ-SFN1RDI" name="com.nbcd.Test.TCCreditLandingPage_Verify_Credit_Role_As_Contestant_NBCRESP_1312" tests="1" failures="0" timestamp="11 Apr 2018 05:25:03 GMT" time="12.893" errors="0">
  <testcase name="TCCreditLandingPage_Verify_Credit_Role_Contestant" time="12.893" classname="com.nbcd.Test.TCCreditLandingPage_Verify_Credit_Role_As_Contestant_NBCRESP_1312"/>
</testsuite> <!-- com.nbcd.Test.TCCreditLandingPage_Verify_Credit_Role_As_Contestant_NBCRESP_1312 -->
