<?xml version="1.0" encoding="UTF-8"?>
<!-- Generated by org.testng.reporters.JUnitReportReporter -->
<testsuite skipped="0" hostname="EC2AMAZ-SFN1RDI" name="com.nbcd.Test.TCIdentity_Verify_NBCRESP_5711" tests="1" failures="0" timestamp="11 Apr 2018 05:25:05 GMT" time="8.138" errors="0">
  <testcase name="Verifyredirect_5711" time="8.138" classname="com.nbcd.Test.TCIdentity_Verify_NBCRESP_5711"/>
</testsuite> <!-- com.nbcd.Test.TCIdentity_Verify_NBCRESP_5711 -->
