<?xml version="1.0" encoding="UTF-8"?>
<!-- Generated by org.testng.reporters.JUnitReportReporter -->
<testsuite skipped="0" hostname="EC2AMAZ-SFN1RDI" name="com.nbcd.Test.TCSearchAppsPageVerify_X_Icon" tests="1" failures="0" timestamp="11 Apr 2018 05:25:04 GMT" time="16.590" errors="0">
  <testcase name="AppsPageVerify_X_Icon" time="16.590" classname="com.nbcd.Test.TCSearchAppsPageVerify_X_Icon"/>
</testsuite> <!-- com.nbcd.Test.TCSearchAppsPageVerify_X_Icon -->
