<?xml version="1.0" encoding="UTF-8"?>
<!-- Generated by org.testng.reporters.JUnitReportReporter -->
<testsuite skipped="0" hostname="EC2AMAZ-SFN1RDI" name="com.nbcd.Test.TCShowHomePage_Verify_NoMarketingband_3704" tests="1" failures="0" timestamp="11 Apr 2018 05:25:05 GMT" time="5.514" errors="0">
  <testcase name="Verify_NoMarketingband_3704" time="5.514" classname="com.nbcd.Test.TCShowHomePage_Verify_NoMarketingband_3704"/>
</testsuite> <!-- com.nbcd.Test.TCShowHomePage_Verify_NoMarketingband_3704 -->
