<?xml version="1.0" encoding="UTF-8"?>
<!-- Generated by org.testng.reporters.JUnitReportReporter -->
<testsuite skipped="0" hostname="EC2AMAZ-SFN1RDI" name="com.nbcd.Test.TCShowHomePage_Verify_Responsive_Navigation_Bar_DBB_3060" tests="1" failures="0" timestamp="11 Apr 2018 05:25:04 GMT" time="8.994" errors="0">
  <testcase name="Verify_Responsive_Navigation_Bar" time="8.994" classname="com.nbcd.Test.TCShowHomePage_Verify_Responsive_Navigation_Bar_DBB_3060"/>
</testsuite> <!-- com.nbcd.Test.TCShowHomePage_Verify_Responsive_Navigation_Bar_DBB_3060 -->
