<?xml version="1.0" encoding="UTF-8"?>
<!-- Generated by org.testng.reporters.JUnitReportReporter -->
<testsuite skipped="0" hostname="EC2AMAZ-SFN1RDI" name="com.nbcd.Test.TCShowHomePage_Verify_Dynamic_Lead_Slide_NBCRESP_1163" tests="1" failures="0" timestamp="11 Apr 2018 05:25:04 GMT" time="11.260" errors="0">
  <testcase name="Verify_Dynamic_Lead_Slide" time="11.260" classname="com.nbcd.Test.TCShowHomePage_Verify_Dynamic_Lead_Slide_NBCRESP_1163"/>
</testsuite> <!-- com.nbcd.Test.TCShowHomePage_Verify_Dynamic_Lead_Slide_NBCRESP_1163 -->
