<?xml version="1.0" encoding="UTF-8"?>
<!-- Generated by org.testng.reporters.JUnitReportReporter -->
<testsuite skipped="0" hostname="EC2AMAZ-SFN1RDI" name="com.nbcd.Test.TCTSJFGuestDetailPage_Verifyanimations_2225" tests="1" failures="0" timestamp="11 Apr 2018 05:25:04 GMT" time="54.051" errors="0">
  <testcase name="Verifyanimations_2225" time="54.051" classname="com.nbcd.Test.TCTSJFGuestDetailPage_Verifyanimations_2225"/>
</testsuite> <!-- com.nbcd.Test.TCTSJFGuestDetailPage_Verifyanimations_2225 -->
