<?xml version="1.0" encoding="UTF-8"?>
<!-- Generated by org.testng.reporters.JUnitReportReporter -->
<testsuite skipped="0" hostname="AMB00966.local" name="com.nbcd.Test.TCandroid_VerifyHowCanWeHelp_NAF_4728" tests="1" failures="0" timestamp="02 May 2018 06:27:16 GMT" time="144.506" errors="0">
  <testcase name="android_Settings" time="144.506" classname="com.nbcd.Test.TCandroid_VerifyHowCanWeHelp_NAF_4728"/>
</testsuite> <!-- com.nbcd.Test.TCandroid_VerifyHowCanWeHelp_NAF_4728 -->
