<?xml version="1.0" encoding="UTF-8"?>
<!-- Generated by org.testng.reporters.JUnitReportReporter -->
<testsuite skipped="0" hostname="EC2AMAZ-SFN1RDI" name="com.nbcd.Test.TCSearchReusable_VideoDetailpageVerify_Episode_meta_data" tests="1" failures="0" timestamp="11 Apr 2018 05:25:05 GMT" time="30.767" errors="0">
  <testcase name="VideoDetailpageVerify_Episode_meta_data" time="30.767" classname="com.nbcd.Test.TCSearchReusable_VideoDetailpageVerify_Episode_meta_data"/>
</testsuite> <!-- com.nbcd.Test.TCSearchReusable_VideoDetailpageVerify_Episode_meta_data -->
