<?xml version="1.0" encoding="UTF-8"?>
<!-- Generated by org.testng.reporters.JUnitReportReporter -->
<testsuite skipped="0" hostname="EC2AMAZ-SFN1RDI" name="com.nbcd.Test.TCScalableSweeps_Imagemaps_Mob_3226" tests="1" failures="0" timestamp="10 Apr 2018 13:52:32 GMT" time="96.906" errors="0">
  <testcase name="TCScalableSweeps_Imagemaps1_Mob_3226" time="96.906" classname="com.nbcd.Test.TCScalableSweeps_Imagemaps_Mob_3226"/>
</testsuite> <!-- com.nbcd.Test.TCScalableSweeps_Imagemaps_Mob_3226 -->
