<?xml version="1.0" encoding="UTF-8"?>
<!-- Generated by org.testng.reporters.JUnitReportReporter -->
<testsuite skipped="0" hostname="EC2AMAZ-SFN1RDI" name="com.nbcd.Test.TCScalableSweeps_Desktop_Confirmationmessage_sweepsSocial_3261" tests="1" failures="0" timestamp="11 Apr 2018 05:25:05 GMT" time="60.017" errors="0">
  <testcase name="Desktop_Verify_NBCRESP_3231" time="60.017" classname="com.nbcd.Test.TCScalableSweeps_Desktop_Confirmationmessage_sweepsSocial_3261"/>
</testsuite> <!-- com.nbcd.Test.TCScalableSweeps_Desktop_Confirmationmessage_sweepsSocial_3261 -->
