<?xml version="1.0" encoding="UTF-8"?>
<!-- Generated by org.testng.reporters.JUnitReportReporter -->
<testsuite skipped="0" hostname="EC2AMAZ-SFN1RDI" name="com.nbcd.Test.TCTSJFGuestDetailPage_GuestDetailsArea_2215" tests="1" failures="0" timestamp="11 Apr 2018 05:25:05 GMT" time="20.356" errors="0">
  <testcase name="GuestDetailsArea_2215" time="20.356" classname="com.nbcd.Test.TCTSJFGuestDetailPage_GuestDetailsArea_2215"/>
</testsuite> <!-- com.nbcd.Test.TCTSJFGuestDetailPage_GuestDetailsArea_2215 -->
