<?xml version="1.0" encoding="UTF-8"?>
<!-- Generated by org.testng.reporters.JUnitReportReporter -->
<testsuite skipped="0" hostname="EC2AMAZ-SFN1RDI" name="com.nbcd.Test.TCSearchLiveVerify_search_returns_1_result" tests="1" failures="0" timestamp="11 Apr 2018 05:25:03 GMT" time="19.305" errors="0">
  <testcase name="LiveVerify_search_returns_1_result" time="19.305" classname="com.nbcd.Test.TCSearchLiveVerify_search_returns_1_result"/>
</testsuite> <!-- com.nbcd.Test.TCSearchLiveVerify_search_returns_1_result -->
