<?xml version="1.0" encoding="UTF-8"?>
<!-- Generated by org.testng.reporters.JUnitReportReporter -->
<testsuite skipped="0" hostname="EC2AMAZ-SFN1RDI" name="com.nbcd.Test.TCShowVideoDetailPage_NBCRESP_1654" tests="1" failures="0" timestamp="10 Apr 2018 13:52:32 GMT" time="108.109" errors="0">
  <testcase name="Verify_NBCRESP_1654" time="108.109" classname="com.nbcd.Test.TCShowVideoDetailPage_NBCRESP_1654"/>
</testsuite> <!-- com.nbcd.Test.TCShowVideoDetailPage_NBCRESP_1654 -->
