<?xml version="1.0" encoding="UTF-8"?>
<!-- Generated by org.testng.reporters.JUnitReportReporter -->
<testsuite skipped="0" hostname="EC2AMAZ-SFN1RDI" name="com.nbcd.Test.TCContact_Desktop_MistypeurlcontactusredirectsContactUs_NBCRESP_6030" tests="1" failures="0" timestamp="11 Apr 2018 05:25:04 GMT" time="39.115" errors="0">
  <testcase name="Desktop_MistypeurlcontactusredirectsContactUs_NBCRESP_6030" time="39.115" classname="com.nbcd.Test.TCContact_Desktop_MistypeurlcontactusredirectsContactUs_NBCRESP_6030"/>
</testsuite> <!-- com.nbcd.Test.TCContact_Desktop_MistypeurlcontactusredirectsContactUs_NBCRESP_6030 -->
