<?xml version="1.0" encoding="UTF-8"?>
<!-- Generated by org.testng.reporters.JUnitReportReporter -->
<testsuite skipped="0" hostname="EC2AMAZ-SFN1RDI" name="com.nbcd.Test.TCCreditLandingPage_Verify_Credit_Role_as_OtherThanCoachorContestant_NBCRESP_1341" tests="1" failures="0" timestamp="11 Apr 2018 05:25:05 GMT" time="21.281" errors="0">
  <testcase name="Verify_Credit_Role_as_OtherThanCoachorContestant_NBCRESP_1341" time="21.281" classname="com.nbcd.Test.TCCreditLandingPage_Verify_Credit_Role_as_OtherThanCoachorContestant_NBCRESP_1341"/>
</testsuite> <!-- com.nbcd.Test.TCCreditLandingPage_Verify_Credit_Role_as_OtherThanCoachorContestant_NBCRESP_1341 -->
