<?xml version="1.0" encoding="UTF-8"?>
<!-- Generated by org.testng.reporters.JUnitReportReporter -->
<testsuite skipped="0" hostname="EC2AMAZ-SFN1RDI" name="com.nbcd.Test.TCIdentity_Mobile_favorites_functionality" tests="1" failures="0" timestamp="10 Apr 2018 13:52:32 GMT" time="197.953" errors="0">
  <testcase name="Mobile_favorites_functionality" time="197.953" classname="com.nbcd.Test.TCIdentity_Mobile_favorites_functionality"/>
</testsuite> <!-- com.nbcd.Test.TCIdentity_Mobile_favorites_functionality -->
