<?xml version="1.0" encoding="UTF-8"?>
<!-- Generated by org.testng.reporters.JUnitReportReporter -->
<testsuite skipped="0" hostname="EC2AMAZ-SFN1RDI" name="com.nbcd.Test.TCSchedulePage_Verify_Schedule_Page_Appending_url_NBCRESP_1054" tests="1" failures="0" timestamp="11 Apr 2018 05:25:05 GMT" time="31.055" errors="0">
  <testcase name="Verify_Schedule_Page_Appending_url_NBCRESP_1054" time="31.055" classname="com.nbcd.Test.TCSchedulePage_Verify_Schedule_Page_Appending_url_NBCRESP_1054"/>
</testsuite> <!-- com.nbcd.Test.TCSchedulePage_Verify_Schedule_Page_Appending_url_NBCRESP_1054 -->
