<?xml version="1.0" encoding="UTF-8"?>
<!-- Generated by org.testng.reporters.JUnitReportReporter -->
<testsuite skipped="0" hostname="EC2AMAZ-SFN1RDI" name="com.nbcd.Test.TCActivationPage_VerifyGeneralLayout_2607" tests="1" failures="0" timestamp="11 Apr 2018 05:25:04 GMT" time="22.399" errors="0">
  <testcase name="VerifyGeneralLayout" time="22.399" classname="com.nbcd.Test.TCActivationPage_VerifyGeneralLayout_2607"/>
</testsuite> <!-- com.nbcd.Test.TCActivationPage_VerifyGeneralLayout_2607 -->
