<?xml version="1.0" encoding="UTF-8"?>
<!-- Generated by org.testng.reporters.JUnitReportReporter -->
<testsuite skipped="0" hostname="LT087158" name="com.nbcd.Test.TCAndroid_Schedule_Verify_Schedule_NAF_3542" tests="1" failures="0" timestamp="04 Jun 2018 10:42:48 GMT" time="2.596" errors="1">
  <testcase name="android_Verify_Schedule" time="2.596" classname="com.nbcd.Test.TCAndroid_Schedule_Verify_Schedule_NAF_3542">
    <error type="java.lang.IndexOutOfBoundsException" message="Index: 26, Size: 0">
      <![CDATA[java.lang.IndexOutOfBoundsException: Index: 26, Size: 0
	at java.util.ArrayList.rangeCheck(Unknown Source)
	at java.util.ArrayList.get(Unknown Source)
	at com.nbcd.Pages.PGAndroidApp.android_Verify_Episode_Metadata(PGAndroidApp.java:1283)
	at com.nbcd.Test.TCAndroid_Schedule_Verify_Schedule_NAF_3542.android_Verify_Schedule(TCAndroid_Schedule_Verify_Schedule_NAF_3542.java:33)
	at sun.reflect.NativeMethodAccessorImpl.invoke0(Native Method)
	at sun.reflect.NativeMethodAccessorImpl.invoke(Unknown Source)
	at sun.reflect.DelegatingMethodAccessorImpl.invoke(Unknown Source)
	at java.lang.reflect.Method.invoke(Unknown Source)
	at org.testng.internal.MethodInvocationHelper.invokeMethod(MethodInvocationHelper.java:108)
	at org.testng.internal.Invoker.invokeMethod(Invoker.java:661)
	at org.testng.internal.Invoker.invokeTestMethod(Invoker.java:869)
	at org.testng.internal.Invoker.invokeTestMethods(Invoker.java:1193)
	at org.testng.internal.TestMethodWorker.invokeTestMethods(TestMethodWorker.java:126)
	at org.testng.internal.TestMethodWorker.run(TestMethodWorker.java:109)
	at java.util.concurrent.ThreadPoolExecutor.runWorker(Unknown Source)
	at java.util.concurrent.ThreadPoolExecutor$Worker.run(Unknown Source)
	at java.lang.Thread.run(Unknown Source)
]]>
    </error>
  </testcase> <!-- android_Verify_Schedule -->
</testsuite> <!-- com.nbcd.Test.TCAndroid_Schedule_Verify_Schedule_NAF_3542 -->
