<?xml version="1.0" encoding="UTF-8"?>
<!-- Generated by org.testng.reporters.JUnitReportReporter -->
<testsuite skipped="0" hostname="EC2AMAZ-SFN1RDI" name="com.nbcd.Test.TCShowHomePage_Verify_Add_Guest_Schedule_DBB_3689" tests="1" failures="0" timestamp="11 Apr 2018 05:25:05 GMT" time="7.038" errors="0">
  <testcase name="Verify_Add_Guest_Schedule" time="7.038" classname="com.nbcd.Test.TCShowHomePage_Verify_Add_Guest_Schedule_DBB_3689"/>
</testsuite> <!-- com.nbcd.Test.TCShowHomePage_Verify_Add_Guest_Schedule_DBB_3689 -->
