<?xml version="1.0" encoding="UTF-8"?>
<!-- Generated by org.testng.reporters.JUnitReportReporter -->
<testsuite skipped="0" hostname="EC2AMAZ-SFN1RDI" name="com.nbcd.Test.TCSchedulePage_Verify_SchedulePage_Timeline_DBB_3815" tests="1" failures="0" timestamp="11 Apr 2018 05:25:04 GMT" time="10.814" errors="0">
  <testcase name="TCSchedulePage_VerifySchedulePageTimeline" time="10.814" classname="com.nbcd.Test.TCSchedulePage_Verify_SchedulePage_Timeline_DBB_3815"/>
</testsuite> <!-- com.nbcd.Test.TCSchedulePage_Verify_SchedulePage_Timeline_DBB_3815 -->
