<?xml version="1.0" encoding="UTF-8"?>
<!-- Generated by org.testng.reporters.JUnitReportReporter -->
<testsuite skipped="0" hostname="EC2AMAZ-SFN1RDI" name="com.nbcd.Test.TCShowInnerEpisode_Seasonimagemeta_NBCRESP_1082" tests="1" failures="0" timestamp="11 Apr 2018 05:25:05 GMT" time="10.586" errors="0">
  <testcase name="Seasonimagemeta" time="10.586" classname="com.nbcd.Test.TCShowInnerEpisode_Seasonimagemeta_NBCRESP_1082"/>
</testsuite> <!-- com.nbcd.Test.TCShowInnerEpisode_Seasonimagemeta_NBCRESP_1082 -->
