<?xml version="1.0" encoding="UTF-8"?>
<!-- Generated by org.testng.reporters.JUnitReportReporter -->
<testsuite skipped="0" hostname="LTUS43208" name="com.nbcd.Test.TCAllVideosPage_video_detail_page" tests="1" failures="0" timestamp="04 Dec 2017 21:00:59 GMT" time="22.767" errors="0">
  <testcase name="TCAllVideosPage_video_detailpage" time="22.767" classname="com.nbcd.Test.TCAllVideosPage_video_detail_page"/>
</testsuite> <!-- com.nbcd.Test.TCAllVideosPage_video_detail_page -->
