<?xml version="1.0" encoding="UTF-8"?>
<!-- Generated by org.testng.reporters.JUnitReportReporter -->
<testsuite skipped="0" hostname="EC2AMAZ-SFN1RDI" name="com.nbcd.Test.TCTSJFGuestDetailPage_GuestDetailsAreadetails_2230" tests="1" failures="0" timestamp="11 Apr 2018 05:25:04 GMT" time="8.575" errors="0">
  <testcase name="GuestDetailsAreadetails_2230" time="8.575" classname="com.nbcd.Test.TCTSJFGuestDetailPage_GuestDetailsAreadetails_2230"/>
</testsuite> <!-- com.nbcd.Test.TCTSJFGuestDetailPage_GuestDetailsAreadetails_2230 -->
