<?xml version="1.0" encoding="UTF-8"?>
<!-- Generated by org.testng.reporters.JUnitReportReporter -->
<testsuite skipped="0" hostname="EC2AMAZ-SFN1RDI" name="com.nbcd.Test.TCShowHomePage_Verify_Description_Canonical_DBB_3686" tests="1" failures="0" timestamp="11 Apr 2018 05:25:05 GMT" time="30.304" errors="0">
  <testcase name="Verify_Description_Canonical" time="30.304" classname="com.nbcd.Test.TCShowHomePage_Verify_Description_Canonical_DBB_3686"/>
</testsuite> <!-- com.nbcd.Test.TCShowHomePage_Verify_Description_Canonical_DBB_3686 -->
