<?xml version="1.0" encoding="UTF-8"?>
<!-- Generated by org.testng.reporters.JUnitReportReporter -->
<testsuite skipped="0" hostname="LTUS43208" name="com.nbcd.Test.TCAllShowsPage_VerifyAllShowPageThrowback" tests="1" failures="0" timestamp="04 Dec 2017 21:00:59 GMT" time="21.372" errors="0">
  <testcase name="VerifyAllShowPageThrowback" time="21.372" classname="com.nbcd.Test.TCAllShowsPage_VerifyAllShowPageThrowback"/>
</testsuite> <!-- com.nbcd.Test.TCAllShowsPage_VerifyAllShowPageThrowback -->
