<?xml version="1.0" encoding="UTF-8"?>
<!-- Generated by org.testng.reporters.JUnitReportReporter -->
<testsuite skipped="0" hostname="EC2AMAZ-SFN1RDI" name="com.nbcd.Test.TCScalableSweeps_Mob_Branding_withoutLink3201" tests="1" failures="0" timestamp="10 Apr 2018 13:52:33 GMT" time="67.874" errors="0">
  <testcase name="Mob_Branding_withoutLink" time="67.874" classname="com.nbcd.Test.TCScalableSweeps_Mob_Branding_withoutLink3201"/>
</testsuite> <!-- com.nbcd.Test.TCScalableSweeps_Mob_Branding_withoutLink3201 -->
