<?xml version="1.0" encoding="UTF-8"?>
<!-- Generated by org.testng.reporters.JUnitReportReporter -->
<testsuite skipped="0" hostname="EC2AMAZ-SFN1RDI" name="com.nbcd.Test.TCActivationPage_VerifyErrorMessageInvalidcodeAlphabetic_2613" tests="1" failures="0" timestamp="11 Apr 2018 05:25:04 GMT" time="22.936" errors="0">
  <testcase name="VerifyErrorMessageInvalidcodeAlphabetic_2613" time="22.936" classname="com.nbcd.Test.TCActivationPage_VerifyErrorMessageInvalidcodeAlphabetic_2613"/>
</testsuite> <!-- com.nbcd.Test.TCActivationPage_VerifyErrorMessageInvalidcodeAlphabetic_2613 -->
